https://www.wowkeren.com: {
    "http_version": "2",
    "remote_ip": "104.26.14.101",
    "remote_port": "443",
    "status": "ok",
    "time_appconnect": "0.063027",
    "time_connect": "0.017139",
    "time_namelookup": "0.016303",
    "time_pretransfer": "0.063131",
    "time_redirect": "0.000000",
    "time_starttransfer": "0.549198",
    "time_total": "1.116418",
    "website": "https://www.wowkeren.com"
}
https://www.fanfiction.net: {
    "http_version": "2",
    "remote_ip": "104.18.19.242",
    "remote_port": "443",
    "status": "ok",
    "time_appconnect": "0.035428",
    "time_connect": "0.008835",
    "time_namelookup": "0.007839",
    "time_pretransfer": "0.035580",
    "time_redirect": "0.000000",
    "time_starttransfer": "0.045928",
    "time_total": "0.046116",
    "website": "https://www.fanfiction.net"
}
https://www.akhbarelyom.com: {
    "http_version": "2",
    "remote_ip": "104.26.0.102",
    "remote_port": "443",
    "status": "ok",
    "time_appconnect": "0.023651",
    "time_connect": "0.007600",
    "time_namelookup": "0.006315",
    "time_pretransfer": "0.023831",
    "time_redirect": "0.000000",
    "time_starttransfer": "0.033803",
    "time_total": "0.033870",
    "website": "https://www.akhbarelyom.com"
}
https://www.law.com: {
    "http_version": "2",
    "remote_ip": "104.18.15.209",
    "remote_port": "443",
    "status": "ok",
    "time_appconnect": "0.027557",
    "time_connect": "0.006734",
    "time_namelookup": "0.005799",
    "time_pretransfer": "0.027713",
    "time_redirect": "0.000000",
    "time_starttransfer": "0.471532",
    "time_total": "0.471653",
    "website": "https://www.law.com"
}
https://www.google.com.bd: {
    "http_version": "2",
    "remote_ip": "172.217.23.131",
    "remote_port": "443",
    "status": "ok",
    "time_appconnect": "0.031657",
    "time_connect": "0.013306",
    "time_namelookup": "0.010861",
    "time_pretransfer": "0.031793",
    "time_redirect": "0.000000",
    "time_starttransfer": "0.071550",
    "time_total": "0.072021",
    "website": "https://www.google.com.bd"
}
https://www.worldwildlife.org: {
    "http_version": "2",
    "remote_ip": "104.18.23.220",
    "remote_port": "443",
    "status": "ok",
    "time_appconnect": "0.024688",
    "time_connect": "0.007610",
    "time_namelookup": "0.006448",
    "time_pretransfer": "0.024833",
    "time_redirect": "0.000000",
    "time_starttransfer": "0.533448",
    "time_total": "0.631917",
    "website": "https://www.worldwildlife.org"
}
https://www.whitepages.com: {
    "http_version": "2",
    "remote_ip": "104.18.22.138",
    "remote_port": "443",
    "status": "ok",
    "time_appconnect": "0.032074",
    "time_connect": "0.011219",
    "time_namelookup": "0.010344",
    "time_pretransfer": "0.032161",
    "time_redirect": "0.000000",
    "time_starttransfer": "0.052763",
    "time_total": "0.052863",
    "website": "https://www.whitepages.com"
}
https://www.google.no: {
    "http_version": "2",
    "remote_ip": "172.217.22.67",
    "remote_port": "443",
    "status": "ok",
    "time_appconnect": "0.029472",
    "time_connect": "0.012076",
    "time_namelookup": "0.010798",
    "time_pretransfer": "0.029557",
    "time_redirect": "0.000000",
    "time_starttransfer": "0.067529",
    "time_total": "0.068086",
    "website": "https://www.google.no"
}
https://www.roozaneh.net: {
    "http_version": "2",
    "remote_ip": "104.18.53.242",
    "remote_port": "443",
    "status": "ok",
    "time_appconnect": "0.040290",
    "time_connect": "0.016310",
    "time_namelookup": "0.005359",
    "time_pretransfer": "0.040433",
    "time_redirect": "0.000000",
    "time_starttransfer": "0.111081",
    "time_total": "0.111127",
    "website": "https://www.roozaneh.net"
}
https://www.panoramio.com: {
    "http_version": "2",
    "remote_ip": "172.217.23.174",
    "remote_port": "443",
    "status": "ok",
    "time_appconnect": "0.030905",
    "time_connect": "0.013075",
    "time_namelookup": "0.010682",
    "time_pretransfer": "0.031155",
    "time_redirect": "0.000000",
    "time_starttransfer": "0.040348",
    "time_total": "0.040453",
    "website": "https://www.panoramio.com"
}
https://www.wpastra.com: {
    "http_version": "2",
    "remote_ip": "104.27.147.225",
    "remote_port": "443",
    "status": "ok",
    "time_appconnect": "0.037060",
    "time_connect": "0.014278",
    "time_namelookup": "0.005493",
    "time_pretransfer": "0.037148",
    "time_redirect": "0.000000",
    "time_starttransfer": "0.523469",
    "time_total": "0.523519",
    "website": "https://www.wpastra.com"
}
https://www.ad4m.at: {
    "http_version": "2",
    "remote_ip": "104.26.11.209",
    "remote_port": "443",
    "status": "ok",
    "time_appconnect": "0.027235",
    "time_connect": "0.007741",
    "time_namelookup": "0.006372",
    "time_pretransfer": "0.027342",
    "time_redirect": "0.000000",
    "time_starttransfer": "0.078406",
    "time_total": "0.078495",
    "website": "https://www.ad4m.at"
}
https://www.standardmedia.co.ke: {
    "http_version": "2",
    "remote_ip": "104.20.205.58",
    "remote_port": "443",
    "status": "ok",
    "time_appconnect": "0.041105",
    "time_connect": "0.013914",
    "time_namelookup": "0.013043",
    "time_pretransfer": "0.041246",
    "time_redirect": "0.000000",
    "time_starttransfer": "0.399701",
    "time_total": "0.400956",
    "website": "https://www.standardmedia.co.ke"
}
https://www.css-tricks.com: {
    "http_version": "2",
    "remote_ip": "172.67.74.18",
    "remote_port": "443",
    "status": "ok",
    "time_appconnect": "0.050486",
    "time_connect": "0.022596",
    "time_namelookup": "0.013926",
    "time_pretransfer": "0.050580",
    "time_redirect": "0.000000",
    "time_starttransfer": "0.361145",
    "time_total": "0.361247",
    "website": "https://www.css-tricks.com"
}
https://www.royalcbd.com: {
    "http_version": "2",
    "remote_ip": "104.22.7.147",
    "remote_port": "443",
    "status": "ok",
    "time_appconnect": "0.039845",
    "time_connect": "0.009209",
    "time_namelookup": "0.008010",
    "time_pretransfer": "0.039979",
    "time_redirect": "0.000000",
    "time_starttransfer": "0.086377",
    "time_total": "0.086653",
    "website": "https://www.royalcbd.com"
}
https://www.google.kz: {
    "http_version": "2",
    "remote_ip": "216.58.207.67",
    "remote_port": "443",
    "status": "ok",
    "time_appconnect": "0.037281",
    "time_connect": "0.011771",
    "time_namelookup": "0.010461",
    "time_pretransfer": "0.037407",
    "time_redirect": "0.000000",
    "time_starttransfer": "0.081442",
    "time_total": "0.081625",
    "website": "https://www.google.kz"
}
https://www.leo.org: {
    "http_version": "2",
    "remote_ip": "104.22.76.215",
    "remote_port": "443",
    "status": "ok",
    "time_appconnect": "0.028061",
    "time_connect": "0.007423",
    "time_namelookup": "0.006495",
    "time_pretransfer": "0.028204",
    "time_redirect": "0.000000",
    "time_starttransfer": "0.117911",
    "time_total": "0.118024",
    "website": "https://www.leo.org"
}
https://www.poki.com: {
    "http_version": "2",
    "remote_ip": "104.16.208.71",
    "remote_port": "443",
    "status": "ok",
    "time_appconnect": "0.029902",
    "time_connect": "0.013722",
    "time_namelookup": "0.012432",
    "time_pretransfer": "0.030019",
    "time_redirect": "0.000000",
    "time_starttransfer": "0.180540",
    "time_total": "0.180625",
    "website": "https://www.poki.com"
}
https://www.googlecode.com: {
    "http_version": "2",
    "remote_ip": "64.233.167.82",
    "remote_port": "443",
    "status": "ok",
    "time_appconnect": "0.036847",
    "time_connect": "0.014421",
    "time_namelookup": "0.012966",
    "time_pretransfer": "0.036942",
    "time_redirect": "0.000000",
    "time_starttransfer": "0.037499",
    "time_total": "0.037579",
    "website": "https://www.googlecode.com"
}
https://www.parliament.uk: {
    "http_version": "2",
    "remote_ip": "104.17.151.48",
    "remote_port": "443",
    "status": "ok",
    "time_appconnect": "0.028462",
    "time_connect": "0.008386",
    "time_namelookup": "0.007225",
    "time_pretransfer": "0.028582",
    "time_redirect": "0.000000",
    "time_starttransfer": "0.290701",
    "time_total": "0.293152",
    "website": "https://www.parliament.uk"
}
https://www.vecteezy.com: {
    "http_version": "2",
    "remote_ip": "172.67.24.234",
    "remote_port": "443",
    "status": "ok",
    "time_appconnect": "0.031561",
    "time_connect": "0.009444",
    "time_namelookup": "0.007985",
    "time_pretransfer": "0.031749",
    "time_redirect": "0.000000",
    "time_starttransfer": "0.514626",
    "time_total": "0.601669",
    "website": "https://www.vecteezy.com"
}
https://www.uptobox.com: {
    "http_version": "2",
    "remote_ip": "104.22.52.218",
    "remote_port": "443",
    "status": "ok",
    "time_appconnect": "0.028438",
    "time_connect": "0.013109",
    "time_namelookup": "0.011726",
    "time_pretransfer": "0.028552",
    "time_redirect": "0.000000",
    "time_starttransfer": "0.047062",
    "time_total": "0.047133",
    "website": "https://www.uptobox.com"
}
https://www.adbtc.top: {
    "http_version": "2",
    "remote_ip": "104.26.12.89",
    "remote_port": "443",
    "status": "ok",
    "time_appconnect": "0.058708",
    "time_connect": "0.011792",
    "time_namelookup": "0.010933",
    "time_pretransfer": "0.058836",
    "time_redirect": "0.000000",
    "time_starttransfer": "0.096028",
    "time_total": "0.096135",
    "website": "https://www.adbtc.top"
}
https://www.glassdoor.co.in: {
    "http_version": "2",
    "remote_ip": "104.16.117.102",
    "remote_port": "443",
    "status": "ok",
    "time_appconnect": "0.032607",
    "time_connect": "0.011199",
    "time_namelookup": "0.010160",
    "time_pretransfer": "0.032744",
    "time_redirect": "0.000000",
    "time_starttransfer": "0.182708",
    "time_total": "0.182779",
    "website": "https://www.glassdoor.co.in"
}
https://www.adskeeper.co.uk: {
    "http_version": "2",
    "remote_ip": "104.19.131.80",
    "remote_port": "443",
    "status": "ok",
    "time_appconnect": "0.036289",
    "time_connect": "0.015493",
    "time_namelookup": "0.014569",
    "time_pretransfer": "0.036400",
    "time_redirect": "0.000000",
    "time_starttransfer": "0.090616",
    "time_total": "0.090722",
    "website": "https://www.adskeeper.co.uk"
}
https://www.ghanaweb.com: {
    "http_version": "2",
    "remote_ip": "104.17.199.96",
    "remote_port": "443",
    "status": "ok",
    "time_appconnect": "0.038923",
    "time_connect": "0.014278",
    "time_namelookup": "0.013141",
    "time_pretransfer": "0.039171",
    "time_redirect": "0.000000",
    "time_starttransfer": "0.052456",
    "time_total": "0.052506",
    "website": "https://www.ghanaweb.com"
}
https://www.blogspot.com.br: {
    "http_version": "2",
    "remote_ip": "172.217.22.41",
    "remote_port": "443",
    "status": "ok",
    "time_appconnect": "0.045688",
    "time_connect": "0.022987",
    "time_namelookup": "0.021737",
    "time_pretransfer": "0.045823",
    "time_redirect": "0.000000",
    "time_starttransfer": "0.616122",
    "time_total": "0.616254",
    "website": "https://www.blogspot.com.br"
}
https://www.google.lt: {
    "http_version": "2",
    "remote_ip": "216.58.212.163",
    "remote_port": "443",
    "status": "ok",
    "time_appconnect": "0.052696",
    "time_connect": "0.035128",
    "time_namelookup": "0.034285",
    "time_pretransfer": "0.052789",
    "time_redirect": "0.000000",
    "time_starttransfer": "0.092757",
    "time_total": "0.093136",
    "website": "https://www.google.lt"
}
https://www.blogspot.nl: {
    "http_version": "2",
    "remote_ip": "172.217.22.41",
    "remote_port": "443",
    "status": "ok",
    "time_appconnect": "0.034428",
    "time_connect": "0.015099",
    "time_namelookup": "0.013155",
    "time_pretransfer": "0.034555",
    "time_redirect": "0.000000",
    "time_starttransfer": "0.606189",
    "time_total": "0.606315",
    "website": "https://www.blogspot.nl"
}
https://www.marinetraffic.com: {
    "http_version": "2",
    "remote_ip": "104.18.12.142",
    "remote_port": "443",
    "status": "ok",
    "time_appconnect": "0.038138",
    "time_connect": "0.016760",
    "time_namelookup": "0.015868",
    "time_pretransfer": "0.038255",
    "time_redirect": "0.000000",
    "time_starttransfer": "0.112732",
    "time_total": "0.112833",
    "website": "https://www.marinetraffic.com"
}
https://www.esheeq.net: {
    "http_version": "2",
    "remote_ip": "104.26.11.74",
    "remote_port": "443",
    "status": "ok",
    "time_appconnect": "0.033670",
    "time_connect": "0.012841",
    "time_namelookup": "0.011677",
    "time_pretransfer": "0.033743",
    "time_redirect": "0.000000",
    "time_starttransfer": "0.054974",
    "time_total": "0.055147",
    "website": "https://www.esheeq.net"
}
https://www.whatismyipaddress.com: {
    "http_version": "2",
    "remote_ip": "104.16.154.36",
    "remote_port": "443",
    "status": "ok",
    "time_appconnect": "0.022360",
    "time_connect": "0.006149",
    "time_namelookup": "0.004920",
    "time_pretransfer": "0.022482",
    "time_redirect": "0.000000",
    "time_starttransfer": "0.041106",
    "time_total": "0.041197",
    "website": "https://www.whatismyipaddress.com"
}
https://www.blogspot.jp: {
    "http_version": "2",
    "remote_ip": "172.217.22.41",
    "remote_port": "443",
    "status": "ok",
    "time_appconnect": "0.031559",
    "time_connect": "0.013189",
    "time_namelookup": "0.012375",
    "time_pretransfer": "0.031751",
    "time_redirect": "0.000000",
    "time_starttransfer": "0.619005",
    "time_total": "0.619123",
    "website": "https://www.blogspot.jp"
}
https://www.watanserb.com: {
    "http_version": "2",
    "remote_ip": "104.26.7.79",
    "remote_port": "443",
    "status": "ok",
    "time_appconnect": "0.047085",
    "time_connect": "0.010219",
    "time_namelookup": "0.008680",
    "time_pretransfer": "0.047221",
    "time_redirect": "0.000000",
    "time_starttransfer": "0.420010",
    "time_total": "0.430072",
    "website": "https://www.watanserb.com"
}
https://www.schema.org: {
    "http_version": "2",
    "remote_ip": "172.217.23.174",
    "remote_port": "443",
    "status": "ok",
    "time_appconnect": "0.039795",
    "time_connect": "0.015426",
    "time_namelookup": "0.013891",
    "time_pretransfer": "0.039952",
    "time_redirect": "0.000000",
    "time_starttransfer": "0.149398",
    "time_total": "0.149560",
    "website": "https://www.schema.org"
}
https://www.google.com.qa: {
    "http_version": "2",
    "remote_ip": "216.58.212.131",
    "remote_port": "443",
    "status": "ok",
    "time_appconnect": "0.047568",
    "time_connect": "0.026709",
    "time_namelookup": "0.024735",
    "time_pretransfer": "0.047708",
    "time_redirect": "0.000000",
    "time_starttransfer": "0.086681",
    "time_total": "0.086930",
    "website": "https://www.google.com.qa"
}
https://www.google.co.ma: {
    "http_version": "2",
    "remote_ip": "172.217.16.195",
    "remote_port": "443",
    "status": "ok",
    "time_appconnect": "0.032400",
    "time_connect": "0.013298",
    "time_namelookup": "0.010359",
    "time_pretransfer": "0.032539",
    "time_redirect": "0.000000",
    "time_starttransfer": "0.070876",
    "time_total": "0.071231",
    "website": "https://www.google.co.ma"
}
https://www.thriveglobal.com: {
    "http_version": "2",
    "remote_ip": "104.22.30.175",
    "remote_port": "443",
    "status": "ok",
    "time_appconnect": "0.026866",
    "time_connect": "0.011069",
    "time_namelookup": "0.010010",
    "time_pretransfer": "0.027007",
    "time_redirect": "0.000000",
    "time_starttransfer": "0.047970",
    "time_total": "0.048018",
    "website": "https://www.thriveglobal.com"
}
https://www.adyen.com: {
    "http_version": "2",
    "remote_ip": "104.22.10.251",
    "remote_port": "443",
    "status": "ok",
    "time_appconnect": "0.046182",
    "time_connect": "0.015497",
    "time_namelookup": "0.014539",
    "time_pretransfer": "0.046288",
    "time_redirect": "0.000000",
    "time_starttransfer": "0.063766",
    "time_total": "0.065075",
    "website": "https://www.adyen.com"
}
https://www.zoomit.ir: {
    "http_version": "2",
    "remote_ip": "104.26.15.111",
    "remote_port": "443",
    "status": "ok",
    "time_appconnect": "0.042154",
    "time_connect": "0.026060",
    "time_namelookup": "0.025090",
    "time_pretransfer": "0.042268",
    "time_redirect": "0.000000",
    "time_starttransfer": "0.420144",
    "time_total": "0.578940",
    "website": "https://www.zoomit.ir"
}
https://www.tasteofhome.com: {
    "http_version": "2",
    "remote_ip": "104.18.20.39",
    "remote_port": "443",
    "status": "ok",
    "time_appconnect": "0.021499",
    "time_connect": "0.006670",
    "time_namelookup": "0.005542",
    "time_pretransfer": "0.021660",
    "time_redirect": "0.000000",
    "time_starttransfer": "0.049558",
    "time_total": "0.051802",
    "website": "https://www.tasteofhome.com"
}
https://www.google.com.ly: {
    "http_version": "2",
    "remote_ip": "172.217.16.131",
    "remote_port": "443",
    "status": "ok",
    "time_appconnect": "0.200525",
    "time_connect": "0.177450",
    "time_namelookup": "0.176079",
    "time_pretransfer": "0.200627",
    "time_redirect": "0.000000",
    "time_starttransfer": "0.260029",
    "time_total": "0.260426",
    "website": "https://www.google.com.ly"
}
https://www.google.by: {
    "http_version": "2",
    "remote_ip": "172.217.23.163",
    "remote_port": "443",
    "status": "ok",
    "time_appconnect": "0.033499",
    "time_connect": "0.011827",
    "time_namelookup": "0.010362",
    "time_pretransfer": "0.033605",
    "time_redirect": "0.000000",
    "time_starttransfer": "0.073037",
    "time_total": "0.073266",
    "website": "https://www.google.by"
}
https://www.vklass.se: {
    "http_version": "2",
    "remote_ip": "104.22.55.170",
    "remote_port": "443",
    "status": "ok",
    "time_appconnect": "0.019419",
    "time_connect": "0.006771",
    "time_namelookup": "0.005892",
    "time_pretransfer": "0.019516",
    "time_redirect": "0.000000",
    "time_starttransfer": "0.150844",
    "time_total": "0.150945",
    "website": "https://www.vklass.se"
}
https://www.beauty321.com: {
    "http_version": "2",
    "remote_ip": "104.26.13.68",
    "remote_port": "443",
    "status": "ok",
    "time_appconnect": "0.022450",
    "time_connect": "0.008150",
    "time_namelookup": "0.006621",
    "time_pretransfer": "0.022559",
    "time_redirect": "0.000000",
    "time_starttransfer": "2.037825",
    "time_total": "2.038128",
    "website": "https://www.beauty321.com"
}
https://www.jagonews24.com: {
    "http_version": "2",
    "remote_ip": "104.25.238.57",
    "remote_port": "443",
    "status": "ok",
    "time_appconnect": "0.063567",
    "time_connect": "0.029999",
    "time_namelookup": "0.021498",
    "time_pretransfer": "0.063671",
    "time_redirect": "0.000000",
    "time_starttransfer": "1.017028",
    "time_total": "1.045309",
    "website": "https://www.jagonews24.com"
}
https://www.crowd1.com: {
    "http_version": "2",
    "remote_ip": "172.67.14.189",
    "remote_port": "443",
    "status": "ok",
    "time_appconnect": "0.031649",
    "time_connect": "0.008133",
    "time_namelookup": "0.006217",
    "time_pretransfer": "0.031756",
    "time_redirect": "0.000000",
    "time_starttransfer": "0.140180",
    "time_total": "0.140311",
    "website": "https://www.crowd1.com"
}
https://www.golang.org: {
    "http_version": "2",
    "remote_ip": "142.250.74.209",
    "remote_port": "443",
    "status": "ok",
    "time_appconnect": "0.036977",
    "time_connect": "0.011851",
    "time_namelookup": "0.010861",
    "time_pretransfer": "0.037125",
    "time_redirect": "0.000000",
    "time_starttransfer": "0.146335",
    "time_total": "0.146439",
    "website": "https://www.golang.org"
}
https://www.ennaharonline.com: {
    "http_version": "2",
    "remote_ip": "104.26.12.173",
    "remote_port": "443",
    "status": "ok",
    "time_appconnect": "0.037776",
    "time_connect": "0.012555",
    "time_namelookup": "0.011428",
    "time_pretransfer": "0.037882",
    "time_redirect": "0.000000",
    "time_starttransfer": "0.122514",
    "time_total": "0.126936",
    "website": "https://www.ennaharonline.com"
}
https://www.turbo.az: {
    "http_version": "2",
    "remote_ip": "104.26.2.137",
    "remote_port": "443",
    "status": "ok",
    "time_appconnect": "0.021230",
    "time_connect": "0.007659",
    "time_namelookup": "0.006426",
    "time_pretransfer": "0.021337",
    "time_redirect": "0.000000",
    "time_starttransfer": "0.083370",
    "time_total": "0.083488",
    "website": "https://www.turbo.az"
}
https://www.tap.az: {
    "http_version": "2",
    "remote_ip": "104.26.12.26",
    "remote_port": "443",
    "status": "ok",
    "time_appconnect": "0.020179",
    "time_connect": "0.006998",
    "time_namelookup": "0.005880",
    "time_pretransfer": "0.020299",
    "time_redirect": "0.000000",
    "time_starttransfer": "0.088317",
    "time_total": "0.088423",
    "website": "https://www.tap.az"
}
https://www.google.com.ec: {
    "http_version": "2",
    "remote_ip": "216.58.212.163",
    "remote_port": "443",
    "status": "ok",
    "time_appconnect": "0.031342",
    "time_connect": "0.013445",
    "time_namelookup": "0.012065",
    "time_pretransfer": "0.031428",
    "time_redirect": "0.000000",
    "time_starttransfer": "0.080988",
    "time_total": "0.081115",
    "website": "https://www.google.com.ec"
}
https://www.telugustop.com: {
    "http_version": "2",
    "remote_ip": "104.26.8.232",
    "remote_port": "443",
    "status": "ok",
    "time_appconnect": "0.028054",
    "time_connect": "0.009704",
    "time_namelookup": "0.008189",
    "time_pretransfer": "0.028166",
    "time_redirect": "0.000000",
    "time_starttransfer": "0.637002",
    "time_total": "0.637063",
    "website": "https://www.telugustop.com"
}
https://www.laleggepertutti.it: {
    "http_version": "2",
    "remote_ip": "104.16.94.96",
    "remote_port": "443",
    "status": "ok",
    "time_appconnect": "0.061506",
    "time_connect": "0.049409",
    "time_namelookup": "0.048300",
    "time_pretransfer": "0.061599",
    "time_redirect": "0.000000",
    "time_starttransfer": "0.162479",
    "time_total": "0.164766",
    "website": "https://www.laleggepertutti.it"
}
https://www.omegle.com: {
    "http_version": "2",
    "remote_ip": "104.23.141.25",
    "remote_port": "443",
    "status": "ok",
    "time_appconnect": "0.023602",
    "time_connect": "0.009202",
    "time_namelookup": "0.008252",
    "time_pretransfer": "0.023690",
    "time_redirect": "0.000000",
    "time_starttransfer": "0.032124",
    "time_total": "0.032310",
    "website": "https://www.omegle.com"
}
https://www.hltv.org: {
    "http_version": "2",
    "remote_ip": "104.18.3.89",
    "remote_port": "443",
    "status": "ok",
    "time_appconnect": "0.025309",
    "time_connect": "0.011645",
    "time_namelookup": "0.010433",
    "time_pretransfer": "0.025423",
    "time_redirect": "0.000000",
    "time_starttransfer": "0.091202",
    "time_total": "0.095781",
    "website": "https://www.hltv.org"
}
https://www.whmcs.com: {
    "http_version": "2",
    "remote_ip": "104.22.37.70",
    "remote_port": "443",
    "status": "ok",
    "time_appconnect": "0.024351",
    "time_connect": "0.007499",
    "time_namelookup": "0.006051",
    "time_pretransfer": "0.024460",
    "time_redirect": "0.000000",
    "time_starttransfer": "0.530467",
    "time_total": "0.530629",
    "website": "https://www.whmcs.com"
}
https://www.google.com.do: {
    "http_version": "2",
    "remote_ip": "142.250.74.195",
    "remote_port": "443",
    "status": "ok",
    "time_appconnect": "0.030015",
    "time_connect": "0.011662",
    "time_namelookup": "0.010361",
    "time_pretransfer": "0.030105",
    "time_redirect": "0.000000",
    "time_starttransfer": "0.072595",
    "time_total": "0.072982",
    "website": "https://www.google.com.do"
}
https://www.socialmediaexaminer.com: {
    "http_version": "2",
    "remote_ip": "104.26.6.221",
    "remote_port": "443",
    "status": "ok",
    "time_appconnect": "0.030434",
    "time_connect": "0.011588",
    "time_namelookup": "0.010057",
    "time_pretransfer": "0.030519",
    "time_redirect": "0.000000",
    "time_starttransfer": "0.067311",
    "time_total": "0.151323",
    "website": "https://www.socialmediaexaminer.com"
}
https://www.vitalsource.com: {
    "http_version": "2",
    "remote_ip": "104.17.65.241",
    "remote_port": "443",
    "status": "ok",
    "time_appconnect": "0.033588",
    "time_connect": "0.007176",
    "time_namelookup": "0.006290",
    "time_pretransfer": "0.033680",
    "time_redirect": "0.000000",
    "time_starttransfer": "0.394308",
    "time_total": "0.415591",
    "website": "https://www.vitalsource.com"
}
https://www.jut.su: {
    "http_version": "2",
    "remote_ip": "104.26.11.147",
    "remote_port": "443",
    "status": "ok",
    "time_appconnect": "0.025128",
    "time_connect": "0.006609",
    "time_namelookup": "0.005903",
    "time_pretransfer": "0.025231",
    "time_redirect": "0.000000",
    "time_starttransfer": "0.073424",
    "time_total": "0.073654",
    "website": "https://www.jut.su"
}
https://www.fragrantica.com: {
    "http_version": "2",
    "remote_ip": "104.17.2.6",
    "remote_port": "443",
    "status": "ok",
    "time_appconnect": "0.043398",
    "time_connect": "0.020823",
    "time_namelookup": "0.019734",
    "time_pretransfer": "0.043573",
    "time_redirect": "0.000000",
    "time_starttransfer": "0.218319",
    "time_total": "0.218424",
    "website": "https://www.fragrantica.com"
}
https://www.pmi.org: {
    "http_version": "2",
    "remote_ip": "104.17.179.183",
    "remote_port": "443",
    "status": "ok",
    "time_appconnect": "0.111315",
    "time_connect": "0.094398",
    "time_namelookup": "0.093625",
    "time_pretransfer": "0.111465",
    "time_redirect": "0.000000",
    "time_starttransfer": "0.129008",
    "time_total": "0.129108",
    "website": "https://www.pmi.org"
}
https://www.androidpolice.com: {
    "http_version": "2",
    "remote_ip": "104.18.170.13",
    "remote_port": "443",
    "status": "ok",
    "time_appconnect": "0.027115",
    "time_connect": "0.008786",
    "time_namelookup": "0.007611",
    "time_pretransfer": "0.027219",
    "time_redirect": "0.000000",
    "time_starttransfer": "0.244276",
    "time_total": "0.244339",
    "website": "https://www.androidpolice.com"
}
https://www.annals.org: {
    "http_version": "2",
    "remote_ip": "104.31.66.154",
    "remote_port": "443",
    "status": "ok",
    "time_appconnect": "0.066111",
    "time_connect": "0.043166",
    "time_namelookup": "0.034530",
    "time_pretransfer": "0.066232",
    "time_redirect": "0.000000",
    "time_starttransfer": "0.259083",
    "time_total": "0.259139",
    "website": "https://www.annals.org"
}
https://www.coingecko.com: {
    "http_version": "2",
    "remote_ip": "104.18.5.127",
    "remote_port": "443",
    "status": "ok",
    "time_appconnect": "0.020595",
    "time_connect": "0.006812",
    "time_namelookup": "0.005973",
    "time_pretransfer": "0.020687",
    "time_redirect": "0.000000",
    "time_starttransfer": "0.170032",
    "time_total": "0.170121",
    "website": "https://www.coingecko.com"
}
https://www.acpjournals.org: {
    "http_version": "2",
    "remote_ip": "104.18.14.168",
    "remote_port": "443",
    "status": "ok",
    "time_appconnect": "0.054387",
    "time_connect": "0.038863",
    "time_namelookup": "0.038066",
    "time_pretransfer": "0.054482",
    "time_redirect": "0.000000",
    "time_starttransfer": "0.718912",
    "time_total": "0.718998",
    "website": "https://www.acpjournals.org"
}
https://www.google.com.kw: {
    "http_version": "2",
    "remote_ip": "172.217.23.99",
    "remote_port": "443",
    "status": "ok",
    "time_appconnect": "0.032575",
    "time_connect": "0.013301",
    "time_namelookup": "0.010619",
    "time_pretransfer": "0.032689",
    "time_redirect": "0.000000",
    "time_starttransfer": "0.073415",
    "time_total": "0.073563",
    "website": "https://www.google.com.kw"
}
https://www.fishki.net: {
    "http_version": "2",
    "remote_ip": "104.26.0.138",
    "remote_port": "443",
    "status": "ok",
    "time_appconnect": "0.026454",
    "time_connect": "0.007865",
    "time_namelookup": "0.006987",
    "time_pretransfer": "0.026568",
    "time_redirect": "0.000000",
    "time_starttransfer": "0.168013",
    "time_total": "0.168108",
    "website": "https://www.fishki.net"
}
https://www.corporatefinanceinstitute.com: {
    "http_version": "2",
    "remote_ip": "172.67.74.108",
    "remote_port": "443",
    "status": "ok",
    "time_appconnect": "0.036055",
    "time_connect": "0.014092",
    "time_namelookup": "0.005222",
    "time_pretransfer": "0.036159",
    "time_redirect": "0.000000",
    "time_starttransfer": "0.717092",
    "time_total": "0.717156",
    "website": "https://www.corporatefinanceinstitute.com"
}
https://www.rapidtables.com: {
    "http_version": "2",
    "remote_ip": "104.26.10.75",
    "remote_port": "443",
    "status": "ok",
    "time_appconnect": "0.031389",
    "time_connect": "0.016014",
    "time_namelookup": "0.015081",
    "time_pretransfer": "0.031526",
    "time_redirect": "0.000000",
    "time_starttransfer": "0.058526",
    "time_total": "0.058637",
    "website": "https://www.rapidtables.com"
}
https://www.google.com.ng: {
    "http_version": "2",
    "remote_ip": "172.217.18.99",
    "remote_port": "443",
    "status": "ok",
    "time_appconnect": "0.034745",
    "time_connect": "0.017151",
    "time_namelookup": "0.016372",
    "time_pretransfer": "0.034861",
    "time_redirect": "0.000000",
    "time_starttransfer": "0.083844",
    "time_total": "0.084004",
    "website": "https://www.google.com.ng"
}
https://www.blogspot.ru: {
    "http_version": "2",
    "remote_ip": "172.217.22.41",
    "remote_port": "443",
    "status": "ok",
    "time_appconnect": "0.108352",
    "time_connect": "0.077388",
    "time_namelookup": "0.076625",
    "time_pretransfer": "0.108529",
    "time_redirect": "0.000000",
    "time_starttransfer": "0.770400",
    "time_total": "0.770535",
    "website": "https://www.blogspot.ru"
}
https://www.scitation.org: {
    "http_version": "2",
    "remote_ip": "104.17.164.62",
    "remote_port": "443",
    "status": "ok",
    "time_appconnect": "0.112094",
    "time_connect": "0.088387",
    "time_namelookup": "0.087103",
    "time_pretransfer": "0.112243",
    "time_redirect": "0.000000",
    "time_starttransfer": "0.305414",
    "time_total": "0.305518",
    "website": "https://www.scitation.org"
}
https://www.pianmenw.com: {
    "http_version": "2",
    "remote_ip": "104.19.29.252",
    "remote_port": "443",
    "status": "ok",
    "time_appconnect": "0.316360",
    "time_connect": "0.297409",
    "time_namelookup": "0.296327",
    "time_pretransfer": "0.316598",
    "time_redirect": "0.000000",
    "time_starttransfer": "0.326702",
    "time_total": "0.326933",
    "website": "https://www.pianmenw.com"
}
https://www.sportzwiki.com: {
    "http_version": "2",
    "remote_ip": "172.67.69.49",
    "remote_port": "443",
    "status": "ok",
    "time_appconnect": "0.047729",
    "time_connect": "0.015802",
    "time_namelookup": "0.006722",
    "time_pretransfer": "0.047822",
    "time_redirect": "0.000000",
    "time_starttransfer": "0.964219",
    "time_total": "0.964278",
    "website": "https://www.sportzwiki.com"
}
https://www.bibox.com: {
    "http_version": "2",
    "remote_ip": "172.67.11.253",
    "remote_port": "443",
    "status": "ok",
    "time_appconnect": "0.031684",
    "time_connect": "0.013640",
    "time_namelookup": "0.012353",
    "time_pretransfer": "0.031845",
    "time_redirect": "0.000000",
    "time_starttransfer": "1.407205",
    "time_total": "1.407255",
    "website": "https://www.bibox.com"
}
https://www.rae.es: {
    "http_version": "2",
    "remote_ip": "172.67.69.61",
    "remote_port": "443",
    "status": "ok",
    "time_appconnect": "0.044086",
    "time_connect": "0.022317",
    "time_namelookup": "0.013436",
    "time_pretransfer": "0.044191",
    "time_redirect": "0.000000",
    "time_starttransfer": "0.319424",
    "time_total": "0.328265",
    "website": "https://www.rae.es"
}
https://www.google.lv: {
    "http_version": "2",
    "remote_ip": "172.217.22.99",
    "remote_port": "443",
    "status": "ok",
    "time_appconnect": "0.036014",
    "time_connect": "0.018395",
    "time_namelookup": "0.016384",
    "time_pretransfer": "0.036104",
    "time_redirect": "0.000000",
    "time_starttransfer": "0.082546",
    "time_total": "0.083115",
    "website": "https://www.google.lv"
}
https://www.encuentra24.com: {
    "http_version": "2",
    "remote_ip": "104.22.52.181",
    "remote_port": "443",
    "status": "ok",
    "time_appconnect": "0.031296",
    "time_connect": "0.009302",
    "time_namelookup": "0.008165",
    "time_pretransfer": "0.031394",
    "time_redirect": "0.000000",
    "time_starttransfer": "0.514760",
    "time_total": "0.514847",
    "website": "https://www.encuentra24.com"
}
https://www.google.iq: {
    "http_version": "2",
    "remote_ip": "172.217.18.99",
    "remote_port": "443",
    "status": "ok",
    "time_appconnect": "0.064509",
    "time_connect": "0.041534",
    "time_namelookup": "0.040475",
    "time_pretransfer": "0.064643",
    "time_redirect": "0.000000",
    "time_starttransfer": "0.103153",
    "time_total": "0.103609",
    "website": "https://www.google.iq"
}
https://www.shahid4u.one: {
    "http_version": "2",
    "remote_ip": "172.67.68.83",
    "remote_port": "443",
    "status": "ok",
    "time_appconnect": "0.036269",
    "time_connect": "0.014870",
    "time_namelookup": "0.006466",
    "time_pretransfer": "0.036414",
    "time_redirect": "0.000000",
    "time_starttransfer": "0.142577",
    "time_total": "0.142680",
    "website": "https://www.shahid4u.one"
}
https://www.blogspot.se: {
    "http_version": "2",
    "remote_ip": "172.217.22.41",
    "remote_port": "443",
    "status": "ok",
    "time_appconnect": "0.032872",
    "time_connect": "0.012534",
    "time_namelookup": "0.010435",
    "time_pretransfer": "0.033012",
    "time_redirect": "0.000000",
    "time_starttransfer": "0.692175",
    "time_total": "0.692301",
    "website": "https://www.blogspot.se"
}
https://www.smartinsights.com: {
    "http_version": "2",
    "remote_ip": "104.20.252.9",
    "remote_port": "443",
    "status": "ok",
    "time_appconnect": "0.030779",
    "time_connect": "0.015312",
    "time_namelookup": "0.014231",
    "time_pretransfer": "0.030886",
    "time_redirect": "0.000000",
    "time_starttransfer": "0.124091",
    "time_total": "0.124813",
    "website": "https://www.smartinsights.com"
}
https://www.warriorplus.com: {
    "http_version": "2",
    "remote_ip": "172.67.68.35",
    "remote_port": "443",
    "status": "ok",
    "time_appconnect": "0.042754",
    "time_connect": "0.014069",
    "time_namelookup": "0.005498",
    "time_pretransfer": "0.042854",
    "time_redirect": "0.000000",
    "time_starttransfer": "0.092560",
    "time_total": "0.092602",
    "website": "https://www.warriorplus.com"
}
https://www.harrods.com: {
    "http_version": "2",
    "remote_ip": "104.18.1.58",
    "remote_port": "443",
    "status": "ok",
    "time_appconnect": "0.022046",
    "time_connect": "0.007662",
    "time_namelookup": "0.006710",
    "time_pretransfer": "0.022132",
    "time_redirect": "0.000000",
    "time_starttransfer": "0.052776",
    "time_total": "0.052873",
    "website": "https://www.harrods.com"
}
https://www.annualreviews.org: {
    "http_version": "2",
    "remote_ip": "104.18.8.232",
    "remote_port": "443",
    "status": "ok",
    "time_appconnect": "0.039083",
    "time_connect": "0.014668",
    "time_namelookup": "0.013439",
    "time_pretransfer": "0.039214",
    "time_redirect": "0.000000",
    "time_starttransfer": "0.306616",
    "time_total": "0.306736",
    "website": "https://www.annualreviews.org"
}
https://www.hostinger.com: {
    "http_version": "2",
    "remote_ip": "104.19.184.120",
    "remote_port": "443",
    "status": "ok",
    "time_appconnect": "0.043385",
    "time_connect": "0.019314",
    "time_namelookup": "0.017294",
    "time_pretransfer": "0.043503",
    "time_redirect": "0.000000",
    "time_starttransfer": "0.142363",
    "time_total": "0.146195",
    "website": "https://www.hostinger.com"
}
https://www.hse.gov.uk: {
    "http_version": "2",
    "remote_ip": "104.19.152.106",
    "remote_port": "443",
    "status": "ok",
    "time_appconnect": "0.050327",
    "time_connect": "0.029781",
    "time_namelookup": "0.028891",
    "time_pretransfer": "0.050419",
    "time_redirect": "0.000000",
    "time_starttransfer": "0.172067",
    "time_total": "0.172256",
    "website": "https://www.hse.gov.uk"
}
https://www.clickagy.com: {
    "http_version": "2",
    "remote_ip": "104.18.30.205",
    "remote_port": "443",
    "status": "ok",
    "time_appconnect": "0.027676",
    "time_connect": "0.009917",
    "time_namelookup": "0.009104",
    "time_pretransfer": "0.027766",
    "time_redirect": "0.000000",
    "time_starttransfer": "0.537795",
    "time_total": "0.537989",
    "website": "https://www.clickagy.com"
}
https://www.crisp.chat: {
    "http_version": "2",
    "remote_ip": "104.18.29.91",
    "remote_port": "443",
    "status": "ok",
    "time_appconnect": "0.020759",
    "time_connect": "0.006547",
    "time_namelookup": "0.005339",
    "time_pretransfer": "0.020865",
    "time_redirect": "0.000000",
    "time_starttransfer": "0.044623",
    "time_total": "0.044737",
    "website": "https://www.crisp.chat"
}
https://www.googleoptimize.com: {
    "http_version": "2",
    "remote_ip": "172.217.21.238",
    "remote_port": "443",
    "status": "ok",
    "time_appconnect": "0.029980",
    "time_connect": "0.011596",
    "time_namelookup": "0.010313",
    "time_pretransfer": "0.030101",
    "time_redirect": "0.000000",
    "time_starttransfer": "0.041507",
    "time_total": "0.041627",
    "website": "https://www.googleoptimize.com"
}
https://www.linode.com: {
    "http_version": "2",
    "remote_ip": "104.18.140.18",
    "remote_port": "443",
    "status": "ok",
    "time_appconnect": "0.115870",
    "time_connect": "0.099746",
    "time_namelookup": "0.098738",
    "time_pretransfer": "0.115961",
    "time_redirect": "0.000000",
    "time_starttransfer": "0.146312",
    "time_total": "0.151826",
    "website": "https://www.linode.com"
}
https://www.google.co.ao: {
    "http_version": "2",
    "remote_ip": "172.217.18.163",
    "remote_port": "443",
    "status": "ok",
    "time_appconnect": "0.030358",
    "time_connect": "0.012816",
    "time_namelookup": "0.010552",
    "time_pretransfer": "0.030464",
    "time_redirect": "0.000000",
    "time_starttransfer": "0.072137",
    "time_total": "0.073039",
    "website": "https://www.google.co.ao"
}
https://www.google.si: {
    "http_version": "2",
    "remote_ip": "172.217.23.99",
    "remote_port": "443",
    "status": "ok",
    "time_appconnect": "0.035296",
    "time_connect": "0.017976",
    "time_namelookup": "0.016681",
    "time_pretransfer": "0.035506",
    "time_redirect": "0.000000",
    "time_starttransfer": "0.076603",
    "time_total": "0.077170",
    "website": "https://www.google.si"
}
https://www.16personalities.com: {
    "http_version": "2",
    "remote_ip": "104.27.161.88",
    "remote_port": "443",
    "status": "ok",
    "time_appconnect": "0.035392",
    "time_connect": "0.013792",
    "time_namelookup": "0.004978",
    "time_pretransfer": "0.035479",
    "time_redirect": "0.000000",
    "time_starttransfer": "0.239149",
    "time_total": "0.241139",
    "website": "https://www.16personalities.com"
}
https://www.mynewsdesk.com: {
    "http_version": "2",
    "remote_ip": "104.18.15.14",
    "remote_port": "443",
    "status": "ok",
    "time_appconnect": "0.026680",
    "time_connect": "0.009575",
    "time_namelookup": "0.008717",
    "time_pretransfer": "0.026813",
    "time_redirect": "0.000000",
    "time_starttransfer": "0.210578",
    "time_total": "0.210700",
    "website": "https://www.mynewsdesk.com"
}
https://www.runescape.wiki: {
    "http_version": "2",
    "remote_ip": "172.67.20.94",
    "remote_port": "443",
    "status": "ok",
    "time_appconnect": "0.023911",
    "time_connect": "0.009692",
    "time_namelookup": "0.008723",
    "time_pretransfer": "0.024018",
    "time_redirect": "0.000000",
    "time_starttransfer": "0.057341",
    "time_total": "0.057471",
    "website": "https://www.runescape.wiki"
}
https://www.fullhdfilmizlesene.com: {
    "http_version": "2",
    "remote_ip": "172.67.68.120",
    "remote_port": "443",
    "status": "ok",
    "time_appconnect": "0.040992",
    "time_connect": "0.017281",
    "time_namelookup": "0.006315",
    "time_pretransfer": "0.041082",
    "time_redirect": "0.000000",
    "time_starttransfer": "0.167729",
    "time_total": "0.167781",
    "website": "https://www.fullhdfilmizlesene.com"
}
https://www.cettire.com: {
    "http_version": "2",
    "remote_ip": "23.227.38.74",
    "remote_port": "443",
    "status": "ok",
    "time_appconnect": "0.042201",
    "time_connect": "0.019414",
    "time_namelookup": "0.017384",
    "time_pretransfer": "0.042323",
    "time_redirect": "0.000000",
    "time_starttransfer": "0.521663",
    "time_total": "0.537352",
    "website": "https://www.cettire.com"
}
