{
    "domComplete": 3016.924999999901,
    "domInteractive": 2040.289999999004,
    "nextHopProtocol": "h2",
    "responseStart": 693.4299999993527,
    "website": "https://www.wowkeren.com"
}
{
    "domComplete": 583.5299999998824,
    "domInteractive": 351.25499999958265,
    "nextHopProtocol": "h2",
    "responseStart": 39.73500000029162,
    "website": "https://www.fanfiction.net"
}
{
    "domComplete": 2088.690000000497,
    "domInteractive": 1837.1999999999389,
    "nextHopProtocol": "h2",
    "responseStart": 190.5750000005355,
    "website": "https://www.akhbarelyom.com"
}
{
    "domComplete": 14458.819999999832,
    "domInteractive": 1946.7050000002928,
    "nextHopProtocol": "h2",
    "responseStart": 689.3650000001799,
    "website": "https://www.law.com"
}
{
    "domComplete": 1150.3149999989546,
    "domInteractive": 451.680000000124,
    "nextHopProtocol": "h2",
    "responseStart": 123.75499999870954,
    "website": "https://www.google.com.bd"
}
{
    "domComplete": 2388.6249999995925,
    "domInteractive": 1335.9249999994063,
    "nextHopProtocol": "h2",
    "responseStart": 380.8100000005652,
    "website": "https://www.worldwildlife.org"
}
{
    "domComplete": 260.8749999999418,
    "domInteractive": 200.6149999997433,
    "nextHopProtocol": "h2",
    "responseStart": 42.43500000120548,
    "website": "https://www.whitepages.com"
}
{
    "domComplete": 973.0600000002596,
    "domInteractive": 364.11500000031083,
    "nextHopProtocol": "h2",
    "responseStart": 119.80000000039581,
    "website": "https://www.google.no"
}
{
    "domComplete": 580.7399999994232,
    "domInteractive": 260.9900000006746,
    "nextHopProtocol": "h2",
    "responseStart": 201.61000000007334,
    "website": "https://www.roozaneh.net"
}
{
    "domComplete": 329.55000000038126,
    "domInteractive": 312.47000000075786,
    "nextHopProtocol": "h2",
    "responseStart": 53.41000000044005,
    "website": "https://www.panoramio.com"
}
{
    "domComplete": 4553.695000000516,
    "domInteractive": 2807.505000000674,
    "nextHopProtocol": "h2",
    "responseStart": 1132.2949999994307,
    "website": "https://www.wpastra.com"
}
{
    "domComplete": 213.08999999928346,
    "domInteractive": 206.94000000003143,
    "nextHopProtocol": "h2",
    "responseStart": 46.51999999987311,
    "website": "https://www.ad4m.at"
}
{
    "domComplete": 1371.2699999996403,
    "domInteractive": 754.4550000002346,
    "nextHopProtocol": "h2",
    "responseStart": 567.0750000008411,
    "website": "https://www.standardmedia.co.ke"
}
{
    "domComplete": 2298.4400000004825,
    "domInteractive": 1940.2350000000297,
    "nextHopProtocol": "h2",
    "responseStart": 338.0699999997887,
    "website": "https://www.css-tricks.com"
}
{
    "domComplete": 465.5450000009296,
    "domInteractive": 279.06000000075437,
    "nextHopProtocol": "h2",
    "responseStart": 44.63500000019849,
    "website": "https://www.royalcbd.com"
}
{
    "domComplete": 1224.8900000013236,
    "domInteractive": 437.88000000131433,
    "nextHopProtocol": "h2",
    "responseStart": 107.07000000002154,
    "website": "https://www.google.kz"
}
{
    "domComplete": 3330.6549999997515,
    "domInteractive": 1257.3100000008708,
    "nextHopProtocol": "h2",
    "responseStart": 238.7250000010681,
    "website": "https://www.leo.org"
}
{
    "domComplete": 4748.499999999694,
    "domInteractive": 778.9799999991374,
    "nextHopProtocol": "h2",
    "responseStart": 197.96999999925902,
    "website": "https://www.poki.com"
}
{
    "domComplete": 309.52499999875727,
    "domInteractive": 272.2649999996065,
    "nextHopProtocol": "h2",
    "responseStart": 44.68999999880907,
    "website": "https://www.googlecode.com"
}
{
    "domComplete": 2710.189999999784,
    "domInteractive": 266.5149999993446,
    "nextHopProtocol": "h2",
    "responseStart": 114.90500000036263,
    "website": "https://www.parliament.uk"
}
{
    "domComplete": 5151.615000000675,
    "domInteractive": 1189.6249999990687,
    "nextHopProtocol": "h2",
    "responseStart": 549.6399999992718,
    "website": "https://www.vecteezy.com"
}
{
    "domComplete": 1453.4650000005058,
    "domInteractive": 1147.9550000003655,
    "nextHopProtocol": "h2",
    "responseStart": 203.00499999939348,
    "website": "https://www.uptobox.com"
}
{
    "domComplete": 986.4799999995739,
    "domInteractive": 658.9399999993475,
    "nextHopProtocol": "h2",
    "responseStart": 160.2949999996781,
    "website": "https://www.adbtc.top"
}
{
    "domComplete": 7201.755000000048,
    "domInteractive": 1072.8499999986525,
    "nextHopProtocol": "h2",
    "responseStart": 608.4949999985838,
    "website": "https://www.glassdoor.co.in"
}
{
    "domComplete": 2307.134999999107,
    "domInteractive": 2094.6050000002288,
    "nextHopProtocol": "h2",
    "responseStart": 477.04499999963446,
    "website": "https://www.adskeeper.co.uk"
}
{
    "domComplete": 1469.8500000013155,
    "domInteractive": 503.0450000012934,
    "nextHopProtocol": "h2",
    "responseStart": 97.2700000002078,
    "website": "https://www.ghanaweb.com"
}
{
    "domComplete": 1998.939999999493,
    "domInteractive": 1731.0099999995145,
    "nextHopProtocol": "h2",
    "responseStart": 1288.2699999991019,
    "website": "https://www.blogspot.com.br"
}
{
    "domComplete": 1472.0700000016222,
    "domInteractive": 527.3550000001705,
    "nextHopProtocol": "h2",
    "responseStart": 140.1000000005297,
    "website": "https://www.google.lt"
}
{
    "domComplete": 1392.9399999997258,
    "domInteractive": 1208.505000000514,
    "nextHopProtocol": "h2",
    "responseStart": 727.8850000002421,
    "website": "https://www.blogspot.nl"
}
{
    "domComplete": 5534.499999999753,
    "domInteractive": 320.0399999986985,
    "nextHopProtocol": "h2",
    "responseStart": 123.89499999881082,
    "website": "https://www.marinetraffic.com"
}
{
    "domComplete": 244.90999999943597,
    "domInteractive": 226.20000000097207,
    "nextHopProtocol": "h2",
    "responseStart": 55.29000000024098,
    "website": "https://www.esheeq.net"
}
{
    "domComplete": 1001.9600000014179,
    "domInteractive": 755.5600000014238,
    "nextHopProtocol": "h2",
    "responseStart": 517.7050000002055,
    "website": "https://www.whatismyipaddress.com"
}
{
    "domComplete": 1505.1249999996799,
    "domInteractive": 1291.2899999992078,
    "nextHopProtocol": "h2",
    "responseStart": 743.8750000001164,
    "website": "https://www.blogspot.jp"
}
{
    "domComplete": 8287.744999999632,
    "domInteractive": 3476.670000000013,
    "nextHopProtocol": "h2",
    "responseStart": 416.0699999993085,
    "website": "https://www.watanserb.com"
}
{
    "domComplete": 852.7899999990041,
    "domInteractive": 531.4299999990908,
    "nextHopProtocol": "h2",
    "responseStart": 145.49499999884574,
    "website": "https://www.schema.org"
}
{
    "domComplete": 1406.9450000006327,
    "domInteractive": 449.2100000006758,
    "nextHopProtocol": "h2",
    "responseStart": 113.53500000041095,
    "website": "https://www.google.com.qa"
}
{
    "domComplete": 1518.9350000000559,
    "domInteractive": 534.895000000688,
    "nextHopProtocol": "h2",
    "responseStart": 115.98500000036438,
    "website": "https://www.google.co.ma"
}
{
    "domComplete": 1938.6000000013155,
    "domInteractive": 1323.5350000013568,
    "nextHopProtocol": "h2",
    "responseStart": 599.4300000002113,
    "website": "https://www.thriveglobal.com"
}
{
    "domComplete": 4611.524999998437,
    "domInteractive": 1567.1599999986938,
    "nextHopProtocol": "h2",
    "responseStart": 62.95999999929336,
    "website": "https://www.adyen.com"
}
{
    "domComplete": 1980.569999999716,
    "domInteractive": 1110.8599999988655,
    "nextHopProtocol": "h2",
    "responseStart": 333.12999999907333,
    "website": "https://www.zoomit.ir"
}
{
    "domComplete": 10603.494999999384,
    "domInteractive": 1674.5950000004086,
    "nextHopProtocol": "h2",
    "responseStart": 71.27500000024156,
    "website": "https://www.tasteofhome.com"
}
{
    "domComplete": 1423.945000000458,
    "domInteractive": 737.3050000005605,
    "nextHopProtocol": "h2",
    "responseStart": 106.5600000001723,
    "website": "https://www.google.com.ly"
}
{
    "domComplete": 1662.7749999988737,
    "domInteractive": 1000.9499999996478,
    "nextHopProtocol": "h2",
    "responseStart": 258.2349999993312,
    "website": "https://www.google.by"
}
{
    "domComplete": 3098.099999999249,
    "domInteractive": 2574.1799999996147,
    "nextHopProtocol": "h2",
    "responseStart": 729.9199999997654,
    "website": "https://www.vklass.se"
}
{
    "domComplete": 4011.1649999998917,
    "domInteractive": 2746.885000000475,
    "nextHopProtocol": "h2",
    "responseStart": 2060.8100000008562,
    "website": "https://www.beauty321.com"
}
{
    "domComplete": 7692.329999999856,
    "domInteractive": 4972.125000000233,
    "nextHopProtocol": "h2",
    "responseStart": 1165.9049999998388,
    "website": "https://www.jagonews24.com"
}
{
    "domComplete": 2447.3550000002433,
    "domInteractive": 1898.8900000003923,
    "nextHopProtocol": "h2",
    "responseStart": 638.7249999988853,
    "website": "https://www.crowd1.com"
}
{
    "domComplete": 3975.86500000034,
    "domInteractive": 1176.5250000007654,
    "nextHopProtocol": "h2",
    "responseStart": 642.3700000013923,
    "website": "https://www.golang.org"
}
{
    "domComplete": 8014.374999998836,
    "domInteractive": 3566.595000000234,
    "nextHopProtocol": "h2",
    "responseStart": 236.15999999856285,
    "website": "https://www.ennaharonline.com"
}
{
    "domComplete": 6500.355000000127,
    "domInteractive": 3210.895000000164,
    "nextHopProtocol": "h2",
    "responseStart": 529.4100000010076,
    "website": "https://www.turbo.az"
}
{
    "domComplete": 6293.77999999997,
    "domInteractive": 1287.1049999994284,
    "nextHopProtocol": "h2",
    "responseStart": 526.0349999989558,
    "website": "https://www.tap.az"
}
{
    "domComplete": 2750.369999999748,
    "domInteractive": 959.1650000002119,
    "nextHopProtocol": "h2",
    "responseStart": 383.944999999585,
    "website": "https://www.google.com.ec"
}
{
    "domComplete": 9115.485000000263,
    "domInteractive": 3228.8549999993847,
    "nextHopProtocol": "h2",
    "responseStart": 958.3949999996548,
    "website": "https://www.telugustop.com"
}
{
    "domComplete": 19407.56500000134,
    "domInteractive": 5881.000000001222,
    "nextHopProtocol": "h2",
    "responseStart": 786.0450000007404,
    "website": "https://www.laleggepertutti.it"
}
{
    "domComplete": 2961.199999999735,
    "domInteractive": 1220.034999998461,
    "nextHopProtocol": "h2",
    "responseStart": 44.1949999985809,
    "website": "https://www.omegle.com"
}
{
    "domComplete": 7492.01499999981,
    "domInteractive": 2916.8100000006234,
    "nextHopProtocol": "h2",
    "responseStart": 398.6300000015035,
    "website": "https://www.hltv.org"
}
{
    "domComplete": 3489.340000000084,
    "domInteractive": 1828.204999999798,
    "nextHopProtocol": "h2",
    "responseStart": 543.7400000009802,
    "website": "https://www.whmcs.com"
}
{
    "domComplete": 3289.7250000005442,
    "domInteractive": 1078.6900000002788,
    "nextHopProtocol": "h2",
    "responseStart": 463.1050000007235,
    "website": "https://www.google.com.do"
}
{
    "domComplete": 10052.320000000691,
    "domInteractive": 2576.885000000402,
    "nextHopProtocol": "h2",
    "responseStart": 566.3449999992736,
    "website": "https://www.socialmediaexaminer.com"
}
{
    "domComplete": 7591.150000000198,
    "domInteractive": 1742.165000001478,
    "nextHopProtocol": "h2",
    "responseStart": 468.81500000017695,
    "website": "https://www.vitalsource.com"
}
{
    "domComplete": 9515.219999999317,
    "domInteractive": 1863.0099999991216,
    "nextHopProtocol": "h2",
    "responseStart": 305.78500000046915,
    "website": "https://www.jut.su"
}
{
    "domComplete": 2718.109999999797,
    "domInteractive": 975.7050000007439,
    "nextHopProtocol": "h2",
    "responseStart": 468.3100000002014,
    "website": "https://www.fragrantica.com"
}
{
    "domComplete": 749.6399999999994,
    "domInteractive": 619.1900000012538,
    "nextHopProtocol": "h2",
    "responseStart": 312.7150000000256,
    "website": "https://www.pmi.org"
}
{
    "domComplete": 31712.77999999984,
    "domInteractive": 5728.030000000217,
    "nextHopProtocol": "h2",
    "responseStart": 245.45500000022002,
    "website": "https://www.androidpolice.com"
}
{
    "domComplete": 10310.894999998709,
    "domInteractive": 5022.564999999304,
    "nextHopProtocol": "h2",
    "responseStart": 1963.644999999815,
    "website": "https://www.annals.org"
}
{
    "domComplete": 10281.229999998686,
    "domInteractive": 5254.589999998643,
    "nextHopProtocol": "h2",
    "responseStart": 212.59999999892898,
    "website": "https://www.coingecko.com"
}
{
    "domComplete": 9000.83000000086,
    "domInteractive": 3252.3350000010396,
    "nextHopProtocol": "h2",
    "responseStart": 187.15500000143948,
    "website": "https://www.acpjournals.org"
}
{
    "domComplete": 2768.8799999996263,
    "domInteractive": 812.3799999993935,
    "nextHopProtocol": "h2",
    "responseStart": 202.47500000004948,
    "website": "https://www.google.com.kw"
}
{
    "domComplete": 156043.61500000051,
    "domInteractive": 8755.755000000136,
    "nextHopProtocol": "h2",
    "responseStart": 994.3299999995361,
    "website": "https://www.fishki.net"
}
{
    "domComplete": 7257.825000000594,
    "domInteractive": 3504.515000000538,
    "nextHopProtocol": "h2",
    "responseStart": 1427.0350000006147,
    "website": "https://www.corporatefinanceinstitute.com"
}
{
    "domComplete": 4561.589999999342,
    "domInteractive": 1472.6299999983894,
    "nextHopProtocol": "h2",
    "responseStart": 511.4799999992101,
    "website": "https://www.rapidtables.com"
}
{
    "domComplete": 2052.8599999997823,
    "domInteractive": 545.8749999997963,
    "nextHopProtocol": "h2",
    "responseStart": 213.53999999882944,
    "website": "https://www.google.com.ng"
}
{
    "domComplete": 3575.4450000004,
    "domInteractive": 2980.8950000006007,
    "nextHopProtocol": "h2",
    "responseStart": 1369.5500000012544,
    "website": "https://www.blogspot.ru"
}
{
    "domComplete": 9599.664999999732,
    "domInteractive": 5280.955000000176,
    "nextHopProtocol": "h2",
    "responseStart": 1083.7049999990995,
    "website": "https://www.scitation.org"
}
{
    "domComplete": 728.2699999996112,
    "domInteractive": 534.445000001142,
    "nextHopProtocol": "h2",
    "responseStart": 234.60499999964668,
    "website": "https://www.pianmenw.com"
}
{
    "domComplete": 14290.52000000047,
    "domInteractive": 5230.250000000524,
    "nextHopProtocol": "h2",
    "responseStart": 1067.6500000008673,
    "website": "https://www.sportzwiki.com"
}
{
    "domComplete": 23239.344999999958,
    "domInteractive": 5488.68500000026,
    "nextHopProtocol": "h2",
    "responseStart": 1489.7299999993265,
    "website": "https://www.bibox.com"
}
{
    "domComplete": 2959.100000000035,
    "domInteractive": 2240.9499999994296,
    "nextHopProtocol": "h2",
    "responseStart": 291.7149999993853,
    "website": "https://www.rae.es"
}
{
    "domComplete": 1720.63000000162,
    "domInteractive": 547.6850000013656,
    "nextHopProtocol": "h2",
    "responseStart": 187.26500000047963,
    "website": "https://www.google.lv"
}
{
    "domComplete": 7311.569999999847,
    "domInteractive": 3319.224999999278,
    "nextHopProtocol": "h2",
    "responseStart": 708.054999999149,
    "website": "https://www.encuentra24.com"
}
{
    "domComplete": 2239.1650000008667,
    "domInteractive": 1055.7150000004185,
    "nextHopProtocol": "h2",
    "responseStart": 201.70499999949243,
    "website": "https://www.google.iq"
}
{
    "domComplete": 7695.724999999584,
    "domInteractive": 4751.0199999996985,
    "nextHopProtocol": "h2",
    "responseStart": 1022.7799999993294,
    "website": "https://www.shahid4u.one"
}
{
    "domComplete": 3058.215000000928,
    "domInteractive": 2963.630000000194,
    "nextHopProtocol": "h2",
    "responseStart": 1035.6400000000576,
    "website": "https://www.blogspot.se"
}
{
    "domComplete": 5441.140000000814,
    "domInteractive": 1994.2150000006222,
    "nextHopProtocol": "h2",
    "responseStart": 188.5149999998248,
    "website": "https://www.smartinsights.com"
}
{
    "domComplete": 7212.569999999687,
    "domInteractive": 4254.049999999552,
    "nextHopProtocol": "h2",
    "responseStart": 954.4599999990169,
    "website": "https://www.warriorplus.com"
}
{
    "domComplete": 5895.575000000463,
    "domInteractive": 5749.345000000176,
    "nextHopProtocol": "h2",
    "responseStart": 484.12500000085856,
    "website": "https://www.harrods.com"
}
{
    "domComplete": 4739.380000000892,
    "domInteractive": 3010.5600000006234,
    "nextHopProtocol": "h2",
    "responseStart": 532.4049999999261,
    "website": "https://www.annualreviews.org"
}
{
    "domComplete": 7444.424999999683,
    "domInteractive": 3162.109999999302,
    "nextHopProtocol": "h2",
    "responseStart": 192.46500000008382,
    "website": "https://www.hostinger.com"
}
{
    "domComplete": 3018.3799999995244,
    "domInteractive": 1298.7100000009377,
    "nextHopProtocol": "h2",
    "responseStart": 227.43000000082247,
    "website": "https://www.hse.gov.uk"
}
{
    "domComplete": 57262.109999999666,
    "domInteractive": 2978.9749999999913,
    "nextHopProtocol": "h2",
    "responseStart": 662.0449999991251,
    "website": "https://www.clickagy.com"
}
{
    "domComplete": 2245.824999999968,
    "domInteractive": 720.2699999998003,
    "nextHopProtocol": "h2",
    "responseStart": 416.75000000032014,
    "website": "https://www.crisp.chat"
}
{
    "domComplete": 226.17999999965832,
    "domInteractive": 78.2599999984086,
    "nextHopProtocol": "h2",
    "responseStart": 3.0549999992217636,
    "website": "https://www.googleoptimize.com"
}
{
    "domComplete": 1519.110000001092,
    "domInteractive": 734.1599999999744,
    "nextHopProtocol": "h2",
    "responseStart": 48.80500000035681,
    "website": "https://www.linode.com"
}
{
    "domComplete": 2250.5099999998492,
    "domInteractive": 915.9049999998388,
    "nextHopProtocol": "h2",
    "responseStart": 417.36499999933585,
    "website": "https://www.google.co.ao"
}
{
    "domComplete": 1524.3850000006205,
    "domInteractive": 957.2400000015477,
    "nextHopProtocol": "h2",
    "responseStart": 198.40000000112923,
    "website": "https://www.google.si"
}
{
    "domComplete": 2834.405000001425,
    "domInteractive": 2535.4000000006636,
    "nextHopProtocol": "h2",
    "responseStart": 253.26000000131899,
    "website": "https://www.16personalities.com"
}
{
    "domComplete": 3143.400000000838,
    "domInteractive": 1707.684999999401,
    "nextHopProtocol": "h2",
    "responseStart": 632.499999999709,
    "website": "https://www.mynewsdesk.com"
}
{
    "domComplete": 2728.2300000006217,
    "domInteractive": 1504.335000001447,
    "nextHopProtocol": "h2",
    "responseStart": 561.825000000681,
    "website": "https://www.runescape.wiki"
}
{
    "domComplete": 1064.604999999574,
    "domInteractive": 809.8200000003999,
    "nextHopProtocol": "h2",
    "responseStart": 231.85999999986961,
    "website": "https://www.fullhdfilmizlesene.com"
}
{
    "domComplete": 4338.1049999989045,
    "domInteractive": 2592.559999999139,
    "nextHopProtocol": "h2",
    "responseStart": 468.8749999986612,
    "website": "https://www.cettire.com"
}
{
    "domComplete": 776.2149999998655,
    "domInteractive": 417.0350000003964,
    "nextHopProtocol": "h2",
    "responseStart": 162.15999999985797,
    "website": "https://www.parade.com"
}
{
    "domComplete": 2041.175000000294,
    "domInteractive": 1749.5799999996962,
    "nextHopProtocol": "h2",
    "responseStart": 540.3150000001915,
    "website": "https://www.wordcounter.net"
}
{
    "domComplete": 3951.584999998886,
    "domInteractive": 1926.8749999991996,
    "nextHopProtocol": "h2",
    "responseStart": 206.76999999886903,
    "website": "https://www.slidesgo.com"
}
{
    "domComplete": 1542.524999998932,
    "domInteractive": 965.6799999993382,
    "nextHopProtocol": "h2",
    "responseStart": 437.08499999956985,
    "website": "https://www.jamendo.com"
}
{
    "domComplete": 6523.105000000214,
    "domInteractive": 2573.355000000447,
    "nextHopProtocol": "h2",
    "responseStart": 485.36500000045635,
    "website": "https://www.colourpop.com"
}
{
    "domComplete": 1919.0099999996164,
    "domInteractive": 978.8799999987532,
    "nextHopProtocol": "h2",
    "responseStart": 228.02500000034343,
    "website": "https://www.google.tn"
}
{
    "domComplete": 746.6850000000704,
    "domInteractive": 724.9300000003132,
    "nextHopProtocol": "h2",
    "responseStart": 165.8900000002177,
    "website": "https://www.google.org"
}
{
    "domComplete": 1538.7150000005931,
    "domInteractive": 525.0750000013795,
    "nextHopProtocol": "h2",
    "responseStart": 173.8050000003568,
    "website": "https://www.google.jo"
}
{
    "domComplete": 2953.154999999242,
    "domInteractive": 921.7050000006566,
    "nextHopProtocol": "h2",
    "responseStart": 169.12500000034925,
    "website": "https://www.yalla-shoot.com"
}
{
    "domComplete": 7791.784999999436,
    "domInteractive": 2707.7300000000832,
    "nextHopProtocol": "h2",
    "responseStart": 948.050000000876,
    "website": "https://www.lasvegassun.com"
}
{
    "domComplete": 1937.0450000005803,
    "domInteractive": 769.3400000007387,
    "nextHopProtocol": "h2",
    "responseStart": 160.44999999940046,
    "website": "https://www.tweaktown.com"
}
{
    "domComplete": 3805.115000001024,
    "domInteractive": 2570.995000000039,
    "nextHopProtocol": "h2",
    "responseStart": 1065.020000000004,
    "website": "https://www.vu.nl"
}
{
    "domComplete": 1229.2500000003201,
    "domInteractive": 574.8750000002474,
    "nextHopProtocol": "h2",
    "responseStart": 65.41999999899417,
    "website": "https://www.fresherslive.com"
}
{
    "domComplete": 1956.67499999945,
    "domInteractive": 1218.6899999996967,
    "nextHopProtocol": "h2",
    "responseStart": 660.280000000057,
    "website": "https://www.google.com.uy"
}
{
    "domComplete": 242278.78000000055,
    "domInteractive": 1061.6700000009587,
    "nextHopProtocol": "h2",
    "responseStart": 55.9400000001915,
    "website": "https://www.taroot-rangi.com"
}
{
    "domComplete": 2752.9750000012427,
    "domInteractive": 1275.7300000012037,
    "nextHopProtocol": "h2",
    "responseStart": 150.59000000110245,
    "website": "https://www.pressherald.com"
}
{
    "domComplete": 1959.4600000000355,
    "domInteractive": 1221.1650000008376,
    "nextHopProtocol": "h2",
    "responseStart": 460.3950000000623,
    "website": "https://www.redgifs.com"
}
{
    "domComplete": 5470.435000001089,
    "domInteractive": 2997.0050000010815,
    "nextHopProtocol": "h2",
    "responseStart": 416.66000000077474,
    "website": "https://www.indosport.com"
}
{
    "domComplete": 2985.8899999999267,
    "domInteractive": 1908.1200000000536,
    "nextHopProtocol": "h2",
    "responseStart": 989.7450000007666,
    "website": "https://www.pjmedia.com"
}
{
    "domComplete": 84.27999999912572,
    "domInteractive": 77.71499999944353,
    "nextHopProtocol": "",
    "responseStart": 0.6599999996979022,
    "website": "https://www.friendfeed.com"
}
{
    "domComplete": 353.7049999995361,
    "domInteractive": 274.6150000002672,
    "nextHopProtocol": "h2",
    "responseStart": 132.22999999925378,
    "website": "https://www.piliapp.com"
}
{
    "domComplete": 1564.4249999986641,
    "domInteractive": 308.64499999916006,
    "nextHopProtocol": "h2",
    "responseStart": 74.40499999938766,
    "website": "https://www.nation.africa"
}
{
    "domComplete": 392.7800000001298,
    "domInteractive": 327.6850000002014,
    "nextHopProtocol": "h2",
    "responseStart": 242.2499999993306,
    "website": "https://www.storeboard.com"
}
{
    "domComplete": 382.8350000003411,
    "domInteractive": 333.78500000071654,
    "nextHopProtocol": "h2",
    "responseStart": 296.0700000003271,
    "website": "https://www.lihkg.com"
}
{
    "domComplete": 654.339999999138,
    "domInteractive": 635.4799999990064,
    "nextHopProtocol": "h2",
    "responseStart": 394.43499999833875,
    "website": "https://www.mundosexanuncio.com"
}
{
    "domComplete": 7847.040000000561,
    "domInteractive": 1557.6700000001438,
    "nextHopProtocol": "h2",
    "responseStart": 128.75499999972817,
    "website": "https://www.avgle.com"
}
{
    "domComplete": 2648.8200000003417,
    "domInteractive": 985.0249999999505,
    "nextHopProtocol": "h2",
    "responseStart": 282.14000000116357,
    "website": "https://www.ficbook.net"
}
{
    "domComplete": 1903.150000000096,
    "domInteractive": 493.02499999976135,
    "nextHopProtocol": "h2",
    "responseStart": 87.77000000009139,
    "website": "https://www.bloombergquint.com"
}
{
    "domComplete": 1105.2550000003976,
    "domInteractive": 799.2749999993976,
    "nextHopProtocol": "h2",
    "responseStart": 397.41999999932887,
    "website": "https://www.brstej.com"
}
{
    "domComplete": 2058.5099999989325,
    "domInteractive": 1446.925000000192,
    "nextHopProtocol": "h2",
    "responseStart": 898.959999998624,
    "website": "https://www.ole.com.ar"
}
{
    "domComplete": 3239.78999999963,
    "domInteractive": 591.1900000010064,
    "nextHopProtocol": "h2",
    "responseStart": 278.5349999994651,
    "website": "https://www.tensorflow.org"
}
{
    "domComplete": 2821.4999999981956,
    "domInteractive": 1097.3099999991973,
    "nextHopProtocol": "h2",
    "responseStart": 584.7649999996065,
    "website": "https://www.gab.com"
}
{
    "domComplete": 2292.685000000347,
    "domInteractive": 1169.59499999939,
    "nextHopProtocol": "h2",
    "responseStart": 56.04999999923166,
    "website": "https://www.ilfattoquotidiano.it"
}
{
    "domComplete": 975.28500000044,
    "domInteractive": 453.19500000005064,
    "nextHopProtocol": "h2",
    "responseStart": 198.84499999898253,
    "website": "https://www.mtlnovel.com"
}
{
    "domComplete": 1592.1400000006543,
    "domInteractive": 318.0350000002363,
    "nextHopProtocol": "h2",
    "responseStart": 64.5650000005844,
    "website": "https://www.ufreegames.com"
}
{
    "domComplete": 2719.984999999724,
    "domInteractive": 1687.260000000606,
    "nextHopProtocol": "h2",
    "responseStart": 333.21000000069034,
    "website": "https://www.jbhifi.com.au"
}
{
    "domComplete": 955.244999999195,
    "domInteractive": 789.4149999992806,
    "nextHopProtocol": "h2",
    "responseStart": 70.49999999981083,
    "website": "https://www.secnews.gr"
}
{
    "domComplete": 1132.0599999999104,
    "domInteractive": 568.0850000007922,
    "nextHopProtocol": "h2",
    "responseStart": 286.91000000071654,
    "website": "https://www.fashionnova.com"
}
{
    "domComplete": 1514.3349999998463,
    "domInteractive": 1461.6750000004686,
    "nextHopProtocol": "h2",
    "responseStart": 1332.7850000005128,
    "website": "https://www.openclassrooms.com"
}
{
    "domComplete": 3007.7949999995326,
    "domInteractive": 1391.3249999986874,
    "nextHopProtocol": "h2",
    "responseStart": 101.07499999867287,
    "website": "https://www.onlinekhabar.com"
}
{
    "domComplete": 0,
    "domInteractive": 0,
    "nextHopProtocol": "h2",
    "responseStart": 901.0600000001432,
    "website": "https://www.googlegroups.com"
}
{
    "domComplete": 552.0100000012462,
    "domInteractive": 267.10000000093714,
    "nextHopProtocol": "h2",
    "responseStart": 187.5049999998737,
    "website": "https://www.exe.io"
}
{
    "domComplete": 2132.2650000001886,
    "domInteractive": 1242.2700000006444,
    "nextHopProtocol": "h2",
    "responseStart": 1001.7950000001292,
    "website": "https://www.texastribune.org"
}
{
    "domComplete": 1670.9949999985838,
    "domInteractive": 525.41999999994,
    "nextHopProtocol": "h2",
    "responseStart": 435.57999999939057,
    "website": "https://www.dailypost.ng"
}
{
    "domComplete": 1559.5649999995658,
    "domInteractive": 806.7100000007486,
    "nextHopProtocol": "h2",
    "responseStart": 242.41500000061933,
    "website": "https://www.betfair.com"
}
{
    "domComplete": 3658.610000000408,
    "domInteractive": 2608.6250000007567,
    "nextHopProtocol": "h2",
    "responseStart": 196.93499999993946,
    "website": "https://www.faceit.com"
}
{
    "domComplete": 3729.315000000497,
    "domInteractive": 3063.51000000177,
    "nextHopProtocol": "h2",
    "responseStart": 1788.5350000015023,
    "website": "https://www.shapeways.com"
}
{
    "domComplete": 1468.0399999997462,
    "domInteractive": 769.719999998415,
    "nextHopProtocol": "h2",
    "responseStart": 407.4899999995978,
    "website": "https://www.fontspace.com"
}
{
    "domComplete": 2978.2199999990553,
    "domInteractive": 2213.60999999888,
    "nextHopProtocol": "h2",
    "responseStart": 333.2849999987957,
    "website": "https://www.mosaiquefm.net"
}
{
    "domComplete": 4687.229999999545,
    "domInteractive": 3239.240000000791,
    "nextHopProtocol": "h2",
    "responseStart": 2494.6600000002945,
    "website": "https://www.psychiatryonline.org"
}
{
    "domComplete": 1423.3949999998003,
    "domInteractive": 991.7649999988498,
    "nextHopProtocol": "h2",
    "responseStart": 557.6149999997142,
    "website": "https://www.alternativeto.net"
}
{
    "domComplete": 552.7799999999843,
    "domInteractive": 259.0299999992567,
    "nextHopProtocol": "h2",
    "responseStart": 126.68499999927008,
    "website": "https://www.google.ba"
}
{
    "domComplete": 3280.290000000605,
    "domInteractive": 1594.3650000008347,
    "nextHopProtocol": "h2",
    "responseStart": 548.9550000002055,
    "website": "https://www.armorgames.com"
}
{
    "domComplete": 3294.1250000003492,
    "domInteractive": 2055.775000000722,
    "nextHopProtocol": "h2",
    "responseStart": 910.955000001195,
    "website": "https://www.kingston.com"
}
{
    "domComplete": 1766.590000001088,
    "domInteractive": 897.8450000013254,
    "nextHopProtocol": "h2",
    "responseStart": 109.36000000037893,
    "website": "https://www.truthout.org"
}
{
    "domComplete": 1569.5200000009208,
    "domInteractive": 1515.1949999999488,
    "nextHopProtocol": "h2",
    "responseStart": 807.8850000001694,
    "website": "https://www.die.net"
}
{
    "domComplete": 607.399999998961,
    "domInteractive": 590.7999999999447,
    "nextHopProtocol": "h2",
    "responseStart": 422.3999999994703,
    "website": "https://www.thehackernews.com"
}
{
    "domComplete": 587.9349999995611,
    "domInteractive": 337.149999999383,
    "nextHopProtocol": "h2",
    "responseStart": 165.37500000049477,
    "website": "https://www.google.com.mm"
}
{
    "domComplete": 1323.29000000027,
    "domInteractive": 973.5000000000582,
    "nextHopProtocol": "h2",
    "responseStart": 275.99999999983993,
    "website": "https://www.lowyat.net"
}
{
    "domComplete": 5130.810000000565,
    "domInteractive": 2218.685000001642,
    "nextHopProtocol": "h2",
    "responseStart": 1415.2650000014546,
    "website": "https://www.gigazine.net"
}
{
    "domComplete": 2748.4850000000733,
    "domInteractive": 2416.4199999995617,
    "nextHopProtocol": "h2",
    "responseStart": 1566.499999998996,
    "website": "https://www.a2hosting.com"
}
{
    "domComplete": 1539.9649999999383,
    "domInteractive": 1091.1899999991874,
    "nextHopProtocol": "h2",
    "responseStart": 609.9249999988388,
    "website": "https://www.connectad.io"
}
{
    "domComplete": 589.0850000014325,
    "domInteractive": 295.8550000003015,
    "nextHopProtocol": "h2",
    "responseStart": 108.57000000032713,
    "website": "https://www.google.ee"
}
{
    "domComplete": 560.6600000010076,
    "domInteractive": 252.34000000091328,
    "nextHopProtocol": "h2",
    "responseStart": 110.4750000013155,
    "website": "https://www.google.com.sv"
}
{
    "domComplete": 760.5100000000675,
    "domInteractive": 478.93500000100175,
    "nextHopProtocol": "h2",
    "responseStart": 369.2250000003696,
    "website": "https://www.google.com.cu"
}
{
    "domComplete": 1497.5149999991118,
    "domInteractive": 1149.3699999991804,
    "nextHopProtocol": "h2",
    "responseStart": 330.1849999988917,
    "website": "https://www.jugantor.com"
}
{
    "domComplete": 2319.455000000744,
    "domInteractive": 1288.9599999998609,
    "nextHopProtocol": "h2",
    "responseStart": 675.9500000007392,
    "website": "https://www.hkgolden.com"
}
{
    "domComplete": 1912.6450000003388,
    "domInteractive": 1092.4599999998463,
    "nextHopProtocol": "h2",
    "responseStart": 899.1750000004686,
    "website": "https://www.nobitex.ir"
}
{
    "domComplete": 539.8450000011508,
    "domInteractive": 220.43000000121538,
    "nextHopProtocol": "h2",
    "responseStart": 106.48500000024796,
    "website": "https://www.google.com.gt"
}
{
    "domComplete": 371.2949999990087,
    "domInteractive": 366.7800000002899,
    "nextHopProtocol": "",
    "responseStart": 0.21999999989930075,
    "website": "https://www.okp.com"
}
{
    "domComplete": 1960.5099999989761,
    "domInteractive": 1459.1749999999593,
    "nextHopProtocol": "h2",
    "responseStart": 133.75499999892781,
    "website": "https://www.mg.co.za"
}
{
    "domComplete": 540.1900000015303,
    "domInteractive": 251.7600000010134,
    "nextHopProtocol": "h2",
    "responseStart": 112.94000000089,
    "website": "https://www.sennheiser.com"
}
{
    "domComplete": 586.5649999996094,
    "domInteractive": 317.32499999998254,
    "nextHopProtocol": "h2",
    "responseStart": 129.6650000003865,
    "website": "https://www.google.cm"
}
{
    "domComplete": 513.2900000007794,
    "domInteractive": 222.95500000109314,
    "nextHopProtocol": "h2",
    "responseStart": 117.39000000125088,
    "website": "https://www.google.co.cr"
}
{
    "domComplete": 3229.2300000008254,
    "domInteractive": 735.1400000006834,
    "nextHopProtocol": "h2",
    "responseStart": 333.0150000001595,
    "website": "https://www.bulbagarden.net"
}
{
    "domComplete": 2916.0499999998137,
    "domInteractive": 1696.8999999990046,
    "nextHopProtocol": "h2",
    "responseStart": 1198.1049999994866,
    "website": "https://www.whatismyip.com"
}
{
    "domComplete": 1015.2349999989383,
    "domInteractive": 798.9350000007107,
    "nextHopProtocol": "h2",
    "responseStart": 194.90500000028987,
    "website": "https://www.mind.org.uk"
}
{
    "domComplete": 1003.6700000000565,
    "domInteractive": 639.8900000003778,
    "nextHopProtocol": "h2",
    "responseStart": 84.74500000011176,
    "website": "https://www.wuxiaworld.com"
}
{
    "domComplete": 101.85000000092259,
    "domInteractive": 99.31999999935215,
    "nextHopProtocol": "h2",
    "responseStart": 36.60499999932654,
    "website": "https://www.camelcamelcamel.com"
}
{
    "domComplete": 513.05499999944,
    "domInteractive": 224.43500000008498,
    "nextHopProtocol": "h2",
    "responseStart": 113.13999999947555,
    "website": "https://www.google.com.bo"
}
{
    "domComplete": 1079.6100000006845,
    "domInteractive": 964.7700000004988,
    "nextHopProtocol": "h2",
    "responseStart": 49.994999999398715,
    "website": "https://www.yummly.com"
}
{
    "domComplete": 533.7749999998778,
    "domInteractive": 393.9150000005611,
    "nextHopProtocol": "h2",
    "responseStart": 88.70999999999185,
    "website": "https://www.jagodangdut.com"
}
{
    "domComplete": 594.9149999996735,
    "domInteractive": 304.1799999991781,
    "nextHopProtocol": "h2",
    "responseStart": 117.52999999953317,
    "website": "https://www.google.com.np"
}
{
    "domComplete": 667.7049999998417,
    "domInteractive": 323.48500000080094,
    "nextHopProtocol": "h2",
    "responseStart": 268.1700000011915,
    "website": "https://www.sammobile.com"
}
{
    "domComplete": 3222.635000000082,
    "domInteractive": 2018.5900000014954,
    "nextHopProtocol": "h2",
    "responseStart": 96.74500000073749,
    "website": "https://www.businessoffashion.com"
}
{
    "domComplete": 1524.8449999999139,
    "domInteractive": 1477.6250000013533,
    "nextHopProtocol": "h2",
    "responseStart": 1242.7299999999377,
    "website": "https://www.blogspot.be"
}
{
    "domComplete": 4104.349999999613,
    "domInteractive": 2851.8800000001647,
    "nextHopProtocol": "h2",
    "responseStart": 1230.2049999998417,
    "website": "https://www.goop.com"
}
{
    "domComplete": 436.3900000007561,
    "domInteractive": 284.1900000003079,
    "nextHopProtocol": "h2",
    "responseStart": 78.31000000078348,
    "website": "https://www.enotes.com"
}
{
    "domComplete": 764.8349999999482,
    "domInteractive": 704.025000000911,
    "nextHopProtocol": "h2",
    "responseStart": 442.3000000006141,
    "website": "https://www.rawgit.com"
}
{
    "domComplete": 349.4799999989482,
    "domInteractive": 157.73999999873922,
    "nextHopProtocol": "h2",
    "responseStart": 76.26999999956752,
    "website": "https://www.cyberciti.biz"
}
{
    "domComplete": 2194.804999999178,
    "domInteractive": 1702.4750000000495,
    "nextHopProtocol": "h2",
    "responseStart": 488.18000000028405,
    "website": "https://www.smadex.com"
}
{
    "domComplete": 4598.244999999224,
    "domInteractive": 2028.38999999949,
    "nextHopProtocol": "h2",
    "responseStart": 1061.3499999999476,
    "website": "https://www.beforeitsnews.com"
}
{
    "domComplete": 1804.599999999482,
    "domInteractive": 1269.0999999995256,
    "nextHopProtocol": "h2",
    "responseStart": 304.7449999994569,
    "website": "https://www.skyscrapercity.com"
}
{
    "domComplete": 831.1100000009901,
    "domInteractive": 435.70999999974447,
    "nextHopProtocol": "h2",
    "responseStart": 139.9650000003021,
    "website": "https://www.google.com.py"
}
{
    "domComplete": 780.6100000016158,
    "domInteractive": 375.6499999999505,
    "nextHopProtocol": "h2",
    "responseStart": 136.65500000024622,
    "website": "https://www.google.com.bh"
}
{
    "domComplete": 1834.179999999833,
    "domInteractive": 1068.5099999991508,
    "nextHopProtocol": "h2",
    "responseStart": 604.5999999987544,
    "website": "https://www.keywordtool.io"
}
{
    "domComplete": 1584.2250000005151,
    "domInteractive": 1450.829999999769,
    "nextHopProtocol": "h2",
    "responseStart": 1324.770000001081,
    "website": "https://www.listverse.com"
}
{
    "domComplete": 1852.4400000005699,
    "domInteractive": 1471.110000000408,
    "nextHopProtocol": "h2",
    "responseStart": 788.7000000009721,
    "website": "https://www.sportsmansoutdoorsuperstore.com"
}
{
    "domComplete": 1142.0500000003813,
    "domInteractive": 919.7299999996176,
    "nextHopProtocol": "h2",
    "responseStart": 210.06499999930384,
    "website": "https://www.opensubtitles.org"
}
{
    "domComplete": 2719.9099999997998,
    "domInteractive": 1400.7799999999406,
    "nextHopProtocol": "h2",
    "responseStart": 304.55000000074506,
    "website": "https://www.gymshark.com"
}
