https://www.mdpi.com: {
    "http_version": "2",
    "remote_ip": "104.18.25.151",
    "remote_port": "443",
    "status": "ok",
    "time_appconnect": "0.058448",
    "time_connect": "0.016243",
    "time_namelookup": "0.015056",
    "time_pretransfer": "0.058604",
    "time_redirect": "0.000000",
    "time_starttransfer": "0.085403",
    "time_total": "0.087957",
    "website": "https://www.mdpi.com"
}
https://www.colorlib.com: {
    "http_version": "2",
    "remote_ip": "104.22.47.110",
    "remote_port": "443",
    "status": "ok",
    "time_appconnect": "0.085040",
    "time_connect": "0.009172",
    "time_namelookup": "0.007840",
    "time_pretransfer": "0.085154",
    "time_redirect": "0.000000",
    "time_starttransfer": "1.305028",
    "time_total": "1.305075",
    "website": "https://www.colorlib.com"
}
https://www.dcard.tw: {
    "http_version": "2",
    "remote_ip": "104.16.204.58",
    "remote_port": "443",
    "status": "ok",
    "time_appconnect": "0.024186",
    "time_connect": "0.008090",
    "time_namelookup": "0.007104",
    "time_pretransfer": "0.024330",
    "time_redirect": "0.000000",
    "time_starttransfer": "0.347607",
    "time_total": "0.347705",
    "website": "https://www.dcard.tw"
}
https://www.google.ch: {
    "http_version": "2",
    "remote_ip": "172.217.22.35",
    "remote_port": "443",
    "status": "ok",
    "time_appconnect": "0.052213",
    "time_connect": "0.026495",
    "time_namelookup": "0.025189",
    "time_pretransfer": "0.052368",
    "time_redirect": "0.000000",
    "time_starttransfer": "0.095687",
    "time_total": "0.096076",
    "website": "https://www.google.ch"
}
https://www.google.com.ph: {
    "http_version": "2",
    "remote_ip": "172.217.16.131",
    "remote_port": "443",
    "status": "ok",
    "time_appconnect": "0.036053",
    "time_connect": "0.017861",
    "time_namelookup": "0.010362",
    "time_pretransfer": "0.036167",
    "time_redirect": "0.000000",
    "time_starttransfer": "0.078899",
    "time_total": "0.079111",
    "website": "https://www.google.com.ph"
}
https://www.google.co.za: {
    "http_version": "2",
    "remote_ip": "216.58.207.67",
    "remote_port": "443",
    "status": "ok",
    "time_appconnect": "0.031785",
    "time_connect": "0.014274",
    "time_namelookup": "0.012570",
    "time_pretransfer": "0.031910",
    "time_redirect": "0.000000",
    "time_starttransfer": "0.073015",
    "time_total": "0.073407",
    "website": "https://www.google.co.za"
}
https://www.google.cl: {
    "http_version": "2",
    "remote_ip": "172.217.23.99",
    "remote_port": "443",
    "status": "ok",
    "time_appconnect": "0.045716",
    "time_connect": "0.027406",
    "time_namelookup": "0.024386",
    "time_pretransfer": "0.045851",
    "time_redirect": "0.000000",
    "time_starttransfer": "0.086556",
    "time_total": "0.086946",
    "website": "https://www.google.cl"
}
https://www.thehindu.com: {
    "http_version": "2",
    "remote_ip": "104.18.13.153",
    "remote_port": "443",
    "status": "ok",
    "time_appconnect": "0.022014",
    "time_connect": "0.007101",
    "time_namelookup": "0.005866",
    "time_pretransfer": "0.022105",
    "time_redirect": "0.000000",
    "time_starttransfer": "0.046102",
    "time_total": "0.055317",
    "website": "https://www.thehindu.com"
}
https://www.billboard.com: {
    "http_version": "2",
    "remote_ip": "104.17.107.31",
    "remote_port": "443",
    "status": "ok",
    "time_appconnect": "0.029333",
    "time_connect": "0.011387",
    "time_namelookup": "0.010481",
    "time_pretransfer": "0.029446",
    "time_redirect": "0.000000",
    "time_starttransfer": "0.070597",
    "time_total": "0.099532",
    "website": "https://www.billboard.com"
}
https://www.greenpeace.org: {
    "http_version": "2",
    "remote_ip": "104.20.53.128",
    "remote_port": "443",
    "status": "ok",
    "time_appconnect": "0.064656",
    "time_connect": "0.044393",
    "time_namelookup": "0.043403",
    "time_pretransfer": "0.064806",
    "time_redirect": "0.000000",
    "time_starttransfer": "0.190217",
    "time_total": "0.190267",
    "website": "https://www.greenpeace.org"
}
https://www.yolasite.com: {
    "http_version": "2",
    "remote_ip": "104.16.160.215",
    "remote_port": "443",
    "status": "ok",
    "time_appconnect": "0.031652",
    "time_connect": "0.009011",
    "time_namelookup": "0.008142",
    "time_pretransfer": "0.031758",
    "time_redirect": "0.000000",
    "time_starttransfer": "0.341862",
    "time_total": "0.341946",
    "website": "https://www.yolasite.com"
}
https://www.doordash.com: {
    "http_version": "2",
    "remote_ip": "104.18.22.233",
    "remote_port": "443",
    "status": "ok",
    "time_appconnect": "0.038228",
    "time_connect": "0.009984",
    "time_namelookup": "0.008916",
    "time_pretransfer": "0.038378",
    "time_redirect": "0.000000",
    "time_starttransfer": "0.056948",
    "time_total": "0.057033",
    "website": "https://www.doordash.com"
}
https://www.google.az: {
    "http_version": "2",
    "remote_ip": "172.217.18.99",
    "remote_port": "443",
    "status": "ok",
    "time_appconnect": "0.037022",
    "time_connect": "0.011983",
    "time_namelookup": "0.010437",
    "time_pretransfer": "0.037111",
    "time_redirect": "0.000000",
    "time_starttransfer": "0.082467",
    "time_total": "0.082807",
    "website": "https://www.google.az"
}
https://www.google.at: {
    "http_version": "2",
    "remote_ip": "216.58.212.131",
    "remote_port": "443",
    "status": "ok",
    "time_appconnect": "0.049447",
    "time_connect": "0.023058",
    "time_namelookup": "0.018729",
    "time_pretransfer": "0.049590",
    "time_redirect": "0.000000",
    "time_starttransfer": "0.107513",
    "time_total": "0.107808",
    "website": "https://www.google.at"
}
https://www.google.com.pk: {
    "http_version": "2",
    "remote_ip": "216.58.212.163",
    "remote_port": "443",
    "status": "ok",
    "time_appconnect": "0.029640",
    "time_connect": "0.011732",
    "time_namelookup": "0.010522",
    "time_pretransfer": "0.029859",
    "time_redirect": "0.000000",
    "time_starttransfer": "0.067309",
    "time_total": "0.068520",
    "website": "https://www.google.com.pk"
}
https://www.teachable.com: {
    "http_version": "2",
    "remote_ip": "104.19.239.117",
    "remote_port": "443",
    "status": "ok",
    "time_appconnect": "0.044880",
    "time_connect": "0.016521",
    "time_namelookup": "0.005572",
    "time_pretransfer": "0.045031",
    "time_redirect": "0.000000",
    "time_starttransfer": "0.070603",
    "time_total": "0.070681",
    "website": "https://www.teachable.com"
}
https://www.g.co: {
    "http_version": "2",
    "remote_ip": "172.217.23.174",
    "remote_port": "443",
    "status": "ok",
    "time_appconnect": "0.061407",
    "time_connect": "0.043576",
    "time_namelookup": "0.042027",
    "time_pretransfer": "0.061526",
    "time_redirect": "0.000000",
    "time_starttransfer": "0.070135",
    "time_total": "0.070230",
    "website": "https://www.g.co"
}
https://www.blogspot.ca: {
    "http_version": "2",
    "remote_ip": "172.217.22.41",
    "remote_port": "443",
    "status": "ok",
    "time_appconnect": "0.060493",
    "time_connect": "0.043108",
    "time_namelookup": "0.041973",
    "time_pretransfer": "0.060612",
    "time_redirect": "0.000000",
    "time_starttransfer": "0.683896",
    "time_total": "0.684010",
    "website": "https://www.blogspot.ca"
}
https://www.google.dz: {
    "http_version": "2",
    "remote_ip": "172.217.23.131",
    "remote_port": "443",
    "status": "ok",
    "time_appconnect": "0.034965",
    "time_connect": "0.012523",
    "time_namelookup": "0.011261",
    "time_pretransfer": "0.035051",
    "time_redirect": "0.000000",
    "time_starttransfer": "0.083791",
    "time_total": "0.084202",
    "website": "https://www.google.dz"
}
https://www.elwatannews.com: {
    "http_version": "2",
    "remote_ip": "172.67.26.111",
    "remote_port": "443",
    "status": "ok",
    "time_appconnect": "0.029293",
    "time_connect": "0.008017",
    "time_namelookup": "0.007117",
    "time_pretransfer": "0.029402",
    "time_redirect": "0.000000",
    "time_starttransfer": "0.079151",
    "time_total": "0.086355",
    "website": "https://www.elwatannews.com"
}
https://www.iherb.com: {
    "http_version": "2",
    "remote_ip": "104.16.110.36",
    "remote_port": "443",
    "status": "ok",
    "time_appconnect": "0.026397",
    "time_connect": "0.007644",
    "time_namelookup": "0.006435",
    "time_pretransfer": "0.026603",
    "time_redirect": "0.000000",
    "time_starttransfer": "0.110689",
    "time_total": "0.110742",
    "website": "https://www.iherb.com"
}
https://www.google.com.pe: {
    "http_version": "2",
    "remote_ip": "172.217.21.195",
    "remote_port": "443",
    "status": "ok",
    "time_appconnect": "0.032083",
    "time_connect": "0.013634",
    "time_namelookup": "0.012149",
    "time_pretransfer": "0.032209",
    "time_redirect": "0.000000",
    "time_starttransfer": "0.080588",
    "time_total": "0.081042",
    "website": "https://www.google.com.pe"
}
https://www.clarin.com: {
    "http_version": "2",
    "remote_ip": "104.18.19.22",
    "remote_port": "443",
    "status": "ok",
    "time_appconnect": "0.026808",
    "time_connect": "0.006578",
    "time_namelookup": "0.005638",
    "time_pretransfer": "0.026939",
    "time_redirect": "0.000000",
    "time_starttransfer": "0.056641",
    "time_total": "0.057768",
    "website": "https://www.clarin.com"
}
https://www.cell.com: {
    "http_version": "2",
    "remote_ip": "104.18.123.114",
    "remote_port": "443",
    "status": "ok",
    "time_appconnect": "0.141698",
    "time_connect": "0.125981",
    "time_namelookup": "0.124793",
    "time_pretransfer": "0.141810",
    "time_redirect": "0.000000",
    "time_starttransfer": "0.331310",
    "time_total": "0.331453",
    "website": "https://www.cell.com"
}
https://www.blogspot.de: {
    "http_version": "2",
    "remote_ip": "172.217.22.41",
    "remote_port": "443",
    "status": "ok",
    "time_appconnect": "0.035556",
    "time_connect": "0.015479",
    "time_namelookup": "0.012677",
    "time_pretransfer": "0.035656",
    "time_redirect": "0.000000",
    "time_starttransfer": "0.666554",
    "time_total": "0.666664",
    "website": "https://www.blogspot.de"
}
https://www.cloudinary.com: {
    "http_version": "2",
    "remote_ip": "162.159.137.83",
    "remote_port": "443",
    "status": "ok",
    "time_appconnect": "0.053514",
    "time_connect": "0.022317",
    "time_namelookup": "0.020088",
    "time_pretransfer": "0.053653",
    "time_redirect": "0.000000",
    "time_starttransfer": "0.198183",
    "time_total": "0.198498",
    "website": "https://www.cloudinary.com"
}
https://www.athemes.com: {
    "http_version": "2",
    "remote_ip": "104.26.14.88",
    "remote_port": "443",
    "status": "ok",
    "time_appconnect": "0.038001",
    "time_connect": "0.014355",
    "time_namelookup": "0.013323",
    "time_pretransfer": "0.038122",
    "time_redirect": "0.000000",
    "time_starttransfer": "0.238625",
    "time_total": "0.238671",
    "website": "https://www.athemes.com"
}
https://www.about.google: {
    "http_version": "2",
    "remote_ip": "172.217.23.174",
    "remote_port": "443",
    "status": "ok",
    "time_appconnect": "0.044913",
    "time_connect": "0.022188",
    "time_namelookup": "0.018184",
    "time_pretransfer": "0.045085",
    "time_redirect": "0.000000",
    "time_starttransfer": "0.054134",
    "time_total": "0.054236",
    "website": "https://www.about.google"
}
https://www.google.pt: {
    "http_version": "2",
    "remote_ip": "172.217.16.131",
    "remote_port": "443",
    "status": "ok",
    "time_appconnect": "0.036140",
    "time_connect": "0.013915",
    "time_namelookup": "0.012547",
    "time_pretransfer": "0.036242",
    "time_redirect": "0.000000",
    "time_starttransfer": "0.079167",
    "time_total": "0.079743",
    "website": "https://www.google.pt"
}
https://www.pdfdrive.com: {
    "http_version": "2",
    "remote_ip": "172.67.73.17",
    "remote_port": "443",
    "status": "ok",
    "time_appconnect": "0.040571",
    "time_connect": "0.014890",
    "time_namelookup": "0.006320",
    "time_pretransfer": "0.040666",
    "time_redirect": "0.000000",
    "time_starttransfer": "0.209051",
    "time_total": "0.209432",
    "website": "https://www.pdfdrive.com"
}
https://www.google.com.co: {
    "http_version": "2",
    "remote_ip": "172.217.22.67",
    "remote_port": "443",
    "status": "ok",
    "time_appconnect": "0.036746",
    "time_connect": "0.014257",
    "time_namelookup": "0.012573",
    "time_pretransfer": "0.036913",
    "time_redirect": "0.000000",
    "time_starttransfer": "0.076686",
    "time_total": "0.077185",
    "website": "https://www.google.com.co"
}
https://www.000webhost.com: {
    "http_version": "2",
    "remote_ip": "104.18.108.8",
    "remote_port": "443",
    "status": "ok",
    "time_appconnect": "0.041453",
    "time_connect": "0.009616",
    "time_namelookup": "0.008594",
    "time_pretransfer": "0.041851",
    "time_redirect": "0.000000",
    "time_starttransfer": "0.715301",
    "time_total": "0.913073",
    "website": "https://www.000webhost.com"
}
https://www.v2ex.com: {
    "http_version": "2",
    "remote_ip": "172.67.3.188",
    "remote_port": "443",
    "status": "ok",
    "time_appconnect": "0.038401",
    "time_connect": "0.008818",
    "time_namelookup": "0.007829",
    "time_pretransfer": "0.038559",
    "time_redirect": "0.000000",
    "time_starttransfer": "0.759696",
    "time_total": "0.944763",
    "website": "https://www.v2ex.com"
}
https://www.boutell.co.uk: {
    "http_version": "2",
    "remote_ip": "77.72.2.19",
    "remote_port": "443",
    "status": "ok",
    "time_appconnect": "0.072852",
    "time_connect": "0.032358",
    "time_namelookup": "0.018646",
    "time_pretransfer": "0.072990",
    "time_redirect": "0.000000",
    "time_starttransfer": "0.088426",
    "time_total": "0.102025",
    "website": "https://www.boutell.co.uk"
}
https://www.boingboing.net: {
    "http_version": "2",
    "remote_ip": "104.22.41.69",
    "remote_port": "443",
    "status": "ok",
    "time_appconnect": "0.024556",
    "time_connect": "0.006647",
    "time_namelookup": "0.005430",
    "time_pretransfer": "0.024695",
    "time_redirect": "0.000000",
    "time_starttransfer": "0.652399",
    "time_total": "0.652522",
    "website": "https://www.boingboing.net"
}
https://www.google.se: {
    "http_version": "2",
    "remote_ip": "216.58.210.3",
    "remote_port": "443",
    "status": "ok",
    "time_appconnect": "0.035214",
    "time_connect": "0.012383",
    "time_namelookup": "0.010850",
    "time_pretransfer": "0.035303",
    "time_redirect": "0.000000",
    "time_starttransfer": "0.077056",
    "time_total": "0.077460",
    "website": "https://www.google.se"
}
https://www.transferwise.com: {
    "http_version": "2",
    "remote_ip": "104.16.40.16",
    "remote_port": "443",
    "status": "ok",
    "time_appconnect": "0.050181",
    "time_connect": "0.008030",
    "time_namelookup": "0.006845",
    "time_pretransfer": "0.050293",
    "time_redirect": "0.000000",
    "time_starttransfer": "0.086374",
    "time_total": "0.086464",
    "website": "https://www.transferwise.com"
}
https://www.buffer.com: {
    "http_version": "2",
    "remote_ip": "104.16.140.52",
    "remote_port": "443",
    "status": "ok",
    "time_appconnect": "0.035428",
    "time_connect": "0.007114",
    "time_namelookup": "0.005947",
    "time_pretransfer": "0.035617",
    "time_redirect": "0.000000",
    "time_starttransfer": "0.060230",
    "time_total": "0.060297",
    "website": "https://www.buffer.com"
}
https://www.codepen.io: {
    "http_version": "2",
    "remote_ip": "104.17.14.48",
    "remote_port": "443",
    "status": "ok",
    "time_appconnect": "0.031255",
    "time_connect": "0.014923",
    "time_namelookup": "0.013621",
    "time_pretransfer": "0.031370",
    "time_redirect": "0.000000",
    "time_starttransfer": "0.042158",
    "time_total": "0.042303",
    "website": "https://www.codepen.io"
}
https://www.macrumors.com: {
    "http_version": "2",
    "remote_ip": "172.67.22.130",
    "remote_port": "443",
    "status": "ok",
    "time_appconnect": "0.030216",
    "time_connect": "0.011175",
    "time_namelookup": "0.010193",
    "time_pretransfer": "0.030321",
    "time_redirect": "0.000000",
    "time_starttransfer": "0.067301",
    "time_total": "0.072690",
    "website": "https://www.macrumors.com"
}
https://www.blogspot.com.es: {
    "http_version": "2",
    "remote_ip": "172.217.22.41",
    "remote_port": "443",
    "status": "ok",
    "time_appconnect": "0.033587",
    "time_connect": "0.015811",
    "time_namelookup": "0.015015",
    "time_pretransfer": "0.033739",
    "time_redirect": "0.000000",
    "time_starttransfer": "0.605046",
    "time_total": "0.605172",
    "website": "https://www.blogspot.com.es"
}
https://www.google.ae: {
    "http_version": "2",
    "remote_ip": "142.250.74.195",
    "remote_port": "443",
    "status": "ok",
    "time_appconnect": "0.034718",
    "time_connect": "0.014617",
    "time_namelookup": "0.012608",
    "time_pretransfer": "0.034875",
    "time_redirect": "0.000000",
    "time_starttransfer": "0.076762",
    "time_total": "0.076928",
    "website": "https://www.google.ae"
}
https://www.blogspot.fr: {
    "http_version": "2",
    "remote_ip": "172.217.22.41",
    "remote_port": "443",
    "status": "ok",
    "time_appconnect": "0.031371",
    "time_connect": "0.013679",
    "time_namelookup": "0.011827",
    "time_pretransfer": "0.031540",
    "time_redirect": "0.000000",
    "time_starttransfer": "0.602139",
    "time_total": "0.602270",
    "website": "https://www.blogspot.fr"
}
https://www.arduino.cc: {
    "http_version": "2",
    "remote_ip": "172.67.5.5",
    "remote_port": "443",
    "status": "ok",
    "time_appconnect": "0.021927",
    "time_connect": "0.007856",
    "time_namelookup": "0.007001",
    "time_pretransfer": "0.022017",
    "time_redirect": "0.000000",
    "time_starttransfer": "0.138845",
    "time_total": "0.138950",
    "website": "https://www.arduino.cc"
}
https://www.hamariweb.com: {
    "http_version": "2",
    "remote_ip": "172.67.15.64",
    "remote_port": "443",
    "status": "ok",
    "time_appconnect": "0.033556",
    "time_connect": "0.011424",
    "time_namelookup": "0.006894",
    "time_pretransfer": "0.033717",
    "time_redirect": "0.000000",
    "time_starttransfer": "0.090403",
    "time_total": "0.092922",
    "website": "https://www.hamariweb.com"
}
https://www.atlasobscura.com: {
    "http_version": "2",
    "remote_ip": "172.67.74.153",
    "remote_port": "443",
    "status": "ok",
    "time_appconnect": "0.050886",
    "time_connect": "0.015473",
    "time_namelookup": "0.006683",
    "time_pretransfer": "0.051009",
    "time_redirect": "0.000000",
    "time_starttransfer": "0.937251",
    "time_total": "1.321664",
    "website": "https://www.atlasobscura.com"
}
https://www.google.hu: {
    "http_version": "2",
    "remote_ip": "172.217.22.99",
    "remote_port": "443",
    "status": "ok",
    "time_appconnect": "0.032632",
    "time_connect": "0.012112",
    "time_namelookup": "0.010941",
    "time_pretransfer": "0.032752",
    "time_redirect": "0.000000",
    "time_starttransfer": "0.075725",
    "time_total": "0.076055",
    "website": "https://www.google.hu"
}
https://www.nerdwallet.com: {
    "http_version": "2",
    "remote_ip": "104.18.23.225",
    "remote_port": "443",
    "status": "ok",
    "time_appconnect": "0.030178",
    "time_connect": "0.011080",
    "time_namelookup": "0.007538",
    "time_pretransfer": "0.030269",
    "time_redirect": "0.000000",
    "time_starttransfer": "0.561636",
    "time_total": "0.675695",
    "website": "https://www.nerdwallet.com"
}
https://www.lifehack.org: {
    "http_version": "2",
    "remote_ip": "104.20.199.58",
    "remote_port": "443",
    "status": "ok",
    "time_appconnect": "0.036412",
    "time_connect": "0.021683",
    "time_namelookup": "0.020600",
    "time_pretransfer": "0.036527",
    "time_redirect": "0.000000",
    "time_starttransfer": "0.102156",
    "time_total": "0.102428",
    "website": "https://www.lifehack.org"
}
https://www.mass.gov: {
    "http_version": "2",
    "remote_ip": "104.17.86.186",
    "remote_port": "443",
    "status": "ok",
    "time_appconnect": "0.234788",
    "time_connect": "0.207765",
    "time_namelookup": "0.206836",
    "time_pretransfer": "0.234916",
    "time_redirect": "0.000000",
    "time_starttransfer": "0.285195",
    "time_total": "0.287933",
    "website": "https://www.mass.gov"
}
https://www.google.co.il: {
    "http_version": "2",
    "remote_ip": "142.250.74.195",
    "remote_port": "443",
    "status": "ok",
    "time_appconnect": "0.034359",
    "time_connect": "0.012330",
    "time_namelookup": "0.011090",
    "time_pretransfer": "0.034443",
    "time_redirect": "0.000000",
    "time_starttransfer": "0.079626",
    "time_total": "0.080014",
    "website": "https://www.google.co.il"
}
https://www.hubspot.net: {
    "http_version": "2",
    "remote_ip": "199.60.103.226",
    "remote_port": "443",
    "status": "ok",
    "time_appconnect": "0.039121",
    "time_connect": "0.023319",
    "time_namelookup": "0.022235",
    "time_pretransfer": "0.039262",
    "time_redirect": "0.000000",
    "time_starttransfer": "1.094067",
    "time_total": "1.094109",
    "website": "https://www.hubspot.net"
}
https://www.thinkwithgoogle.com: {
    "http_version": "2",
    "remote_ip": "216.58.205.241",
    "remote_port": "443",
    "status": "ok",
    "time_appconnect": "0.034195",
    "time_connect": "0.011962",
    "time_namelookup": "0.010872",
    "time_pretransfer": "0.034340",
    "time_redirect": "0.000000",
    "time_starttransfer": "0.910775",
    "time_total": "1.238497",
    "website": "https://www.thinkwithgoogle.com"
}
https://www.recaptcha.net: {
    "http_version": "2",
    "remote_ip": "216.58.212.131",
    "remote_port": "443",
    "status": "ok",
    "time_appconnect": "0.037919",
    "time_connect": "0.012835",
    "time_namelookup": "0.011452",
    "time_pretransfer": "0.038072",
    "time_redirect": "0.000000",
    "time_starttransfer": "0.090096",
    "time_total": "0.090231",
    "website": "https://www.recaptcha.net"
}
https://www.wireshark.org: {
    "http_version": "2",
    "remote_ip": "104.26.11.240",
    "remote_port": "443",
    "status": "ok",
    "time_appconnect": "0.023301",
    "time_connect": "0.007017",
    "time_namelookup": "0.005596",
    "time_pretransfer": "0.023406",
    "time_redirect": "0.000000",
    "time_starttransfer": "0.495269",
    "time_total": "0.708014",
    "website": "https://www.wireshark.org"
}
https://www.chromium.org: {
    "http_version": "2",
    "remote_ip": "216.239.32.27",
    "remote_port": "443",
    "status": "ok",
    "time_appconnect": "0.060130",
    "time_connect": "0.041604",
    "time_namelookup": "0.039499",
    "time_pretransfer": "0.060246",
    "time_redirect": "0.000000",
    "time_starttransfer": "0.462891",
    "time_total": "0.476148",
    "website": "https://www.chromium.org"
}
https://www.google.cz: {
    "http_version": "2",
    "remote_ip": "172.217.18.99",
    "remote_port": "443",
    "status": "ok",
    "time_appconnect": "0.029856",
    "time_connect": "0.011867",
    "time_namelookup": "0.010634",
    "time_pretransfer": "0.029971",
    "time_redirect": "0.000000",
    "time_starttransfer": "0.113892",
    "time_total": "0.114198",
    "website": "https://www.google.cz"
}
https://www.google.ie: {
    "http_version": "2",
    "remote_ip": "172.217.16.163",
    "remote_port": "443",
    "status": "ok",
    "time_appconnect": "0.031902",
    "time_connect": "0.011746",
    "time_namelookup": "0.010583",
    "time_pretransfer": "0.032033",
    "time_redirect": "0.000000",
    "time_starttransfer": "0.084600",
    "time_total": "0.084747",
    "website": "https://www.google.ie"
}
https://www.retailmenot.com: {
    "http_version": "2",
    "remote_ip": "104.18.1.89",
    "remote_port": "443",
    "status": "ok",
    "time_appconnect": "0.041878",
    "time_connect": "0.023162",
    "time_namelookup": "0.022314",
    "time_pretransfer": "0.041971",
    "time_redirect": "0.000000",
    "time_starttransfer": "0.068169",
    "time_total": "0.068292",
    "website": "https://www.retailmenot.com"
}
https://www.sciencealert.com: {
    "http_version": "2",
    "remote_ip": "104.26.10.84",
    "remote_port": "443",
    "status": "ok",
    "time_appconnect": "0.227295",
    "time_connect": "0.211942",
    "time_namelookup": "0.210648",
    "time_pretransfer": "0.227388",
    "time_redirect": "0.000000",
    "time_starttransfer": "0.445896",
    "time_total": "0.446226",
    "website": "https://www.sciencealert.com"
}
https://www.propublica.org: {
    "http_version": "2",
    "remote_ip": "104.16.251.51",
    "remote_port": "443",
    "status": "ok",
    "time_appconnect": "0.026722",
    "time_connect": "0.009820",
    "time_namelookup": "0.008593",
    "time_pretransfer": "0.026832",
    "time_redirect": "0.000000",
    "time_starttransfer": "0.426769",
    "time_total": "0.428880",
    "website": "https://www.propublica.org"
}
https://www.sabq.org: {
    "http_version": "2",
    "remote_ip": "104.18.26.32",
    "remote_port": "443",
    "status": "ok",
    "time_appconnect": "0.029642",
    "time_connect": "0.007043",
    "time_namelookup": "0.005862",
    "time_pretransfer": "0.029735",
    "time_redirect": "0.000000",
    "time_starttransfer": "0.095817",
    "time_total": "0.095908",
    "website": "https://www.sabq.org"
}
https://www.rd.com: {
    "http_version": "2",
    "remote_ip": "104.18.25.214",
    "remote_port": "443",
    "status": "ok",
    "time_appconnect": "0.025747",
    "time_connect": "0.007403",
    "time_namelookup": "0.006056",
    "time_pretransfer": "0.025890",
    "time_redirect": "0.000000",
    "time_starttransfer": "0.053433",
    "time_total": "0.060840",
    "website": "https://www.rd.com"
}
https://www.tawk.to: {
    "http_version": "2",
    "remote_ip": "104.22.24.131",
    "remote_port": "443",
    "status": "ok",
    "time_appconnect": "0.027090",
    "time_connect": "0.011220",
    "time_namelookup": "0.009922",
    "time_pretransfer": "0.027197",
    "time_redirect": "0.000000",
    "time_starttransfer": "0.961719",
    "time_total": "0.964383",
    "website": "https://www.tawk.to"
}
https://www.flightradar24.com: {
    "http_version": "2",
    "remote_ip": "104.17.44.52",
    "remote_port": "443",
    "status": "ok",
    "time_appconnect": "0.043379",
    "time_connect": "0.021795",
    "time_namelookup": "0.020511",
    "time_pretransfer": "0.043471",
    "time_redirect": "0.000000",
    "time_starttransfer": "0.597108",
    "time_total": "0.621781",
    "website": "https://www.flightradar24.com"
}
https://www.jkforum.net: {
    "http_version": "2",
    "remote_ip": "104.20.193.74",
    "remote_port": "443",
    "status": "ok",
    "time_appconnect": "0.044224",
    "time_connect": "0.023983",
    "time_namelookup": "0.023198",
    "time_pretransfer": "0.044315",
    "time_redirect": "0.000000",
    "time_starttransfer": "0.338495",
    "time_total": "0.338559",
    "website": "https://www.jkforum.net"
}
https://www.blogspot.com.au: {
    "http_version": "2",
    "remote_ip": "172.217.22.41",
    "remote_port": "443",
    "status": "ok",
    "time_appconnect": "0.146521",
    "time_connect": "0.122838",
    "time_namelookup": "0.121725",
    "time_pretransfer": "0.146655",
    "time_redirect": "0.000000",
    "time_starttransfer": "0.812139",
    "time_total": "0.812739",
    "website": "https://www.blogspot.com.au"
}
https://www.neobux.com: {
    "http_version": "2",
    "remote_ip": "104.16.41.15",
    "remote_port": "443",
    "status": "ok",
    "time_appconnect": "0.026048",
    "time_connect": "0.006896",
    "time_namelookup": "0.005677",
    "time_pretransfer": "0.026139",
    "time_redirect": "0.000000",
    "time_starttransfer": "0.041157",
    "time_total": "0.041254",
    "website": "https://www.neobux.com"
}
https://www.lentainform.com: {
    "http_version": "2",
    "remote_ip": "104.19.217.61",
    "remote_port": "443",
    "status": "ok",
    "time_appconnect": "0.028974",
    "time_connect": "0.015632",
    "time_namelookup": "0.014640",
    "time_pretransfer": "0.029080",
    "time_redirect": "0.000000",
    "time_starttransfer": "0.320674",
    "time_total": "0.321044",
    "website": "https://www.lentainform.com"
}
https://www.rte.ie: {
    "http_version": "2",
    "remote_ip": "104.18.142.17",
    "remote_port": "443",
    "status": "ok",
    "time_appconnect": "0.025960",
    "time_connect": "0.009410",
    "time_namelookup": "0.006203",
    "time_pretransfer": "0.026066",
    "time_redirect": "0.000000",
    "time_starttransfer": "0.041552",
    "time_total": "0.045605",
    "website": "https://www.rte.ie"
}
https://www.google.dk: {
    "http_version": "2",
    "remote_ip": "172.217.23.99",
    "remote_port": "443",
    "status": "ok",
    "time_appconnect": "0.035040",
    "time_connect": "0.012410",
    "time_namelookup": "0.010612",
    "time_pretransfer": "0.035161",
    "time_redirect": "0.000000",
    "time_starttransfer": "0.077602",
    "time_total": "0.077882",
    "website": "https://www.google.dk"
}
https://www.ahajournals.org: {
    "http_version": "2",
    "remote_ip": "104.18.21.186",
    "remote_port": "443",
    "status": "ok",
    "time_appconnect": "0.144390",
    "time_connect": "0.127413",
    "time_namelookup": "0.126422",
    "time_pretransfer": "0.144533",
    "time_redirect": "0.000000",
    "time_starttransfer": "0.964438",
    "time_total": "0.964534",
    "website": "https://www.ahajournals.org"
}
https://www.ojooo.com: {
    "http_version": "2",
    "remote_ip": "104.26.5.139",
    "remote_port": "443",
    "status": "ok",
    "time_appconnect": "0.034330",
    "time_connect": "0.017368",
    "time_namelookup": "0.016155",
    "time_pretransfer": "0.034423",
    "time_redirect": "0.000000",
    "time_starttransfer": "0.081698",
    "time_total": "0.081920",
    "website": "https://www.ojooo.com"
}
https://www.centrosenervida.com: {
    "http_version": "2",
    "remote_ip": "185.162.171.144",
    "remote_port": "443",
    "status": "ok",
    "time_appconnect": "0.089558",
    "time_connect": "0.043099",
    "time_namelookup": "0.017177",
    "time_pretransfer": "0.089641",
    "time_redirect": "0.000000",
    "time_starttransfer": "0.124277",
    "time_total": "0.124326",
    "website": "https://www.centrosenervida.com"
}
https://www.andhrajyothy.com: {
    "http_version": "2",
    "remote_ip": "172.67.69.232",
    "remote_port": "443",
    "status": "ok",
    "time_appconnect": "0.064807",
    "time_connect": "0.015465",
    "time_namelookup": "0.006865",
    "time_pretransfer": "0.064932",
    "time_redirect": "0.000000",
    "time_starttransfer": "0.986632",
    "time_total": "1.133208",
    "website": "https://www.andhrajyothy.com"
}
https://www.google.bg: {
    "http_version": "2",
    "remote_ip": "216.58.212.131",
    "remote_port": "443",
    "status": "ok",
    "time_appconnect": "0.047277",
    "time_connect": "0.025629",
    "time_namelookup": "0.023359",
    "time_pretransfer": "0.047383",
    "time_redirect": "0.000000",
    "time_starttransfer": "0.093816",
    "time_total": "0.093969",
    "website": "https://www.google.bg"
}
https://www.creativemarket.com: {
    "http_version": "2",
    "remote_ip": "104.18.23.227",
    "remote_port": "443",
    "status": "ok",
    "time_appconnect": "0.029356",
    "time_connect": "0.014172",
    "time_namelookup": "0.012847",
    "time_pretransfer": "0.029448",
    "time_redirect": "0.000000",
    "time_starttransfer": "0.083151",
    "time_total": "0.084694",
    "website": "https://www.creativemarket.com"
}
https://www.socialblade.com: {
    "http_version": "2",
    "remote_ip": "104.26.1.138",
    "remote_port": "443",
    "status": "ok",
    "time_appconnect": "0.029389",
    "time_connect": "0.009415",
    "time_namelookup": "0.008452",
    "time_pretransfer": "0.029500",
    "time_redirect": "0.000000",
    "time_starttransfer": "0.164518",
    "time_total": "0.164621",
    "website": "https://www.socialblade.com"
}
https://www.yoast.com: {
    "http_version": "2",
    "remote_ip": "104.18.26.25",
    "remote_port": "443",
    "status": "ok",
    "time_appconnect": "0.031948",
    "time_connect": "0.012178",
    "time_namelookup": "0.008711",
    "time_pretransfer": "0.032099",
    "time_redirect": "0.000000",
    "time_starttransfer": "0.053617",
    "time_total": "0.053668",
    "website": "https://www.yoast.com"
}
https://www.google.sk: {
    "http_version": "2",
    "remote_ip": "142.250.74.195",
    "remote_port": "443",
    "status": "ok",
    "time_appconnect": "0.032756",
    "time_connect": "0.014921",
    "time_namelookup": "0.012997",
    "time_pretransfer": "0.032867",
    "time_redirect": "0.000000",
    "time_starttransfer": "0.075041",
    "time_total": "0.075478",
    "website": "https://www.google.sk"
}
https://www.chinatimes.com: {
    "http_version": "2",
    "remote_ip": "104.20.65.215",
    "remote_port": "443",
    "status": "ok",
    "time_appconnect": "0.022639",
    "time_connect": "0.006331",
    "time_namelookup": "0.005175",
    "time_pretransfer": "0.022813",
    "time_redirect": "0.000000",
    "time_starttransfer": "0.386342",
    "time_total": "0.508693",
    "website": "https://www.chinatimes.com"
}
https://www.toppr.com: {
    "http_version": "2",
    "remote_ip": "104.20.84.29",
    "remote_port": "443",
    "status": "ok",
    "time_appconnect": "0.042534",
    "time_connect": "0.022029",
    "time_namelookup": "0.021053",
    "time_pretransfer": "0.042623",
    "time_redirect": "0.000000",
    "time_starttransfer": "0.095575",
    "time_total": "0.095723",
    "website": "https://www.toppr.com"
}
https://www.useinsider.com: {
    "http_version": "2",
    "remote_ip": "104.17.171.114",
    "remote_port": "443",
    "status": "ok",
    "time_appconnect": "0.025348",
    "time_connect": "0.006676",
    "time_namelookup": "0.005635",
    "time_pretransfer": "0.025503",
    "time_redirect": "0.000000",
    "time_starttransfer": "0.034583",
    "time_total": "0.034634",
    "website": "https://www.useinsider.com"
}
https://www.blogspot.it: {
    "http_version": "2",
    "remote_ip": "172.217.22.41",
    "remote_port": "443",
    "status": "ok",
    "time_appconnect": "0.061292",
    "time_connect": "0.043058",
    "time_namelookup": "0.041473",
    "time_pretransfer": "0.061437",
    "time_redirect": "0.000000",
    "time_starttransfer": "0.768489",
    "time_total": "0.768610",
    "website": "https://www.blogspot.it"
}
https://www.page.link: {
    "http_version": "2",
    "remote_ip": "216.58.205.238",
    "remote_port": "443",
    "status": "ok",
    "time_appconnect": "0.061299",
    "time_connect": "0.042904",
    "time_namelookup": "0.041630",
    "time_pretransfer": "0.061464",
    "time_redirect": "0.000000",
    "time_starttransfer": "0.182847",
    "time_total": "0.183109",
    "website": "https://www.page.link"
}
https://www.google.fi: {
    "http_version": "2",
    "remote_ip": "172.217.23.163",
    "remote_port": "443",
    "status": "ok",
    "time_appconnect": "0.048881",
    "time_connect": "0.031706",
    "time_namelookup": "0.029288",
    "time_pretransfer": "0.049002",
    "time_redirect": "0.000000",
    "time_starttransfer": "0.086617",
    "time_total": "0.087058",
    "website": "https://www.google.fi"
}
https://www.templatemonster.com: {
    "http_version": "2",
    "remote_ip": "104.20.28.177",
    "remote_port": "443",
    "status": "ok",
    "time_appconnect": "0.022092",
    "time_connect": "0.006709",
    "time_namelookup": "0.005630",
    "time_pretransfer": "0.022183",
    "time_redirect": "0.000000",
    "time_starttransfer": "0.055240",
    "time_total": "0.061493",
    "website": "https://www.templatemonster.com"
}
https://www.news24.com: {
    "http_version": "2",
    "remote_ip": "104.16.252.81",
    "remote_port": "443",
    "status": "ok",
    "time_appconnect": "0.030438",
    "time_connect": "0.009879",
    "time_namelookup": "0.008768",
    "time_pretransfer": "0.030551",
    "time_redirect": "0.000000",
    "time_starttransfer": "2.694259",
    "time_total": "2.697408",
    "website": "https://www.news24.com"
}
https://www.udacity.com: {
    "http_version": "2",
    "remote_ip": "104.18.10.116",
    "remote_port": "443",
    "status": "ok",
    "time_appconnect": "0.024881",
    "time_connect": "0.011264",
    "time_namelookup": "0.010167",
    "time_pretransfer": "0.025007",
    "time_redirect": "0.000000",
    "time_starttransfer": "0.559395",
    "time_total": "0.563299",
    "website": "https://www.udacity.com"
}
https://www.e-recht24.de: {
    "http_version": "2",
    "remote_ip": "159.69.70.50",
    "remote_port": "443",
    "status": "ok",
    "time_appconnect": "0.039429",
    "time_connect": "0.015952",
    "time_namelookup": "0.009477",
    "time_pretransfer": "0.039560",
    "time_redirect": "0.000000",
    "time_starttransfer": "0.208188",
    "time_total": "0.225526",
    "website": "https://www.e-recht24.de"
}
https://www.encyclopedia.com: {
    "http_version": "2",
    "remote_ip": "104.26.9.13",
    "remote_port": "443",
    "status": "ok",
    "time_appconnect": "0.042692",
    "time_connect": "0.021921",
    "time_namelookup": "0.020928",
    "time_pretransfer": "0.042831",
    "time_redirect": "0.000000",
    "time_starttransfer": "0.080482",
    "time_total": "0.080934",
    "website": "https://www.encyclopedia.com"
}
https://www.crhoy.com: {
    "http_version": "2",
    "remote_ip": "172.67.70.108",
    "remote_port": "443",
    "status": "ok",
    "time_appconnect": "0.045580",
    "time_connect": "0.015706",
    "time_namelookup": "0.007006",
    "time_pretransfer": "0.045697",
    "time_redirect": "0.000000",
    "time_starttransfer": "0.213469",
    "time_total": "0.231861",
    "website": "https://www.crhoy.com"
}
https://www.sehatq.com: {
    "http_version": "2",
    "remote_ip": "104.22.69.234",
    "remote_port": "443",
    "status": "ok",
    "time_appconnect": "0.030920",
    "time_connect": "0.013817",
    "time_namelookup": "0.012849",
    "time_pretransfer": "0.031024",
    "time_redirect": "0.000000",
    "time_starttransfer": "0.696995",
    "time_total": "0.925992",
    "website": "https://www.sehatq.com"
}
https://www.google.co.nz: {
    "http_version": "2",
    "remote_ip": "172.217.16.131",
    "remote_port": "443",
    "status": "ok",
    "time_appconnect": "0.042515",
    "time_connect": "0.024376",
    "time_namelookup": "0.023149",
    "time_pretransfer": "0.042603",
    "time_redirect": "0.000000",
    "time_starttransfer": "0.105270",
    "time_total": "0.105487",
    "website": "https://www.google.co.nz"
}
https://www.lotterypost.com: {
    "http_version": "2",
    "remote_ip": "172.67.75.19",
    "remote_port": "443",
    "status": "ok",
    "time_appconnect": "0.045783",
    "time_connect": "0.022170",
    "time_namelookup": "0.013652",
    "time_pretransfer": "0.045891",
    "time_redirect": "0.000000",
    "time_starttransfer": "0.062751",
    "time_total": "0.062950",
    "website": "https://www.lotterypost.com"
}
https://www.google.hr: {
    "http_version": "2",
    "remote_ip": "172.217.16.131",
    "remote_port": "443",
    "status": "ok",
    "time_appconnect": "0.030954",
    "time_connect": "0.012781",
    "time_namelookup": "0.012043",
    "time_pretransfer": "0.031045",
    "time_redirect": "0.000000",
    "time_starttransfer": "0.073589",
    "time_total": "0.073949",
    "website": "https://www.google.hr"
}
https://www.google.rs: {
    "http_version": "2",
    "remote_ip": "172.217.16.195",
    "remote_port": "443",
    "status": "ok",
    "time_appconnect": "0.031868",
    "time_connect": "0.014170",
    "time_namelookup": "0.012714",
    "time_pretransfer": "0.031957",
    "time_redirect": "0.000000",
    "time_starttransfer": "0.075692",
    "time_total": "0.076552",
    "website": "https://www.google.rs"
}
https://www.google.lk: {
    "http_version": "2",
    "remote_ip": "172.217.21.195",
    "remote_port": "443",
    "status": "ok",
    "time_appconnect": "0.035071",
    "time_connect": "0.012042",
    "time_namelookup": "0.010901",
    "time_pretransfer": "0.035165",
    "time_redirect": "0.000000",
    "time_starttransfer": "0.076640",
    "time_total": "0.076979",
    "website": "https://www.google.lk"
}
https://www.geekwire.com: {
    "http_version": "2",
    "remote_ip": "104.26.14.176",
    "remote_port": "443",
    "status": "ok",
    "time_appconnect": "0.022975",
    "time_connect": "0.007162",
    "time_namelookup": "0.005926",
    "time_pretransfer": "0.023092",
    "time_redirect": "0.000000",
    "time_starttransfer": "0.065315",
    "time_total": "0.136460",
    "website": "https://www.geekwire.com"
}
https://www.dikaiologitika.gr: {
    "http_version": "2",
    "remote_ip": "104.26.12.47",
    "remote_port": "443",
    "status": "ok",
    "time_appconnect": "0.030539",
    "time_connect": "0.016541",
    "time_namelookup": "0.015299",
    "time_pretransfer": "0.030661",
    "time_redirect": "0.000000",
    "time_starttransfer": "0.098359",
    "time_total": "0.099458",
    "website": "https://www.dikaiologitika.gr"
}
