{
    "domComplete": 3021.0150000002614,
    "domInteractive": 1062.3450000002777,
    "nextHopProtocol": "h2",
    "responseStart": 517.8799999994226,
    "website": "https://www.yifysubtitles.org"
}
{
    "domComplete": 6053.874999999607,
    "domInteractive": 3353.1499999990046,
    "nextHopProtocol": "h2",
    "responseStart": 1505.6599999988975,
    "website": "https://www.narrative.io"
}
{
    "domComplete": 2316.04999999945,
    "domInteractive": 394.16999999957625,
    "nextHopProtocol": "h2",
    "responseStart": 185.94999999913853,
    "website": "https://www.jomashop.com"
}
{
    "domComplete": 13949.329999999463,
    "domInteractive": 2184.9199999996927,
    "nextHopProtocol": "h2",
    "responseStart": 446.5149999996356,
    "website": "https://www.servimg.com"
}
{
    "domComplete": 3209.404999999606,
    "domInteractive": 1936.1649999991641,
    "nextHopProtocol": "h2",
    "responseStart": 1857.7449999993405,
    "website": "https://www.zblogcn.com"
}
{
    "domComplete": 2625.41500000043,
    "domInteractive": 1599.6699999996054,
    "nextHopProtocol": "h2",
    "responseStart": 539.1700000000128,
    "website": "https://www.actionnetwork.org"
}
{
    "domComplete": 577.965000000404,
    "domInteractive": 495.4200000011042,
    "nextHopProtocol": "h2",
    "responseStart": 283.3100000007107,
    "website": "https://www.shopifypreview.com"
}
{
    "domComplete": 1174.6249999996508,
    "domInteractive": 431.9949999990058,
    "nextHopProtocol": "h2",
    "responseStart": 206.66999999957625,
    "website": "https://www.google.com.lb"
}
{
    "domComplete": 536.8299999990995,
    "domInteractive": 340.8499999986816,
    "nextHopProtocol": "h2",
    "responseStart": 115.64499999985856,
    "website": "https://www.redstate.com"
}
{
    "domComplete": 3389.4000000000233,
    "domInteractive": 2005.3399999997055,
    "nextHopProtocol": "h2",
    "responseStart": 1109.8849999998492,
    "website": "https://www.smarttradecoin.com"
}
{
    "domComplete": 1376.7400000015186,
    "domInteractive": 815.3000000002066,
    "nextHopProtocol": "h2",
    "responseStart": 41.26000000178465,
    "website": "https://www.brightlocal.com"
}
{
    "domComplete": 4700.4450000004,
    "domInteractive": 2810.9150000000227,
    "nextHopProtocol": "h2",
    "responseStart": 240.11500000051456,
    "website": "https://www.gotporn.com"
}
{
    "domComplete": 3078.545000000304,
    "domInteractive": 2110.885000000053,
    "nextHopProtocol": "h2",
    "responseStart": 889.6550000008574,
    "website": "https://www.workplace.com"
}
{
    "domComplete": 1288.0800000002637,
    "domInteractive": 548.9900000011403,
    "nextHopProtocol": "h2",
    "responseStart": 106.39000000082888,
    "website": "https://www.google.co.ke"
}
{
    "domComplete": 2247.670000000653,
    "domInteractive": 1147.8700000006938,
    "nextHopProtocol": "h2",
    "responseStart": 111.46000000007916,
    "website": "https://www.chrono24.com"
}
{
    "domComplete": 1467.2599999994418,
    "domInteractive": 783.1800000003568,
    "nextHopProtocol": "h2",
    "responseStart": 134.17499999923166,
    "website": "https://www.google.ge"
}
{
    "domComplete": 1044.7899999999208,
    "domInteractive": 520.024999999805,
    "nextHopProtocol": "h2",
    "responseStart": 116.5549999986979,
    "website": "https://www.google.cat"
}
{
    "domComplete": 1702.9550000006566,
    "domInteractive": 1525.1499999994849,
    "nextHopProtocol": "h2",
    "responseStart": 788.4099999992031,
    "website": "https://www.yankodesign.com"
}
{
    "domComplete": 277.49500000027183,
    "domInteractive": 140.85000000159198,
    "nextHopProtocol": "h2",
    "responseStart": 62.55000000055588,
    "website": "https://www.apkmirror.com"
}
{
    "domComplete": 2764.5900000006804,
    "domInteractive": 2296.635000000606,
    "nextHopProtocol": "h2",
    "responseStart": 867.6249999989523,
    "website": "https://www.cloudflare-dns.com"
}
{
    "domComplete": 1704.8049999993964,
    "domInteractive": 788.2499999996071,
    "nextHopProtocol": "h2",
    "responseStart": 440.3949999996257,
    "website": "https://www.google.com.kh"
}
{
    "domComplete": 1005.6150000000343,
    "domInteractive": 313.22499999987485,
    "nextHopProtocol": "h2",
    "responseStart": 111.11499999969965,
    "website": "https://www.google.lu"
}
{
    "domComplete": 933.2049999993615,
    "domInteractive": 760.6849999992846,
    "nextHopProtocol": "h2",
    "responseStart": 55.72500000016589,
    "website": "https://www.chrome.com"
}
{
    "domComplete": 267.3000000013417,
    "domInteractive": 207.68000000134634,
    "nextHopProtocol": "h2",
    "responseStart": 54.82000000120024,
    "website": "https://www.yangsenshoubao.com"
}
{
    "domComplete": 4383.2299999994575,
    "domInteractive": 968.075000000681,
    "nextHopProtocol": "h2",
    "responseStart": 47.40500000116299,
    "website": "https://www.destructoid.com"
}
{
    "domComplete": 1259.5000000001164,
    "domInteractive": 568.3750000007421,
    "nextHopProtocol": "h2",
    "responseStart": 63.00000000010186,
    "website": "https://www.cibercuba.com"
}
{
    "domComplete": 1593.7800000010611,
    "domInteractive": 1219.6350000012899,
    "nextHopProtocol": "h2",
    "responseStart": 59.48000000171305,
    "website": "https://www.smrtb.com"
}
{
    "domComplete": 1463.0350000006729,
    "domInteractive": 471.46000000066124,
    "nextHopProtocol": "h2",
    "responseStart": 329.0500000002794,
    "website": "https://www.clutch.co"
}
{
    "domComplete": 1872.1650000006775,
    "domInteractive": 1700.845000001209,
    "nextHopProtocol": "h2",
    "responseStart": 1141.6600000011385,
    "website": "https://www.blogspot.mx"
}
{
    "domComplete": 154.24999999959255,
    "domInteractive": 139.31000000047788,
    "nextHopProtocol": "",
    "responseStart": 0.17500000103609636,
    "website": "https://www.googlehosted.com"
}
{
    "domComplete": 5154.590000000098,
    "domInteractive": 2359.79000000043,
    "nextHopProtocol": "h2",
    "responseStart": 98.86999999980617,
    "website": "https://www.ethnos.gr"
}
{
    "domComplete": 1444.2400000007183,
    "domInteractive": 1284.204999999929,
    "nextHopProtocol": "h2",
    "responseStart": 777.7399999995396,
    "website": "https://www.blogspot.ch"
}
{
    "domComplete": 5751.369999999952,
    "domInteractive": 3286.679999999251,
    "nextHopProtocol": "h2",
    "responseStart": 1311.6549999995186,
    "website": "https://www.moveon.org"
}
{
    "domComplete": 1105.3099999990081,
    "domInteractive": 513.0899999985559,
    "nextHopProtocol": "h2",
    "responseStart": 121.72999999893364,
    "website": "https://www.google.am"
}
{
    "domComplete": 1305.225000000064,
    "domInteractive": 929.2249999998603,
    "nextHopProtocol": "h2",
    "responseStart": 58.72500000077707,
    "website": "https://www.gcu.edu"
}
{
    "domComplete": 1533.1049999986135,
    "domInteractive": 812.7549999990151,
    "nextHopProtocol": "h2",
    "responseStart": 131.87499999912689,
    "website": "https://www.google.hn"
}
{
    "domComplete": 943.9249999995809,
    "domInteractive": 416.18000000016764,
    "nextHopProtocol": "h2",
    "responseStart": 105.56999999971595,
    "website": "https://www.google.com.om"
}
{
    "domComplete": 1115.4850000002625,
    "domInteractive": 503.9950000009412,
    "nextHopProtocol": "h2",
    "responseStart": 121.81500000042433,
    "website": "https://www.google.com.pr"
}
{
    "domComplete": 1159.7799999999552,
    "domInteractive": 437.2399999992922,
    "nextHopProtocol": "h2",
    "responseStart": 118.91499999910593,
    "website": "https://www.google.cd"
}
{
    "domComplete": 777.2549999990588,
    "domInteractive": 164.97999999955937,
    "nextHopProtocol": "h2",
    "responseStart": 51.99999999967986,
    "website": "https://www.cookieconsent.com"
}
{
    "domComplete": 1078.5550000000512,
    "domInteractive": 413.49499999887485,
    "nextHopProtocol": "h2",
    "responseStart": 122.08999999893422,
    "website": "https://www.google.com.ni"
}
{
    "domComplete": 4824.784999998883,
    "domInteractive": 2205.449999999473,
    "nextHopProtocol": "h2",
    "responseStart": 747.4449999990611,
    "website": "https://www.icook.tw"
}
{
    "domComplete": 778.6999999989348,
    "domInteractive": 217.81000000009954,
    "nextHopProtocol": "h2",
    "responseStart": 61.859999999796855,
    "website": "https://www.jewishvirtuallibrary.org"
}
{
    "domComplete": 241.6750000011234,
    "domInteractive": 142.44000000144297,
    "nextHopProtocol": "h2",
    "responseStart": 65.13000000086322,
    "website": "https://www.woyaowz.cn"
}
{
    "domComplete": 3831.4599999994243,
    "domInteractive": 1761.1399999987043,
    "nextHopProtocol": "h2",
    "responseStart": 356.5049999997427,
    "website": "https://www.ionicframework.com"
}
{
    "domComplete": 1965.7899999983783,
    "domInteractive": 1665.949999998702,
    "nextHopProtocol": "h2",
    "responseStart": 666.7249999991327,
    "website": "https://www.fee.org"
}
{
    "domComplete": 1741.809999999532,
    "domInteractive": 1214.5149999996647,
    "nextHopProtocol": "h2",
    "responseStart": 588.7349999993603,
    "website": "https://www.zurb.com"
}
{
    "domComplete": 1277.4650000010297,
    "domInteractive": 429.2700000005425,
    "nextHopProtocol": "h2",
    "responseStart": 109.22000000027765,
    "website": "https://www.google.ci"
}
{
    "domComplete": 1818.3150000004389,
    "domInteractive": 1568.9650000003894,
    "nextHopProtocol": "h2",
    "responseStart": 1119.1600000001927,
    "website": "https://www.blogspot.gr"
}
{
    "domComplete": 7517.659999999523,
    "domInteractive": 2285.0650000000314,
    "nextHopProtocol": "h2",
    "responseStart": 887.2799999990093,
    "website": "https://www.quantummetric.com"
}
{
    "domComplete": 6141.405000000304,
    "domInteractive": 3190.5100000003586,
    "nextHopProtocol": "h2",
    "responseStart": 958.8650000005146,
    "website": "https://www.weiqingbao.cc"
}
{
    "domComplete": 2812.095000001136,
    "domInteractive": 1039.4699999997101,
    "nextHopProtocol": "h2",
    "responseStart": 224.14500000013504,
    "website": "https://www.google.com.et"
}
{
    "domComplete": 3516.830000000482,
    "domInteractive": 1005.2099999993516,
    "nextHopProtocol": "h2",
    "responseStart": 218.78499999911583,
    "website": "https://www.vivo.sx"
}
{
    "domComplete": 3696.8100000012782,
    "domInteractive": 2285.570000000007,
    "nextHopProtocol": "h2",
    "responseStart": 439.40500000098837,
    "website": "https://www.faucetpay.io"
}
{
    "domComplete": 30024.15999999903,
    "domInteractive": 8496.315000000322,
    "nextHopProtocol": "h2",
    "responseStart": 268.2299999996758,
    "website": "https://www.newsbeast.gr"
}
{
    "domComplete": 522.369999998773,
    "domInteractive": 336.7449999987002,
    "nextHopProtocol": "h2",
    "responseStart": 59.314999998605344,
    "website": "https://www.privacypolicygenerator.info"
}
{
    "domComplete": 448.12499999898137,
    "domInteractive": 305.38499999966007,
    "nextHopProtocol": "",
    "responseStart": 0.5999999993946403,
    "website": "https://www.accountkit.com"
}
{
    "domComplete": 2677.8400000002875,
    "domInteractive": 748.7550000005285,
    "nextHopProtocol": "h2",
    "responseStart": 175.95000000073924,
    "website": "https://www.google.mu"
}
{
    "domComplete": 2504.349999999249,
    "domInteractive": 1453.364999999394,
    "nextHopProtocol": "h2",
    "responseStart": 262.6799999998184,
    "website": "https://www.google.mn"
}
{
    "domComplete": 7020.089999999982,
    "domInteractive": 2740.364999999656,
    "nextHopProtocol": "h2",
    "responseStart": 440.02999999975145,
    "website": "https://www.backblaze.com"
}
{
    "domComplete": 3994.2750000009255,
    "domInteractive": 1350.4200000006676,
    "nextHopProtocol": "h2",
    "responseStart": 1142.2999999995227,
    "website": "https://www.123milhas.com"
}
{
    "domComplete": 1212.8949999987526,
    "domInteractive": 694.7650000001886,
    "nextHopProtocol": "h2",
    "responseStart": 193.18500000008498,
    "website": "https://www.privacypolicyonline.com"
}
{
    "domComplete": 4506.099999998696,
    "domInteractive": 772.1199999996315,
    "nextHopProtocol": "h2",
    "responseStart": 67.5599999995029,
    "website": "https://www.carsforsale.com"
}
{
    "domComplete": 21280.174999999872,
    "domInteractive": 5996.079999998983,
    "nextHopProtocol": "h2",
    "responseStart": 1173.994999999195,
    "website": "https://www.phillymag.com"
}
{
    "domComplete": 3479.4350000011036,
    "domInteractive": 2491.729999999734,
    "nextHopProtocol": "h2",
    "responseStart": 266.1150000003545,
    "website": "https://www.gradeup.co"
}
{
    "domComplete": 15858.97500000101,
    "domInteractive": 5810.225000001083,
    "nextHopProtocol": "h2",
    "responseStart": 991.0850000014761,
    "website": "https://www.lectortmo.com"
}
{
    "domComplete": 1726.6900000013266,
    "domInteractive": 1708.3999999995285,
    "nextHopProtocol": "h2",
    "responseStart": 1475.705000000744,
    "website": "https://www.blogblog.com"
}
{
    "domComplete": 7257.359999999608,
    "domInteractive": 2227.1049999999377,
    "nextHopProtocol": "h2",
    "responseStart": 166.03500000019267,
    "website": "https://www.tailorbrands.com"
}
{
    "domComplete": 1279.114999999365,
    "domInteractive": 934.7099999995407,
    "nextHopProtocol": "h2",
    "responseStart": 261.28999999855296,
    "website": "https://www.top.gg"
}
{
    "domComplete": 22253.665000000183,
    "domInteractive": 5682.950000000346,
    "nextHopProtocol": "h2",
    "responseStart": 661.6950000006909,
    "website": "https://www.shiftdelete.net"
}
{
    "domComplete": 5237.105000000156,
    "domInteractive": 2450.5499999995664,
    "nextHopProtocol": "h2",
    "responseStart": 382.41500000003725,
    "website": "https://www.vdo.ai"
}
{
    "domComplete": 4522.480000001451,
    "domInteractive": 2508.8600000017323,
    "nextHopProtocol": "h2",
    "responseStart": 594.74500000033,
    "website": "https://www.buymeacoffee.com"
}
{
    "domComplete": 3167.8049999991345,
    "domInteractive": 2211.0849999990023,
    "nextHopProtocol": "h2",
    "responseStart": 1432.5349999999162,
    "website": "https://www.blogspot.com.ar"
}
{
    "domComplete": 2236.300000000483,
    "domInteractive": 774.3699999991804,
    "nextHopProtocol": "h2",
    "responseStart": 679.8149999995076,
    "website": "https://www.termly.io"
}
{
    "domComplete": 1775.0400000004447,
    "domInteractive": 979.6600000008766,
    "nextHopProtocol": "h2",
    "responseStart": 230.92999999971653,
    "website": "https://www.google.com.pa"
}
{
    "domComplete": 1228.6149999999907,
    "domInteractive": 1221.9100000002072,
    "nextHopProtocol": "",
    "responseStart": 1014.9899999996705,
    "website": "https://www.mb.com.ph"
}
{
    "domComplete": 10990.700000000288,
    "domInteractive": 1759.3250000008993,
    "nextHopProtocol": "h2",
    "responseStart": 198.61000000128115,
    "website": "https://www.nation.co.ke"
}
{
    "domComplete": 4058.614999999918,
    "domInteractive": 2974.4449999998324,
    "nextHopProtocol": "h2",
    "responseStart": 50.27499999960128,
    "website": "https://www.typing.com"
}
{
    "domComplete": 2547.7150000006077,
    "domInteractive": 2347.8850000010425,
    "nextHopProtocol": "h2",
    "responseStart": 1276.495000000068,
    "website": "https://www.blogspot.pt"
}
{
    "domComplete": 2909.975000000486,
    "domInteractive": 1015.3250000003027,
    "nextHopProtocol": "h2",
    "responseStart": 234.36500000025262,
    "website": "https://www.google.com.af"
}
{
    "domComplete": 9037.804999999935,
    "domInteractive": 4481.134999999995,
    "nextHopProtocol": "h2",
    "responseStart": 255.18000000010943,
    "website": "https://www.sixflags.com"
}
{
    "domComplete": 2475.785000000542,
    "domInteractive": 1320.4200000000128,
    "nextHopProtocol": "h2",
    "responseStart": 754.9249999992753,
    "website": "https://www.googlesource.com"
}
{
    "domComplete": 3101.590000000215,
    "domInteractive": 2342.5550000010844,
    "nextHopProtocol": "h2",
    "responseStart": 793.6349999999948,
    "website": "https://www.rawpixel.com"
}
{
    "domComplete": 1797.3650000003545,
    "domInteractive": 828.1999999999243,
    "nextHopProtocol": "h2",
    "responseStart": 236.19499999949767,
    "website": "https://www.google.as"
}
{
    "domComplete": 2001.7950000001292,
    "domInteractive": 716.8099999998958,
    "nextHopProtocol": "h2",
    "responseStart": 164.55500000120082,
    "website": "https://www.google.is"
}
{
    "domComplete": 1532.9549999987648,
    "domInteractive": 748.1250000000728,
    "nextHopProtocol": "h2",
    "responseStart": 236.42499999914435,
    "website": "https://www.google.md"
}
{
    "domComplete": 2248.8400000002002,
    "domInteractive": 1166.6600000007747,
    "nextHopProtocol": "h2",
    "responseStart": 388.120000001436,
    "website": "https://www.google.ht"
}
{
    "domComplete": 1822.7499999993597,
    "domInteractive": 1308.2849999991595,
    "nextHopProtocol": "h2",
    "responseStart": 1128.7499999998545,
    "website": "https://www.fragrantica.ru"
}
{
    "domComplete": 11306.875000000218,
    "domInteractive": 4831.360000000132,
    "nextHopProtocol": "h2",
    "responseStart": 1709.6849999998085,
    "website": "https://www.hotair.com"
}
{
    "domComplete": 3922.004999998535,
    "domInteractive": 723.2800000001589,
    "nextHopProtocol": "h2",
    "responseStart": 501.7150000003312,
    "website": "https://www.gizmochina.com"
}
{
    "domComplete": 16263.034999999945,
    "domInteractive": 5257.179999998698,
    "nextHopProtocol": "h2",
    "responseStart": 498.1950000001234,
    "website": "https://www.defimedia.info"
}
{
    "domComplete": 5471.239999998943,
    "domInteractive": 2924.364999998943,
    "nextHopProtocol": "h2",
    "responseStart": 959.0599999992264,
    "website": "https://www.thimpress.com"
}
{
    "domComplete": 1748.7049999999726,
    "domInteractive": 750.0999999992928,
    "nextHopProtocol": "h2",
    "responseStart": 260.0299999994604,
    "website": "https://www.google.com.mt"
}
{
    "domComplete": 9138.24999999997,
    "domInteractive": 1758.4999999999127,
    "nextHopProtocol": "h2",
    "responseStart": 397.11499999975786,
    "website": "https://www.escapistmagazine.com"
}
{
    "domComplete": 13590.414999998757,
    "domInteractive": 3592.259999999442,
    "nextHopProtocol": "h2",
    "responseStart": 1249.4499999993423,
    "website": "https://www.bookshop.org"
}
{
    "domComplete": 4978.659999998854,
    "domInteractive": 2805.3500000005442,
    "nextHopProtocol": "h2",
    "responseStart": 445.34999999996217,
    "website": "https://www.greatergood.com"
}
{
    "domComplete": 3441.225000000486,
    "domInteractive": 1738.825000000361,
    "nextHopProtocol": "h2",
    "responseStart": 649.3700000009994,
    "website": "https://www.cimaclub.io"
}
{
    "domComplete": 1302.3099999991246,
    "domInteractive": 573.7049999988812,
    "nextHopProtocol": "h2",
    "responseStart": 203.48999999987427,
    "website": "https://www.google.al"
}
{
    "domComplete": 466.3700000000972,
    "domInteractive": 456.3299999990704,
    "nextHopProtocol": "h2",
    "responseStart": 213.6399999999412,
    "website": "https://www.steamdb.info"
}
{
    "domComplete": 7533.250000000407,
    "domInteractive": 5265.15499999914,
    "nextHopProtocol": "h2",
    "responseStart": 560.1449999994657,
    "website": "https://www.instamojo.com"
}
{
    "domComplete": 19227.355000000898,
    "domInteractive": 7488.385000000562,
    "nextHopProtocol": "h2",
    "responseStart": 2972.0300000008137,
    "website": "https://www.gamefront.com"
}
{
    "domComplete": 1737.460000000283,
    "domInteractive": 792.4199999997654,
    "nextHopProtocol": "h2",
    "responseStart": 243.16499999986263,
    "website": "https://www.google.li"
}
{
    "domComplete": 476.03499999968335,
    "domInteractive": 430.3749999999127,
    "nextHopProtocol": "h2",
    "responseStart": 234.67499999969732,
    "website": "https://www.sefon.pro"
}
{
    "domComplete": 5010.064999998576,
    "domInteractive": 1669.0949999992881,
    "nextHopProtocol": "http/1.1",
    "responseStart": 439.40999999904307,
    "website": "https://www.internetlivestats.com"
}
{
    "domComplete": 1759.0749999999389,
    "domInteractive": 1013.3850000001985,
    "nextHopProtocol": "h2",
    "responseStart": 458.5749999987456,
    "website": "https://www.google.ad"
}
{
    "domComplete": 5940.979999999399,
    "domInteractive": 2491.910000000644,
    "nextHopProtocol": "h2",
    "responseStart": 938.8699999999517,
    "website": "https://www.tecnoblog.net"
}
{
    "domComplete": 9266.305000001012,
    "domInteractive": 4943.864999999278,
    "nextHopProtocol": "h2",
    "responseStart": 1003.4749999995256,
    "website": "https://www.familydoctor.org"
}
{
    "domComplete": 19762.314999999944,
    "domInteractive": 4922.184999999445,
    "nextHopProtocol": "h2",
    "responseStart": 693.9899999997579,
    "website": "https://www.oceanwp.org"
}
{
    "domComplete": 3782.680000000255,
    "domInteractive": 1501.0700000002544,
    "nextHopProtocol": "h2",
    "responseStart": 458.8550000007672,
    "website": "https://www.google.co.mz"
}
{
    "domComplete": 18575.025000000096,
    "domInteractive": 4607.079999999769,
    "nextHopProtocol": "h2",
    "responseStart": 241.30000000150176,
    "website": "https://www.staples.ca"
}
{
    "domComplete": 2769.7399999997288,
    "domInteractive": 1290.0300000001153,
    "nextHopProtocol": "h2",
    "responseStart": 235.6499999987136,
    "website": "https://www.google.co.bw"
}
{
    "domComplete": 2938.640000000305,
    "domInteractive": 1671.5800000001764,
    "nextHopProtocol": "h2",
    "responseStart": 517.7700000003824,
    "website": "https://www.google.com.cy"
}
{
    "domComplete": 4517.284999999902,
    "domInteractive": 3487.6949999998033,
    "nextHopProtocol": "h2",
    "responseStart": 1152.844999998706,
    "website": "https://www.publicintegrity.org"
}
{
    "domComplete": 1260.7250000000931,
    "domInteractive": 724.9150000006921,
    "nextHopProtocol": "h2",
    "responseStart": 63.85000000045693,
    "website": "https://www.tamildhool.net"
}
{
    "domComplete": 2743.5499999992317,
    "domInteractive": 1038.6600000001636,
    "nextHopProtocol": "h2",
    "responseStart": 180.7150000004185,
    "website": "https://www.google.co.ug"
}
{
    "domComplete": 2442.3600000009174,
    "domInteractive": 1416.9700000002194,
    "nextHopProtocol": "h2",
    "responseStart": 240.34000000028755,
    "website": "https://www.google.com.gh"
}
{
    "domComplete": 461.3549999994575,
    "domInteractive": 459.35000000099535,
    "nextHopProtocol": "h2",
    "responseStart": 263.80500000050233,
    "website": "https://www.applvn.com"
}
{
    "domComplete": 2716.730000000098,
    "domInteractive": 987.170000000333,
    "nextHopProtocol": "h2",
    "responseStart": 667.9899999999179,
    "website": "https://www.iisd.org"
}
{
    "domComplete": 11069.354999999632,
    "domInteractive": 1545.2750000004016,
    "nextHopProtocol": "h2",
    "responseStart": 460.1249999996071,
    "website": "https://www.specialized.com"
}
{
    "domComplete": 9439.495000000534,
    "domInteractive": 3450.2099999990605,
    "nextHopProtocol": "h2",
    "responseStart": 1142.7650000005087,
    "website": "https://www.ttshow.tw"
}
{
    "domComplete": 3430.2050000005693,
    "domInteractive": 918.1400000015856,
    "nextHopProtocol": "h2",
    "responseStart": 164.9150000012014,
    "website": "https://www.google.la"
}
{
    "domComplete": 3468.670000000202,
    "domInteractive": 1537.014999999883,
    "nextHopProtocol": "h2",
    "responseStart": 414.75999999966007,
    "website": "https://www.google.mg"
}
{
    "domComplete": 2723.9950000002864,
    "domInteractive": 2479.699999999866,
    "nextHopProtocol": "h2",
    "responseStart": 1429.1549999998097,
    "website": "https://www.blogspot.ro"
}
{
    "domComplete": 20788.469999999506,
    "domInteractive": 5527.205000000322,
    "nextHopProtocol": "h2",
    "responseStart": 955.1449999999022,
    "website": "https://www.bostonmagazine.com"
}
{
    "domComplete": 3744.0600000009,
    "domInteractive": 1237.619999999879,
    "nextHopProtocol": "h2",
    "responseStart": 222.69500000038533,
    "website": "https://www.google.sn"
}
{
    "domComplete": 3711.79999999913,
    "domInteractive": 1508.4599999991042,
    "nextHopProtocol": "h2",
    "responseStart": 180.39999999928114,
    "website": "https://www.google.bs"
}
{
    "domComplete": 2388.94000000073,
    "domInteractive": 973.3550000000832,
    "nextHopProtocol": "h2",
    "responseStart": 376.9250000004831,
    "website": "https://www.google.co.uz"
}
