https://www.yifysubtitles.org: {
    "http_version": "2",
    "remote_ip": "104.28.25.84",
    "remote_port": "443",
    "status": "ok",
    "time_appconnect": "0.076509",
    "time_connect": "0.027587",
    "time_namelookup": "0.016494",
    "time_pretransfer": "0.076644",
    "time_redirect": "0.000000",
    "time_starttransfer": "0.106140",
    "time_total": "0.106192",
    "website": "https://www.yifysubtitles.org"
}
https://www.narrative.io: {
    "http_version": "2",
    "remote_ip": "199.60.103.30",
    "remote_port": "443",
    "status": "ok",
    "time_appconnect": "0.143637",
    "time_connect": "0.128448",
    "time_namelookup": "0.126332",
    "time_pretransfer": "0.143782",
    "time_redirect": "0.000000",
    "time_starttransfer": "1.016249",
    "time_total": "1.019424",
    "website": "https://www.narrative.io"
}
https://www.jomashop.com: {
    "http_version": "2",
    "remote_ip": "104.20.213.46",
    "remote_port": "443",
    "status": "ok",
    "time_appconnect": "0.051108",
    "time_connect": "0.008670",
    "time_namelookup": "0.007497",
    "time_pretransfer": "0.051237",
    "time_redirect": "0.000000",
    "time_starttransfer": "0.180986",
    "time_total": "0.181419",
    "website": "https://www.jomashop.com"
}
https://www.servimg.com: {
    "http_version": "2",
    "remote_ip": "104.28.1.55",
    "remote_port": "443",
    "status": "ok",
    "time_appconnect": "0.056714",
    "time_connect": "0.028140",
    "time_namelookup": "0.019575",
    "time_pretransfer": "0.056821",
    "time_redirect": "0.000000",
    "time_starttransfer": "0.147875",
    "time_total": "0.147968",
    "website": "https://www.servimg.com"
}
https://www.zblogcn.com: {
    "http_version": "2",
    "remote_ip": "104.24.104.6",
    "remote_port": "443",
    "status": "ok",
    "time_appconnect": "0.347443",
    "time_connect": "0.325135",
    "time_namelookup": "0.316463",
    "time_pretransfer": "0.347591",
    "time_redirect": "0.000000",
    "time_starttransfer": "1.622134",
    "time_total": "1.622412",
    "website": "https://www.zblogcn.com"
}
https://www.actionnetwork.org: {
    "http_version": "2",
    "remote_ip": "104.22.12.105",
    "remote_port": "443",
    "status": "ok",
    "time_appconnect": "0.043404",
    "time_connect": "0.007478",
    "time_namelookup": "0.006716",
    "time_pretransfer": "0.043537",
    "time_redirect": "0.000000",
    "time_starttransfer": "0.591612",
    "time_total": "0.591742",
    "website": "https://www.actionnetwork.org"
}
https://www.shopifypreview.com: {
    "http_version": "2",
    "remote_ip": "23.227.38.37",
    "remote_port": "443",
    "status": "ok",
    "time_appconnect": "0.031615",
    "time_connect": "0.014407",
    "time_namelookup": "0.013556",
    "time_pretransfer": "0.031742",
    "time_redirect": "0.000000",
    "time_starttransfer": "0.252140",
    "time_total": "0.252600",
    "website": "https://www.shopifypreview.com"
}
https://www.google.com.lb: {
    "http_version": "2",
    "remote_ip": "172.217.22.3",
    "remote_port": "443",
    "status": "ok",
    "time_appconnect": "0.029556",
    "time_connect": "0.011768",
    "time_namelookup": "0.011025",
    "time_pretransfer": "0.029665",
    "time_redirect": "0.000000",
    "time_starttransfer": "0.067574",
    "time_total": "0.067781",
    "website": "https://www.google.com.lb"
}
https://www.redstate.com: {
    "http_version": "2",
    "remote_ip": "104.18.16.211",
    "remote_port": "443",
    "status": "ok",
    "time_appconnect": "0.033230",
    "time_connect": "0.011042",
    "time_namelookup": "0.009902",
    "time_pretransfer": "0.033465",
    "time_redirect": "0.000000",
    "time_starttransfer": "0.044896",
    "time_total": "0.045012",
    "website": "https://www.redstate.com"
}
https://www.smarttradecoin.com: {
    "http_version": "2",
    "remote_ip": "104.26.14.238",
    "remote_port": "443",
    "status": "ok",
    "time_appconnect": "0.026116",
    "time_connect": "0.006920",
    "time_namelookup": "0.005935",
    "time_pretransfer": "0.026262",
    "time_redirect": "0.000000",
    "time_starttransfer": "0.070006",
    "time_total": "0.070096",
    "website": "https://www.smarttradecoin.com"
}
https://www.brightlocal.com: {
    "http_version": "2",
    "remote_ip": "104.16.20.25",
    "remote_port": "443",
    "status": "ok",
    "time_appconnect": "0.031202",
    "time_connect": "0.008775",
    "time_namelookup": "0.007674",
    "time_pretransfer": "0.031293",
    "time_redirect": "0.000000",
    "time_starttransfer": "0.052255",
    "time_total": "0.054454",
    "website": "https://www.brightlocal.com"
}
https://www.gotporn.com: {
    "http_version": "2",
    "remote_ip": "104.26.1.144",
    "remote_port": "443",
    "status": "ok",
    "time_appconnect": "0.024172",
    "time_connect": "0.006849",
    "time_namelookup": "0.005710",
    "time_pretransfer": "0.024305",
    "time_redirect": "0.000000",
    "time_starttransfer": "0.208163",
    "time_total": "0.338055",
    "website": "https://www.gotporn.com"
}
https://www.workplace.com: {
    "http_version": "2",
    "remote_ip": "69.171.250.15",
    "remote_port": "443",
    "status": "ok",
    "time_appconnect": "0.029129",
    "time_connect": "0.010042",
    "time_namelookup": "0.007941",
    "time_pretransfer": "0.029220",
    "time_redirect": "0.000000",
    "time_starttransfer": "0.486624",
    "time_total": "0.572148",
    "website": "https://www.workplace.com"
}
https://www.google.co.ke: {
    "http_version": "2",
    "remote_ip": "142.250.74.195",
    "remote_port": "443",
    "status": "ok",
    "time_appconnect": "0.033523",
    "time_connect": "0.014665",
    "time_namelookup": "0.011799",
    "time_pretransfer": "0.033616",
    "time_redirect": "0.000000",
    "time_starttransfer": "0.075706",
    "time_total": "0.075856",
    "website": "https://www.google.co.ke"
}
https://www.chrono24.com: {
    "http_version": "2",
    "remote_ip": "104.17.217.13",
    "remote_port": "443",
    "status": "ok",
    "time_appconnect": "0.033057",
    "time_connect": "0.010007",
    "time_namelookup": "0.008743",
    "time_pretransfer": "0.033181",
    "time_redirect": "0.000000",
    "time_starttransfer": "0.088975",
    "time_total": "0.091869",
    "website": "https://www.chrono24.com"
}
https://www.google.ge: {
    "http_version": "2",
    "remote_ip": "172.217.16.195",
    "remote_port": "443",
    "status": "ok",
    "time_appconnect": "0.095505",
    "time_connect": "0.077179",
    "time_namelookup": "0.075773",
    "time_pretransfer": "0.095602",
    "time_redirect": "0.000000",
    "time_starttransfer": "0.141999",
    "time_total": "0.142170",
    "website": "https://www.google.ge"
}
https://www.google.cat: {
    "http_version": "2",
    "remote_ip": "172.217.22.3",
    "remote_port": "443",
    "status": "ok",
    "time_appconnect": "0.045288",
    "time_connect": "0.023450",
    "time_namelookup": "0.021739",
    "time_pretransfer": "0.045413",
    "time_redirect": "0.000000",
    "time_starttransfer": "0.088776",
    "time_total": "0.089135",
    "website": "https://www.google.cat"
}
https://www.yankodesign.com: {
    "http_version": "2",
    "remote_ip": "172.67.69.79",
    "remote_port": "443",
    "status": "ok",
    "time_appconnect": "0.059572",
    "time_connect": "0.021709",
    "time_namelookup": "0.013004",
    "time_pretransfer": "0.059852",
    "time_redirect": "0.000000",
    "time_starttransfer": "0.764247",
    "time_total": "0.783009",
    "website": "https://www.yankodesign.com"
}
https://www.apkmirror.com: {
    "http_version": "2",
    "remote_ip": "104.19.132.58",
    "remote_port": "443",
    "status": "ok",
    "time_appconnect": "0.038922",
    "time_connect": "0.015002",
    "time_namelookup": "0.013825",
    "time_pretransfer": "0.039216",
    "time_redirect": "0.000000",
    "time_starttransfer": "0.067535",
    "time_total": "0.067658",
    "website": "https://www.apkmirror.com"
}
https://www.cloudflare-dns.com: {
    "http_version": "2",
    "remote_ip": "104.16.249.249",
    "remote_port": "443",
    "status": "ok",
    "time_appconnect": "0.031873",
    "time_connect": "0.009042",
    "time_namelookup": "0.008035",
    "time_pretransfer": "0.031991",
    "time_redirect": "0.000000",
    "time_starttransfer": "0.822656",
    "time_total": "0.868695",
    "website": "https://www.cloudflare-dns.com"
}
https://www.google.com.kh: {
    "http_version": "2",
    "remote_ip": "172.217.16.163",
    "remote_port": "443",
    "status": "ok",
    "time_appconnect": "0.746056",
    "time_connect": "0.726881",
    "time_namelookup": "0.725592",
    "time_pretransfer": "0.746159",
    "time_redirect": "0.000000",
    "time_starttransfer": "0.786503",
    "time_total": "0.786656",
    "website": "https://www.google.com.kh"
}
https://www.google.lu: {
    "http_version": "2",
    "remote_ip": "172.217.23.163",
    "remote_port": "443",
    "status": "ok",
    "time_appconnect": "0.030551",
    "time_connect": "0.011888",
    "time_namelookup": "0.010676",
    "time_pretransfer": "0.030643",
    "time_redirect": "0.000000",
    "time_starttransfer": "0.073346",
    "time_total": "0.073822",
    "website": "https://www.google.lu"
}
https://www.chrome.com: {
    "http_version": "2",
    "remote_ip": "216.239.32.27",
    "remote_port": "443",
    "status": "ok",
    "time_appconnect": "0.029979",
    "time_connect": "0.011562",
    "time_namelookup": "0.010355",
    "time_pretransfer": "0.030127",
    "time_redirect": "0.000000",
    "time_starttransfer": "0.038942",
    "time_total": "0.039136",
    "website": "https://www.chrome.com"
}
https://www.yangsenshoubao.com: {
    "http_version": "2",
    "remote_ip": "104.31.67.244",
    "remote_port": "443",
    "status": "ok",
    "time_appconnect": "0.046647",
    "time_connect": "0.019478",
    "time_namelookup": "0.010788",
    "time_pretransfer": "0.046754",
    "time_redirect": "0.000000",
    "time_starttransfer": "0.061754",
    "time_total": "0.061850",
    "website": "https://www.yangsenshoubao.com"
}
https://www.destructoid.com: {
    "http_version": "2",
    "remote_ip": "172.67.38.62",
    "remote_port": "443",
    "status": "ok",
    "time_appconnect": "0.029399",
    "time_connect": "0.011437",
    "time_namelookup": "0.010278",
    "time_pretransfer": "0.029509",
    "time_redirect": "0.000000",
    "time_starttransfer": "0.054718",
    "time_total": "0.055773",
    "website": "https://www.destructoid.com"
}
https://www.cibercuba.com: {
    "http_version": "2",
    "remote_ip": "104.26.10.132",
    "remote_port": "443",
    "status": "ok",
    "time_appconnect": "0.029069",
    "time_connect": "0.011900",
    "time_namelookup": "0.010917",
    "time_pretransfer": "0.029177",
    "time_redirect": "0.000000",
    "time_starttransfer": "0.062919",
    "time_total": "0.065766",
    "website": "https://www.cibercuba.com"
}
https://www.smrtb.com: {
    "http_version": "2",
    "remote_ip": "104.26.3.146",
    "remote_port": "443",
    "status": "ok",
    "time_appconnect": "0.030460",
    "time_connect": "0.013828",
    "time_namelookup": "0.012691",
    "time_pretransfer": "0.030606",
    "time_redirect": "0.000000",
    "time_starttransfer": "0.053092",
    "time_total": "0.053365",
    "website": "https://www.smrtb.com"
}
https://www.clutch.co: {
    "http_version": "2",
    "remote_ip": "104.24.253.3",
    "remote_port": "443",
    "status": "ok",
    "time_appconnect": "0.046783",
    "time_connect": "0.015254",
    "time_namelookup": "0.006567",
    "time_pretransfer": "0.046918",
    "time_redirect": "0.000000",
    "time_starttransfer": "0.075002",
    "time_total": "0.075058",
    "website": "https://www.clutch.co"
}
https://www.blogspot.mx: {
    "http_version": "2",
    "remote_ip": "172.217.22.41",
    "remote_port": "443",
    "status": "ok",
    "time_appconnect": "0.036566",
    "time_connect": "0.017736",
    "time_namelookup": "0.012717",
    "time_pretransfer": "0.036715",
    "time_redirect": "0.000000",
    "time_starttransfer": "0.606185",
    "time_total": "0.606440",
    "website": "https://www.blogspot.mx"
}
https://www.googlehosted.com: {
    "http_version": "0",
    "remote_ip": "172.217.22.97",
    "remote_port": "443",
    "status": "error",
    "time_appconnect": "0.000000",
    "time_connect": "0.015263",
    "time_namelookup": "0.013487",
    "time_pretransfer": "0.000000",
    "time_redirect": "0.000000",
    "time_starttransfer": "0.000000",
    "time_total": "0.040570",
    "website": "https://www.googlehosted.com"
}
https://www.ethnos.gr: {
    "http_version": "2",
    "remote_ip": "104.27.120.115",
    "remote_port": "443",
    "status": "ok",
    "time_appconnect": "0.048651",
    "time_connect": "0.014848",
    "time_namelookup": "0.006313",
    "time_pretransfer": "0.048788",
    "time_redirect": "0.000000",
    "time_starttransfer": "0.095157",
    "time_total": "0.114621",
    "website": "https://www.ethnos.gr"
}
https://www.blogspot.ch: {
    "http_version": "2",
    "remote_ip": "172.217.22.41",
    "remote_port": "443",
    "status": "ok",
    "time_appconnect": "0.034589",
    "time_connect": "0.016341",
    "time_namelookup": "0.014263",
    "time_pretransfer": "0.034749",
    "time_redirect": "0.000000",
    "time_starttransfer": "1.017854",
    "time_total": "1.017982",
    "website": "https://www.blogspot.ch"
}
https://www.moveon.org: {
    "http_version": "2",
    "remote_ip": "104.22.8.66",
    "remote_port": "443",
    "status": "ok",
    "time_appconnect": "0.051992",
    "time_connect": "0.036153",
    "time_namelookup": "0.034953",
    "time_pretransfer": "0.052095",
    "time_redirect": "0.000000",
    "time_starttransfer": "0.706755",
    "time_total": "0.706858",
    "website": "https://www.moveon.org"
}
https://www.google.am: {
    "http_version": "2",
    "remote_ip": "172.217.23.131",
    "remote_port": "443",
    "status": "ok",
    "time_appconnect": "0.033442",
    "time_connect": "0.014958",
    "time_namelookup": "0.011493",
    "time_pretransfer": "0.033565",
    "time_redirect": "0.000000",
    "time_starttransfer": "0.077664",
    "time_total": "0.077848",
    "website": "https://www.google.am"
}
https://www.gcu.edu: {
    "http_version": "2",
    "remote_ip": "104.17.108.55",
    "remote_port": "443",
    "status": "ok",
    "time_appconnect": "0.046599",
    "time_connect": "0.024244",
    "time_namelookup": "0.023157",
    "time_pretransfer": "0.046718",
    "time_redirect": "0.000000",
    "time_starttransfer": "0.064806",
    "time_total": "0.066888",
    "website": "https://www.gcu.edu"
}
https://www.google.hn: {
    "http_version": "2",
    "remote_ip": "172.217.23.99",
    "remote_port": "443",
    "status": "ok",
    "time_appconnect": "0.029467",
    "time_connect": "0.011578",
    "time_namelookup": "0.010131",
    "time_pretransfer": "0.029574",
    "time_redirect": "0.000000",
    "time_starttransfer": "0.070676",
    "time_total": "0.071017",
    "website": "https://www.google.hn"
}
https://www.google.com.om: {
    "http_version": "2",
    "remote_ip": "172.217.18.99",
    "remote_port": "443",
    "status": "ok",
    "time_appconnect": "0.030871",
    "time_connect": "0.013216",
    "time_namelookup": "0.011776",
    "time_pretransfer": "0.030963",
    "time_redirect": "0.000000",
    "time_starttransfer": "0.072922",
    "time_total": "0.073903",
    "website": "https://www.google.com.om"
}
https://www.google.com.pr: {
    "http_version": "2",
    "remote_ip": "216.58.212.131",
    "remote_port": "443",
    "status": "ok",
    "time_appconnect": "0.061229",
    "time_connect": "0.043515",
    "time_namelookup": "0.042272",
    "time_pretransfer": "0.061339",
    "time_redirect": "0.000000",
    "time_starttransfer": "0.101742",
    "time_total": "0.102258",
    "website": "https://www.google.com.pr"
}
https://www.google.cd: {
    "http_version": "2",
    "remote_ip": "172.217.16.163",
    "remote_port": "443",
    "status": "ok",
    "time_appconnect": "0.030829",
    "time_connect": "0.011921",
    "time_namelookup": "0.010886",
    "time_pretransfer": "0.030992",
    "time_redirect": "0.000000",
    "time_starttransfer": "0.073616",
    "time_total": "0.073893",
    "website": "https://www.google.cd"
}
https://www.cookieconsent.com: {
    "http_version": "2",
    "remote_ip": "104.24.109.21",
    "remote_port": "443",
    "status": "ok",
    "time_appconnect": "0.040624",
    "time_connect": "0.014451",
    "time_namelookup": "0.005783",
    "time_pretransfer": "0.040729",
    "time_redirect": "0.000000",
    "time_starttransfer": "0.059172",
    "time_total": "0.060556",
    "website": "https://www.cookieconsent.com"
}
https://www.google.com.ni: {
    "http_version": "2",
    "remote_ip": "216.58.207.67",
    "remote_port": "443",
    "status": "ok",
    "time_appconnect": "0.199145",
    "time_connect": "0.178627",
    "time_namelookup": "0.177393",
    "time_pretransfer": "0.199290",
    "time_redirect": "0.000000",
    "time_starttransfer": "0.237827",
    "time_total": "0.238259",
    "website": "https://www.google.com.ni"
}
https://www.icook.tw: {
    "http_version": "2",
    "remote_ip": "104.17.46.56",
    "remote_port": "443",
    "status": "ok",
    "time_appconnect": "0.022412",
    "time_connect": "0.008059",
    "time_namelookup": "0.007313",
    "time_pretransfer": "0.022534",
    "time_redirect": "0.000000",
    "time_starttransfer": "0.171722",
    "time_total": "0.171768",
    "website": "https://www.icook.tw"
}
https://www.jewishvirtuallibrary.org: {
    "http_version": "2",
    "remote_ip": "104.18.36.54",
    "remote_port": "443",
    "status": "ok",
    "time_appconnect": "0.072403",
    "time_connect": "0.047061",
    "time_namelookup": "0.038550",
    "time_pretransfer": "0.072492",
    "time_redirect": "0.000000",
    "time_starttransfer": "0.093614",
    "time_total": "0.094190",
    "website": "https://www.jewishvirtuallibrary.org"
}
https://www.woyaowz.cn: {
    "http_version": "2",
    "remote_ip": "104.18.46.3",
    "remote_port": "443",
    "status": "ok",
    "time_appconnect": "0.064898",
    "time_connect": "0.033075",
    "time_namelookup": "0.024559",
    "time_pretransfer": "0.065007",
    "time_redirect": "0.000000",
    "time_starttransfer": "0.237046",
    "time_total": "0.237178",
    "website": "https://www.woyaowz.cn"
}
https://www.ionicframework.com: {
    "http_version": "2",
    "remote_ip": "172.67.69.29",
    "remote_port": "443",
    "status": "ok",
    "time_appconnect": "0.049139",
    "time_connect": "0.029112",
    "time_namelookup": "0.020738",
    "time_pretransfer": "0.049244",
    "time_redirect": "0.000000",
    "time_starttransfer": "0.080262",
    "time_total": "0.080321",
    "website": "https://www.ionicframework.com"
}
https://www.fee.org: {
    "http_version": "2",
    "remote_ip": "104.26.11.62",
    "remote_port": "443",
    "status": "ok",
    "time_appconnect": "0.053103",
    "time_connect": "0.039033",
    "time_namelookup": "0.038103",
    "time_pretransfer": "0.053222",
    "time_redirect": "0.000000",
    "time_starttransfer": "0.116177",
    "time_total": "0.116222",
    "website": "https://www.fee.org"
}
https://www.zurb.com: {
    "http_version": "2",
    "remote_ip": "172.67.71.221",
    "remote_port": "443",
    "status": "ok",
    "time_appconnect": "0.049608",
    "time_connect": "0.020031",
    "time_namelookup": "0.009349",
    "time_pretransfer": "0.049699",
    "time_redirect": "0.000000",
    "time_starttransfer": "0.070989",
    "time_total": "0.071037",
    "website": "https://www.zurb.com"
}
https://www.google.ci: {
    "http_version": "2",
    "remote_ip": "216.58.212.163",
    "remote_port": "443",
    "status": "ok",
    "time_appconnect": "0.033179",
    "time_connect": "0.013419",
    "time_namelookup": "0.012156",
    "time_pretransfer": "0.033315",
    "time_redirect": "0.000000",
    "time_starttransfer": "0.077440",
    "time_total": "0.078065",
    "website": "https://www.google.ci"
}
https://www.blogspot.gr: {
    "http_version": "2",
    "remote_ip": "172.217.22.41",
    "remote_port": "443",
    "status": "ok",
    "time_appconnect": "0.049459",
    "time_connect": "0.029786",
    "time_namelookup": "0.029058",
    "time_pretransfer": "0.049594",
    "time_redirect": "0.000000",
    "time_starttransfer": "0.619026",
    "time_total": "0.619136",
    "website": "https://www.blogspot.gr"
}
https://www.quantummetric.com: {
    "http_version": "2",
    "remote_ip": "172.67.20.158",
    "remote_port": "443",
    "status": "ok",
    "time_appconnect": "0.044457",
    "time_connect": "0.008556",
    "time_namelookup": "0.005655",
    "time_pretransfer": "0.044555",
    "time_redirect": "0.000000",
    "time_starttransfer": "0.906785",
    "time_total": "0.907165",
    "website": "https://www.quantummetric.com"
}
https://www.weiqingbao.cc: {
    "http_version": "2",
    "remote_ip": "104.28.11.209",
    "remote_port": "443",
    "status": "ok",
    "time_appconnect": "0.758469",
    "time_connect": "0.736299",
    "time_namelookup": "0.727318",
    "time_pretransfer": "0.758594",
    "time_redirect": "0.000000",
    "time_starttransfer": "1.419656",
    "time_total": "1.428108",
    "website": "https://www.weiqingbao.cc"
}
https://www.google.com.et: {
    "http_version": "2",
    "remote_ip": "172.217.21.195",
    "remote_port": "443",
    "status": "ok",
    "time_appconnect": "0.253886",
    "time_connect": "0.231244",
    "time_namelookup": "0.228167",
    "time_pretransfer": "0.254018",
    "time_redirect": "0.000000",
    "time_starttransfer": "0.293128",
    "time_total": "0.293817",
    "website": "https://www.google.com.et"
}
https://www.vivo.sx: {
    "http_version": "2",
    "remote_ip": "104.28.11.204",
    "remote_port": "443",
    "status": "ok",
    "time_appconnect": "0.062494",
    "time_connect": "0.038779",
    "time_namelookup": "0.029900",
    "time_pretransfer": "0.062592",
    "time_redirect": "0.000000",
    "time_starttransfer": "0.110849",
    "time_total": "0.110965",
    "website": "https://www.vivo.sx"
}
https://www.faucetpay.io: {
    "http_version": "2",
    "remote_ip": "172.64.107.24",
    "remote_port": "443",
    "status": "ok",
    "time_appconnect": "0.263678",
    "time_connect": "0.239796",
    "time_namelookup": "0.238496",
    "time_pretransfer": "0.263807",
    "time_redirect": "0.000000",
    "time_starttransfer": "0.305779",
    "time_total": "0.305920",
    "website": "https://www.faucetpay.io"
}
https://www.newsbeast.gr: {
    "http_version": "2",
    "remote_ip": "104.26.1.146",
    "remote_port": "443",
    "status": "ok",
    "time_appconnect": "0.019242",
    "time_connect": "0.006642",
    "time_namelookup": "0.005950",
    "time_pretransfer": "0.019333",
    "time_redirect": "0.000000",
    "time_starttransfer": "0.260206",
    "time_total": "0.304237",
    "website": "https://www.newsbeast.gr"
}
https://www.privacypolicygenerator.info: {
    "http_version": "2",
    "remote_ip": "104.18.55.150",
    "remote_port": "443",
    "status": "ok",
    "time_appconnect": "0.068628",
    "time_connect": "0.046305",
    "time_namelookup": "0.037103",
    "time_pretransfer": "0.068727",
    "time_redirect": "0.000000",
    "time_starttransfer": "0.089104",
    "time_total": "0.101016",
    "website": "https://www.privacypolicygenerator.info"
}
https://www.accountkit.com: {
    "http_version": "0",
    "remote_ip": "157.240.9.18",
    "remote_port": "443",
    "status": "error",
    "time_appconnect": "0.000000",
    "time_connect": "0.039680",
    "time_namelookup": "0.012462",
    "time_pretransfer": "0.000000",
    "time_redirect": "0.000000",
    "time_starttransfer": "0.000000",
    "time_total": "0.078039",
    "website": "https://www.accountkit.com"
}
https://www.google.mu: {
    "http_version": "2",
    "remote_ip": "172.217.22.35",
    "remote_port": "443",
    "status": "ok",
    "time_appconnect": "0.033021",
    "time_connect": "0.014101",
    "time_namelookup": "0.012775",
    "time_pretransfer": "0.033128",
    "time_redirect": "0.000000",
    "time_starttransfer": "0.075632",
    "time_total": "0.075935",
    "website": "https://www.google.mu"
}
https://www.google.mn: {
    "http_version": "2",
    "remote_ip": "172.217.16.195",
    "remote_port": "443",
    "status": "ok",
    "time_appconnect": "0.029668",
    "time_connect": "0.012123",
    "time_namelookup": "0.010624",
    "time_pretransfer": "0.029804",
    "time_redirect": "0.000000",
    "time_starttransfer": "0.069640",
    "time_total": "0.069819",
    "website": "https://www.google.mn"
}
https://www.backblaze.com: {
    "http_version": "2",
    "remote_ip": "172.67.1.156",
    "remote_port": "443",
    "status": "ok",
    "time_appconnect": "0.033012",
    "time_connect": "0.017384",
    "time_namelookup": "0.016394",
    "time_pretransfer": "0.033123",
    "time_redirect": "0.000000",
    "time_starttransfer": "1.252420",
    "time_total": "1.252629",
    "website": "https://www.backblaze.com"
}
https://www.123milhas.com: {
    "http_version": "2",
    "remote_ip": "172.67.193.101",
    "remote_port": "443",
    "status": "ok",
    "time_appconnect": "0.037610",
    "time_connect": "0.014668",
    "time_namelookup": "0.006013",
    "time_pretransfer": "0.037756",
    "time_redirect": "0.000000",
    "time_starttransfer": "0.472178",
    "time_total": "0.472410",
    "website": "https://www.123milhas.com"
}
https://www.privacypolicyonline.com: {
    "http_version": "2",
    "remote_ip": "104.27.165.62",
    "remote_port": "443",
    "status": "ok",
    "time_appconnect": "0.046067",
    "time_connect": "0.023549",
    "time_namelookup": "0.014939",
    "time_pretransfer": "0.046159",
    "time_redirect": "0.000000",
    "time_starttransfer": "0.188113",
    "time_total": "0.188279",
    "website": "https://www.privacypolicyonline.com"
}
https://www.carsforsale.com: {
    "http_version": "2",
    "remote_ip": "104.18.10.104",
    "remote_port": "443",
    "status": "ok",
    "time_appconnect": "0.041425",
    "time_connect": "0.011781",
    "time_namelookup": "0.011019",
    "time_pretransfer": "0.041550",
    "time_redirect": "0.000000",
    "time_starttransfer": "0.068520",
    "time_total": "0.068770",
    "website": "https://www.carsforsale.com"
}
https://www.phillymag.com: {
    "http_version": "2",
    "remote_ip": "104.18.2.164",
    "remote_port": "443",
    "status": "ok",
    "time_appconnect": "0.305662",
    "time_connect": "0.276470",
    "time_namelookup": "0.275188",
    "time_pretransfer": "0.305889",
    "time_redirect": "0.000000",
    "time_starttransfer": "1.081061",
    "time_total": "1.087309",
    "website": "https://www.phillymag.com"
}
https://www.gradeup.co: {
    "http_version": "2",
    "remote_ip": "104.17.13.38",
    "remote_port": "443",
    "status": "ok",
    "time_appconnect": "0.033181",
    "time_connect": "0.016250",
    "time_namelookup": "0.015023",
    "time_pretransfer": "0.033282",
    "time_redirect": "0.000000",
    "time_starttransfer": "0.068668",
    "time_total": "0.068720",
    "website": "https://www.gradeup.co"
}
https://www.lectortmo.com: {
    "http_version": "2",
    "remote_ip": "104.26.15.85",
    "remote_port": "443",
    "status": "ok",
    "time_appconnect": "0.022716",
    "time_connect": "0.006586",
    "time_namelookup": "0.005506",
    "time_pretransfer": "0.022812",
    "time_redirect": "0.000000",
    "time_starttransfer": "0.032909",
    "time_total": "0.032974",
    "website": "https://www.lectortmo.com"
}
https://www.blogblog.com: {
    "http_version": "2",
    "remote_ip": "172.217.22.41",
    "remote_port": "443",
    "status": "ok",
    "time_appconnect": "0.034308",
    "time_connect": "0.013512",
    "time_namelookup": "0.012317",
    "time_pretransfer": "0.034447",
    "time_redirect": "0.000000",
    "time_starttransfer": "0.208033",
    "time_total": "0.208136",
    "website": "https://www.blogblog.com"
}
https://www.tailorbrands.com: {
    "http_version": "2",
    "remote_ip": "104.19.175.21",
    "remote_port": "443",
    "status": "ok",
    "time_appconnect": "0.026174",
    "time_connect": "0.007136",
    "time_namelookup": "0.005911",
    "time_pretransfer": "0.026307",
    "time_redirect": "0.000000",
    "time_starttransfer": "0.082215",
    "time_total": "0.084778",
    "website": "https://www.tailorbrands.com"
}
https://www.top.gg: {
    "http_version": "2",
    "remote_ip": "104.16.173.56",
    "remote_port": "443",
    "status": "ok",
    "time_appconnect": "0.030603",
    "time_connect": "0.008281",
    "time_namelookup": "0.007203",
    "time_pretransfer": "0.030689",
    "time_redirect": "0.000000",
    "time_starttransfer": "0.047381",
    "time_total": "0.047431",
    "website": "https://www.top.gg"
}
https://www.shiftdelete.net: {
    "http_version": "2",
    "remote_ip": "104.26.14.229",
    "remote_port": "443",
    "status": "ok",
    "time_appconnect": "0.027478",
    "time_connect": "0.008088",
    "time_namelookup": "0.007042",
    "time_pretransfer": "0.027729",
    "time_redirect": "0.000000",
    "time_starttransfer": "0.162455",
    "time_total": "0.218452",
    "website": "https://www.shiftdelete.net"
}
https://www.vdo.ai: {
    "http_version": "2",
    "remote_ip": "104.18.42.6",
    "remote_port": "443",
    "status": "ok",
    "time_appconnect": "0.047724",
    "time_connect": "0.027452",
    "time_namelookup": "0.018592",
    "time_pretransfer": "0.047824",
    "time_redirect": "0.000000",
    "time_starttransfer": "0.266733",
    "time_total": "0.365444",
    "website": "https://www.vdo.ai"
}
https://www.buymeacoffee.com: {
    "http_version": "2",
    "remote_ip": "172.67.70.99",
    "remote_port": "443",
    "status": "ok",
    "time_appconnect": "0.034694",
    "time_connect": "0.014187",
    "time_namelookup": "0.005747",
    "time_pretransfer": "0.034878",
    "time_redirect": "0.000000",
    "time_starttransfer": "0.580956",
    "time_total": "0.831223",
    "website": "https://www.buymeacoffee.com"
}
https://www.blogspot.com.ar: {
    "http_version": "2",
    "remote_ip": "172.217.22.41",
    "remote_port": "443",
    "status": "ok",
    "time_appconnect": "0.037068",
    "time_connect": "0.019638",
    "time_namelookup": "0.018407",
    "time_pretransfer": "0.037196",
    "time_redirect": "0.000000",
    "time_starttransfer": "0.699947",
    "time_total": "0.700088",
    "website": "https://www.blogspot.com.ar"
}
https://www.termly.io: {
    "http_version": "2",
    "remote_ip": "104.19.255.88",
    "remote_port": "443",
    "status": "ok",
    "time_appconnect": "0.026524",
    "time_connect": "0.006668",
    "time_namelookup": "0.005716",
    "time_pretransfer": "0.026630",
    "time_redirect": "0.000000",
    "time_starttransfer": "0.323566",
    "time_total": "0.323662",
    "website": "https://www.termly.io"
}
https://www.google.com.pa: {
    "http_version": "2",
    "remote_ip": "216.58.210.3",
    "remote_port": "443",
    "status": "ok",
    "time_appconnect": "0.031881",
    "time_connect": "0.013745",
    "time_namelookup": "0.010601",
    "time_pretransfer": "0.031968",
    "time_redirect": "0.000000",
    "time_starttransfer": "0.074568",
    "time_total": "0.075012",
    "website": "https://www.google.com.pa"
}
https://www.mb.com.ph: {
    "http_version": "2",
    "remote_ip": "141.193.213.21",
    "remote_port": "443",
    "status": "ok",
    "time_appconnect": "0.033932",
    "time_connect": "0.018884",
    "time_namelookup": "0.016649",
    "time_pretransfer": "0.034054",
    "time_redirect": "0.000000",
    "time_starttransfer": "0.329132",
    "time_total": "0.329187",
    "website": "https://www.mb.com.ph"
}
https://www.nation.co.ke: {
    "http_version": "2",
    "remote_ip": "104.17.67.240",
    "remote_port": "443",
    "status": "ok",
    "time_appconnect": "0.026927",
    "time_connect": "0.008732",
    "time_namelookup": "0.007678",
    "time_pretransfer": "0.027058",
    "time_redirect": "0.000000",
    "time_starttransfer": "0.042658",
    "time_total": "0.042703",
    "website": "https://www.nation.co.ke"
}
https://www.typing.com: {
    "http_version": "2",
    "remote_ip": "104.19.183.44",
    "remote_port": "443",
    "status": "ok",
    "time_appconnect": "0.024138",
    "time_connect": "0.007128",
    "time_namelookup": "0.006174",
    "time_pretransfer": "0.024251",
    "time_redirect": "0.000000",
    "time_starttransfer": "0.044415",
    "time_total": "0.045308",
    "website": "https://www.typing.com"
}
https://www.blogspot.pt: {
    "http_version": "2",
    "remote_ip": "172.217.22.41",
    "remote_port": "443",
    "status": "ok",
    "time_appconnect": "0.032700",
    "time_connect": "0.014095",
    "time_namelookup": "0.013414",
    "time_pretransfer": "0.032832",
    "time_redirect": "0.000000",
    "time_starttransfer": "0.695403",
    "time_total": "0.695529",
    "website": "https://www.blogspot.pt"
}
https://www.google.com.af: {
    "http_version": "2",
    "remote_ip": "172.217.22.99",
    "remote_port": "443",
    "status": "ok",
    "time_appconnect": "0.035703",
    "time_connect": "0.012194",
    "time_namelookup": "0.010519",
    "time_pretransfer": "0.035805",
    "time_redirect": "0.000000",
    "time_starttransfer": "0.075831",
    "time_total": "0.076784",
    "website": "https://www.google.com.af"
}
https://www.sixflags.com: {
    "http_version": "2",
    "remote_ip": "104.17.135.249",
    "remote_port": "443",
    "status": "ok",
    "time_appconnect": "0.045060",
    "time_connect": "0.008865",
    "time_namelookup": "0.007448",
    "time_pretransfer": "0.045139",
    "time_redirect": "0.000000",
    "time_starttransfer": "0.189340",
    "time_total": "0.241790",
    "website": "https://www.sixflags.com"
}
https://www.googlesource.com: {
    "http_version": "2",
    "remote_ip": "64.233.184.82",
    "remote_port": "443",
    "status": "ok",
    "time_appconnect": "0.032436",
    "time_connect": "0.014381",
    "time_namelookup": "0.010448",
    "time_pretransfer": "0.032530",
    "time_redirect": "0.000000",
    "time_starttransfer": "0.141882",
    "time_total": "0.143694",
    "website": "https://www.googlesource.com"
}
https://www.rawpixel.com: {
    "http_version": "2",
    "remote_ip": "172.67.218.10",
    "remote_port": "443",
    "status": "ok",
    "time_appconnect": "0.038024",
    "time_connect": "0.016174",
    "time_namelookup": "0.007167",
    "time_pretransfer": "0.038213",
    "time_redirect": "0.000000",
    "time_starttransfer": "1.768219",
    "time_total": "1.768446",
    "website": "https://www.rawpixel.com"
}
https://www.google.as: {
    "http_version": "2",
    "remote_ip": "172.217.18.163",
    "remote_port": "443",
    "status": "ok",
    "time_appconnect": "0.030095",
    "time_connect": "0.011755",
    "time_namelookup": "0.010217",
    "time_pretransfer": "0.030185",
    "time_redirect": "0.000000",
    "time_starttransfer": "0.068424",
    "time_total": "0.068954",
    "website": "https://www.google.as"
}
https://www.google.is: {
    "http_version": "2",
    "remote_ip": "172.217.21.227",
    "remote_port": "443",
    "status": "ok",
    "time_appconnect": "0.089421",
    "time_connect": "0.068545",
    "time_namelookup": "0.066663",
    "time_pretransfer": "0.089530",
    "time_redirect": "0.000000",
    "time_starttransfer": "0.130183",
    "time_total": "0.130507",
    "website": "https://www.google.is"
}
https://www.google.md: {
    "http_version": "2",
    "remote_ip": "216.58.212.163",
    "remote_port": "443",
    "status": "ok",
    "time_appconnect": "0.039606",
    "time_connect": "0.016786",
    "time_namelookup": "0.015525",
    "time_pretransfer": "0.039840",
    "time_redirect": "0.000000",
    "time_starttransfer": "0.079706",
    "time_total": "0.080077",
    "website": "https://www.google.md"
}
https://www.google.ht: {
    "http_version": "2",
    "remote_ip": "142.250.74.195",
    "remote_port": "443",
    "status": "ok",
    "time_appconnect": "0.033022",
    "time_connect": "0.011699",
    "time_namelookup": "0.010425",
    "time_pretransfer": "0.033103",
    "time_redirect": "0.000000",
    "time_starttransfer": "0.074195",
    "time_total": "0.074492",
    "website": "https://www.google.ht"
}
https://www.fragrantica.ru: {
    "http_version": "2",
    "remote_ip": "104.16.141.242",
    "remote_port": "443",
    "status": "ok",
    "time_appconnect": "0.026502",
    "time_connect": "0.006718",
    "time_namelookup": "0.005683",
    "time_pretransfer": "0.026603",
    "time_redirect": "0.000000",
    "time_starttransfer": "0.691787",
    "time_total": "0.691874",
    "website": "https://www.fragrantica.ru"
}
https://www.hotair.com: {
    "http_version": "2",
    "remote_ip": "104.18.29.49",
    "remote_port": "443",
    "status": "ok",
    "time_appconnect": "0.036064",
    "time_connect": "0.014778",
    "time_namelookup": "0.013666",
    "time_pretransfer": "0.036187",
    "time_redirect": "0.000000",
    "time_starttransfer": "0.444163",
    "time_total": "0.444267",
    "website": "https://www.hotair.com"
}
https://www.gizmochina.com: {
    "http_version": "2",
    "remote_ip": "104.26.15.207",
    "remote_port": "443",
    "status": "ok",
    "time_appconnect": "0.034982",
    "time_connect": "0.015081",
    "time_namelookup": "0.013927",
    "time_pretransfer": "0.035105",
    "time_redirect": "0.000000",
    "time_starttransfer": "0.344981",
    "time_total": "0.429663",
    "website": "https://www.gizmochina.com"
}
https://www.defimedia.info: {
    "http_version": "2",
    "remote_ip": "104.22.37.148",
    "remote_port": "443",
    "status": "ok",
    "time_appconnect": "0.056145",
    "time_connect": "0.007987",
    "time_namelookup": "0.007002",
    "time_pretransfer": "0.056242",
    "time_redirect": "0.000000",
    "time_starttransfer": "0.071463",
    "time_total": "0.071506",
    "website": "https://www.defimedia.info"
}
https://www.thimpress.com: {
    "http_version": "2",
    "remote_ip": "104.26.5.142",
    "remote_port": "443",
    "status": "ok",
    "time_appconnect": "0.027115",
    "time_connect": "0.007289",
    "time_namelookup": "0.006205",
    "time_pretransfer": "0.027235",
    "time_redirect": "0.000000",
    "time_starttransfer": "1.654958",
    "time_total": "1.655056",
    "website": "https://www.thimpress.com"
}
https://www.google.com.mt: {
    "http_version": "2",
    "remote_ip": "172.217.18.99",
    "remote_port": "443",
    "status": "ok",
    "time_appconnect": "0.042549",
    "time_connect": "0.024892",
    "time_namelookup": "0.023289",
    "time_pretransfer": "0.042649",
    "time_redirect": "0.000000",
    "time_starttransfer": "0.082693",
    "time_total": "0.083093",
    "website": "https://www.google.com.mt"
}
https://www.escapistmagazine.com: {
    "http_version": "2",
    "remote_ip": "104.20.57.160",
    "remote_port": "443",
    "status": "ok",
    "time_appconnect": "0.029863",
    "time_connect": "0.016082",
    "time_namelookup": "0.015264",
    "time_pretransfer": "0.029978",
    "time_redirect": "0.000000",
    "time_starttransfer": "0.044480",
    "time_total": "0.044531",
    "website": "https://www.escapistmagazine.com"
}
https://www.bookshop.org: {
    "http_version": "2",
    "remote_ip": "172.67.11.228",
    "remote_port": "443",
    "status": "ok",
    "time_appconnect": "0.024303",
    "time_connect": "0.007874",
    "time_namelookup": "0.006422",
    "time_pretransfer": "0.024442",
    "time_redirect": "0.000000",
    "time_starttransfer": "0.037565",
    "time_total": "0.037611",
    "website": "https://www.bookshop.org"
}
https://www.greatergood.com: {
    "http_version": "2",
    "remote_ip": "104.18.28.61",
    "remote_port": "443",
    "status": "ok",
    "time_appconnect": "0.023106",
    "time_connect": "0.009099",
    "time_namelookup": "0.008084",
    "time_pretransfer": "0.023231",
    "time_redirect": "0.000000",
    "time_starttransfer": "0.065199",
    "time_total": "0.065257",
    "website": "https://www.greatergood.com"
}
https://www.cimaclub.io: {
    "http_version": "2",
    "remote_ip": "172.67.204.65",
    "remote_port": "443",
    "status": "ok",
    "time_appconnect": "0.072502",
    "time_connect": "0.046154",
    "time_namelookup": "0.037679",
    "time_pretransfer": "0.072613",
    "time_redirect": "0.000000",
    "time_starttransfer": "0.167025",
    "time_total": "0.167138",
    "website": "https://www.cimaclub.io"
}
https://www.google.al: {
    "http_version": "2",
    "remote_ip": "216.58.207.67",
    "remote_port": "443",
    "status": "ok",
    "time_appconnect": "0.029831",
    "time_connect": "0.012395",
    "time_namelookup": "0.010863",
    "time_pretransfer": "0.029919",
    "time_redirect": "0.000000",
    "time_starttransfer": "0.072889",
    "time_total": "0.073190",
    "website": "https://www.google.al"
}
https://www.steamdb.info: {
    "http_version": "2",
    "remote_ip": "104.22.73.111",
    "remote_port": "443",
    "status": "ok",
    "time_appconnect": "0.022261",
    "time_connect": "0.007546",
    "time_namelookup": "0.006333",
    "time_pretransfer": "0.022376",
    "time_redirect": "0.000000",
    "time_starttransfer": "0.030539",
    "time_total": "0.030583",
    "website": "https://www.steamdb.info"
}
https://www.instamojo.com: {
    "http_version": "2",
    "remote_ip": "104.20.94.103",
    "remote_port": "443",
    "status": "ok",
    "time_appconnect": "0.034439",
    "time_connect": "0.018920",
    "time_namelookup": "0.017226",
    "time_pretransfer": "0.034547",
    "time_redirect": "0.000000",
    "time_starttransfer": "0.525782",
    "time_total": "0.865583",
    "website": "https://www.instamojo.com"
}
