https://www.google.com: {
    "http_version": "2",
    "remote_ip": "172.217.23.164",
    "remote_port": "443",
    "status": "ok",
    "time_appconnect": "0.057557",
    "time_connect": "0.021735",
    "time_namelookup": "0.020279",
    "time_pretransfer": "0.057961",
    "time_redirect": "0.000000",
    "time_starttransfer": "0.105875",
    "time_total": "0.106119",
    "website": "https://www.google.com"
}
https://www.facebook.com: {
    "http_version": "2",
    "remote_ip": "157.240.9.35",
    "remote_port": "443",
    "status": "ok",
    "time_appconnect": "0.080313",
    "time_connect": "0.035644",
    "time_namelookup": "0.007352",
    "time_pretransfer": "0.080460",
    "time_redirect": "0.000000",
    "time_starttransfer": "0.278586",
    "time_total": "0.389824",
    "website": "https://www.facebook.com"
}
https://www.youtube.com: {
    "http_version": "2",
    "remote_ip": "216.58.205.238",
    "remote_port": "443",
    "status": "ok",
    "time_appconnect": "0.031090",
    "time_connect": "0.013286",
    "time_namelookup": "0.011309",
    "time_pretransfer": "0.031234",
    "time_redirect": "0.000000",
    "time_starttransfer": "0.100310",
    "time_total": "0.543727",
    "website": "https://www.youtube.com"
}
https://www.instagram.com: {
    "http_version": "2",
    "remote_ip": "185.60.216.174",
    "remote_port": "443",
    "status": "ok",
    "time_appconnect": "0.019973",
    "time_connect": "0.006215",
    "time_namelookup": "0.004289",
    "time_pretransfer": "0.020081",
    "time_redirect": "0.000000",
    "time_starttransfer": "0.215082",
    "time_total": "0.216666",
    "website": "https://www.instagram.com"
}
https://www.doubleclick.net: {
    "http_version": "2",
    "remote_ip": "172.217.23.174",
    "remote_port": "443",
    "status": "ok",
    "time_appconnect": "0.036522",
    "time_connect": "0.012575",
    "time_namelookup": "0.010832",
    "time_pretransfer": "0.036608",
    "time_redirect": "0.000000",
    "time_starttransfer": "0.045232",
    "time_total": "0.045364",
    "website": "https://www.doubleclick.net"
}
https://www.googletagmanager.com: {
    "http_version": "2",
    "remote_ip": "172.217.23.104",
    "remote_port": "443",
    "status": "ok",
    "time_appconnect": "0.052372",
    "time_connect": "0.011598",
    "time_namelookup": "0.010329",
    "time_pretransfer": "0.052533",
    "time_redirect": "0.000000",
    "time_starttransfer": "0.061034",
    "time_total": "0.061148",
    "website": "https://www.googletagmanager.com"
}
https://www.googleusercontent.com: {
    "http_version": "2",
    "remote_ip": "172.217.22.97",
    "remote_port": "443",
    "status": "ok",
    "time_appconnect": "0.035628",
    "time_connect": "0.012607",
    "time_namelookup": "0.011144",
    "time_pretransfer": "0.035716",
    "time_redirect": "0.000000",
    "time_starttransfer": "0.045349",
    "time_total": "0.045442",
    "website": "https://www.googleusercontent.com"
}
https://www.goo.gl: {
    "http_version": "2",
    "remote_ip": "216.58.212.174",
    "remote_port": "443",
    "status": "ok",
    "time_appconnect": "0.036779",
    "time_connect": "0.018866",
    "time_namelookup": "0.014845",
    "time_pretransfer": "0.036879",
    "time_redirect": "0.000000",
    "time_starttransfer": "0.156256",
    "time_total": "0.156342",
    "website": "https://www.goo.gl"
}
https://www.blogspot.com: {
    "http_version": "2",
    "remote_ip": "172.217.22.41",
    "remote_port": "443",
    "status": "ok",
    "time_appconnect": "0.047652",
    "time_connect": "0.025352",
    "time_namelookup": "0.024208",
    "time_pretransfer": "0.047793",
    "time_redirect": "0.000000",
    "time_starttransfer": "0.620770",
    "time_total": "0.620903",
    "website": "https://www.blogspot.com"
}
https://www.google-analytics.com: {
    "http_version": "2",
    "remote_ip": "172.217.18.174",
    "remote_port": "443",
    "status": "ok",
    "time_appconnect": "0.023516",
    "time_connect": "0.004154",
    "time_namelookup": "0.002780",
    "time_pretransfer": "0.023655",
    "time_redirect": "0.000000",
    "time_starttransfer": "0.069124",
    "time_total": "0.069225",
    "website": "https://www.google-analytics.com"
}
https://www.fbcdn.net: {
    "http_version": "2",
    "remote_ip": "157.240.9.35",
    "remote_port": "443",
    "status": "ok",
    "time_appconnect": "0.083347",
    "time_connect": "0.037802",
    "time_namelookup": "0.010683",
    "time_pretransfer": "0.083493",
    "time_redirect": "0.000000",
    "time_starttransfer": "0.221497",
    "time_total": "0.221543",
    "website": "https://www.fbcdn.net"
}
https://www.myshopify.com: {
    "http_version": "2",
    "remote_ip": "23.227.38.74",
    "remote_port": "443",
    "status": "ok",
    "time_appconnect": "0.025241",
    "time_connect": "0.006259",
    "time_namelookup": "0.004173",
    "time_pretransfer": "0.025350",
    "time_redirect": "0.000000",
    "time_starttransfer": "0.188995",
    "time_total": "0.189111",
    "website": "https://www.myshopify.com"
}
https://www.medium.com: {
    "http_version": "2",
    "remote_ip": "104.16.118.145",
    "remote_port": "443",
    "status": "ok",
    "time_appconnect": "0.023723",
    "time_connect": "0.007092",
    "time_namelookup": "0.005844",
    "time_pretransfer": "0.023812",
    "time_redirect": "0.000000",
    "time_starttransfer": "0.160412",
    "time_total": "0.160496",
    "website": "https://www.medium.com"
}
https://www.google.com.hk: {
    "http_version": "2",
    "remote_ip": "172.217.22.3",
    "remote_port": "443",
    "status": "ok",
    "time_appconnect": "0.036467",
    "time_connect": "0.015475",
    "time_namelookup": "0.012362",
    "time_pretransfer": "0.036617",
    "time_redirect": "0.000000",
    "time_starttransfer": "0.073987",
    "time_total": "0.074493",
    "website": "https://www.google.com.hk"
}
https://www.googlevideo.com: {
    "http_version": "2",
    "remote_ip": "172.217.23.164",
    "remote_port": "443",
    "status": "ok",
    "time_appconnect": "0.038286",
    "time_connect": "0.013421",
    "time_namelookup": "0.011704",
    "time_pretransfer": "0.038425",
    "time_redirect": "0.000000",
    "time_starttransfer": "0.046794",
    "time_total": "0.046902",
    "website": "https://www.googlevideo.com"
}
https://www.cloudflare.com: {
    "http_version": "2",
    "remote_ip": "104.16.124.96",
    "remote_port": "443",
    "status": "ok",
    "time_appconnect": "0.027934",
    "time_connect": "0.008255",
    "time_namelookup": "0.007057",
    "time_pretransfer": "0.028078",
    "time_redirect": "0.000000",
    "time_starttransfer": "0.109057",
    "time_total": "0.113408",
    "website": "https://www.cloudflare.com"
}
https://www.googleadservices.com: {
    "http_version": "2",
    "remote_ip": "142.250.74.194",
    "remote_port": "443",
    "status": "ok",
    "time_appconnect": "0.039364",
    "time_connect": "0.012292",
    "time_namelookup": "0.011228",
    "time_pretransfer": "0.039505",
    "time_redirect": "0.000000",
    "time_starttransfer": "0.048688",
    "time_total": "0.048773",
    "website": "https://www.googleadservices.com"
}
https://www.google.co.in: {
    "http_version": "2",
    "remote_ip": "216.58.212.163",
    "remote_port": "443",
    "status": "ok",
    "time_appconnect": "0.031819",
    "time_connect": "0.013220",
    "time_namelookup": "0.010538",
    "time_pretransfer": "0.031935",
    "time_redirect": "0.000000",
    "time_starttransfer": "0.072939",
    "time_total": "0.073390",
    "website": "https://www.google.co.in"
}
https://www.tinyurl.com: {
    "http_version": "2",
    "remote_ip": "104.20.139.65",
    "remote_port": "443",
    "status": "ok",
    "time_appconnect": "0.022020",
    "time_connect": "0.007709",
    "time_namelookup": "0.006966",
    "time_pretransfer": "0.022174",
    "time_redirect": "0.000000",
    "time_starttransfer": "0.558256",
    "time_total": "0.558314",
    "website": "https://www.tinyurl.com"
}
https://www.google.de: {
    "http_version": "2",
    "remote_ip": "172.217.16.163",
    "remote_port": "443",
    "status": "ok",
    "time_appconnect": "0.037877",
    "time_connect": "0.012088",
    "time_namelookup": "0.010701",
    "time_pretransfer": "0.038080",
    "time_redirect": "0.000000",
    "time_starttransfer": "0.078925",
    "time_total": "0.079246",
    "website": "https://www.google.de"
}
https://www.yy.com: {
    "http_version": "2",
    "remote_ip": "103.227.121.100",
    "remote_port": "443",
    "status": "ok",
    "time_appconnect": "1.622295",
    "time_connect": "0.635478",
    "time_namelookup": "0.308838",
    "time_pretransfer": "1.622466",
    "time_redirect": "0.000000",
    "time_starttransfer": "1.948901",
    "time_total": "3.238609",
    "website": "https://www.yy.com"
}
https://www.google.co.jp: {
    "http_version": "2",
    "remote_ip": "172.217.23.99",
    "remote_port": "443",
    "status": "ok",
    "time_appconnect": "0.031567",
    "time_connect": "0.013603",
    "time_namelookup": "0.012436",
    "time_pretransfer": "0.031660",
    "time_redirect": "0.000000",
    "time_starttransfer": "0.073509",
    "time_total": "0.074372",
    "website": "https://www.google.co.jp"
}
https://www.youtube-nocookie.com: {
    "http_version": "2",
    "remote_ip": "172.217.23.142",
    "remote_port": "443",
    "status": "ok",
    "time_appconnect": "0.031510",
    "time_connect": "0.012436",
    "time_namelookup": "0.011066",
    "time_pretransfer": "0.031618",
    "time_redirect": "0.000000",
    "time_starttransfer": "0.048395",
    "time_total": "0.048527",
    "website": "https://www.youtube-nocookie.com"
}
https://www.google.com.br: {
    "http_version": "2",
    "remote_ip": "172.217.23.131",
    "remote_port": "443",
    "status": "ok",
    "time_appconnect": "0.031434",
    "time_connect": "0.013604",
    "time_namelookup": "0.011056",
    "time_pretransfer": "0.031539",
    "time_redirect": "0.000000",
    "time_starttransfer": "0.080474",
    "time_total": "0.081040",
    "website": "https://www.google.com.br"
}
https://www.google.co.uk: {
    "http_version": "2",
    "remote_ip": "172.217.16.163",
    "remote_port": "443",
    "status": "ok",
    "time_appconnect": "0.043075",
    "time_connect": "0.014422",
    "time_namelookup": "0.011307",
    "time_pretransfer": "0.043221",
    "time_redirect": "0.000000",
    "time_starttransfer": "0.084960",
    "time_total": "0.085395",
    "website": "https://www.google.co.uk"
}
https://www.google.cn: {
    "http_version": "2",
    "remote_ip": "172.217.22.3",
    "remote_port": "443",
    "status": "ok",
    "time_appconnect": "0.032518",
    "time_connect": "0.012853",
    "time_namelookup": "0.010252",
    "time_pretransfer": "0.032635",
    "time_redirect": "0.000000",
    "time_starttransfer": "0.052912",
    "time_total": "0.053003",
    "website": "https://www.google.cn"
}
https://www.blogger.com: {
    "http_version": "2",
    "remote_ip": "172.217.22.41",
    "remote_port": "443",
    "status": "ok",
    "time_appconnect": "0.035643",
    "time_connect": "0.011675",
    "time_namelookup": "0.010785",
    "time_pretransfer": "0.035794",
    "time_redirect": "0.000000",
    "time_starttransfer": "0.108023",
    "time_total": "0.108123",
    "website": "https://www.blogger.com"
}
https://www.fb.com: {
    "http_version": "2",
    "remote_ip": "185.60.216.35",
    "remote_port": "443",
    "status": "ok",
    "time_appconnect": "0.032115",
    "time_connect": "0.011869",
    "time_namelookup": "0.008511",
    "time_pretransfer": "0.032221",
    "time_redirect": "0.000000",
    "time_starttransfer": "0.130456",
    "time_total": "0.130510",
    "website": "https://www.fb.com"
}
https://www.google.es: {
    "http_version": "2",
    "remote_ip": "172.217.18.99",
    "remote_port": "443",
    "status": "ok",
    "time_appconnect": "0.029464",
    "time_connect": "0.012200",
    "time_namelookup": "0.011058",
    "time_pretransfer": "0.029555",
    "time_redirect": "0.000000",
    "time_starttransfer": "0.073055",
    "time_total": "0.073516",
    "website": "https://www.google.es"
}
https://www.google.fr: {
    "http_version": "2",
    "remote_ip": "172.217.18.3",
    "remote_port": "443",
    "status": "ok",
    "time_appconnect": "0.034256",
    "time_connect": "0.016121",
    "time_namelookup": "0.012990",
    "time_pretransfer": "0.034373",
    "time_redirect": "0.000000",
    "time_starttransfer": "0.076052",
    "time_total": "0.076537",
    "website": "https://www.google.fr"
}
https://www.google.ru: {
    "http_version": "2",
    "remote_ip": "216.58.212.131",
    "remote_port": "443",
    "status": "ok",
    "time_appconnect": "0.126407",
    "time_connect": "0.103456",
    "time_namelookup": "0.100143",
    "time_pretransfer": "0.126515",
    "time_redirect": "0.000000",
    "time_starttransfer": "0.166464",
    "time_total": "0.166858",
    "website": "https://www.google.ru"
}
https://www.google.it: {
    "http_version": "2",
    "remote_ip": "216.58.207.67",
    "remote_port": "443",
    "status": "ok",
    "time_appconnect": "0.035198",
    "time_connect": "0.011626",
    "time_namelookup": "0.010439",
    "time_pretransfer": "0.035293",
    "time_redirect": "0.000000",
    "time_starttransfer": "0.117851",
    "time_total": "0.118245",
    "website": "https://www.google.it"
}
https://www.gmail.com: {
    "http_version": "2",
    "remote_ip": "172.217.18.101",
    "remote_port": "443",
    "status": "ok",
    "time_appconnect": "0.034502",
    "time_connect": "0.014122",
    "time_namelookup": "0.010818",
    "time_pretransfer": "0.034592",
    "time_redirect": "0.000000",
    "time_starttransfer": "0.043456",
    "time_total": "0.043612",
    "website": "https://www.gmail.com"
}
https://www.android.com: {
    "http_version": "2",
    "remote_ip": "172.217.23.174",
    "remote_port": "443",
    "status": "ok",
    "time_appconnect": "0.031828",
    "time_connect": "0.012303",
    "time_namelookup": "0.010354",
    "time_pretransfer": "0.031912",
    "time_redirect": "0.000000",
    "time_starttransfer": "0.079145",
    "time_total": "0.105685",
    "website": "https://www.android.com"
}
https://www.googletagservices.com: {
    "http_version": "2",
    "remote_ip": "172.217.23.98",
    "remote_port": "443",
    "status": "ok",
    "time_appconnect": "0.030197",
    "time_connect": "0.011829",
    "time_namelookup": "0.010357",
    "time_pretransfer": "0.030286",
    "time_redirect": "0.000000",
    "time_starttransfer": "0.039173",
    "time_total": "0.039272",
    "website": "https://www.googletagservices.com"
}
https://www.addtoany.com: {
    "http_version": "2",
    "remote_ip": "104.22.70.197",
    "remote_port": "443",
    "status": "ok",
    "time_appconnect": "0.024718",
    "time_connect": "0.007141",
    "time_namelookup": "0.005995",
    "time_pretransfer": "0.024859",
    "time_redirect": "0.000000",
    "time_starttransfer": "0.043556",
    "time_total": "0.043821",
    "website": "https://www.addtoany.com"
}
https://www.google.ca: {
    "http_version": "2",
    "remote_ip": "172.217.21.227",
    "remote_port": "443",
    "status": "ok",
    "time_appconnect": "0.030587",
    "time_connect": "0.011645",
    "time_namelookup": "0.010234",
    "time_pretransfer": "0.030725",
    "time_redirect": "0.000000",
    "time_starttransfer": "0.068738",
    "time_total": "0.069155",
    "website": "https://www.google.ca"
}
https://www.google.com.sg: {
    "http_version": "2",
    "remote_ip": "172.217.22.3",
    "remote_port": "443",
    "status": "ok",
    "time_appconnect": "0.035632",
    "time_connect": "0.014625",
    "time_namelookup": "0.013873",
    "time_pretransfer": "0.035768",
    "time_redirect": "0.000000",
    "time_starttransfer": "0.075488",
    "time_total": "0.075760",
    "website": "https://www.google.com.sg"
}
https://www.google.com.tw: {
    "http_version": "2",
    "remote_ip": "216.58.212.131",
    "remote_port": "443",
    "status": "ok",
    "time_appconnect": "0.051330",
    "time_connect": "0.024523",
    "time_namelookup": "0.023168",
    "time_pretransfer": "0.051462",
    "time_redirect": "0.000000",
    "time_starttransfer": "0.092845",
    "time_total": "0.093564",
    "website": "https://www.google.com.tw"
}
https://www.discord.com: {
    "http_version": "2",
    "remote_ip": "162.159.135.232",
    "remote_port": "443",
    "status": "ok",
    "time_appconnect": "0.022819",
    "time_connect": "0.008288",
    "time_namelookup": "0.007340",
    "time_pretransfer": "0.022929",
    "time_redirect": "0.000000",
    "time_starttransfer": "0.038051",
    "time_total": "0.038114",
    "website": "https://www.discord.com"
}
https://www.tandfonline.com: {
    "http_version": "2",
    "remote_ip": "104.18.19.218",
    "remote_port": "443",
    "status": "ok",
    "time_appconnect": "0.031879",
    "time_connect": "0.014683",
    "time_namelookup": "0.013542",
    "time_pretransfer": "0.031996",
    "time_redirect": "0.000000",
    "time_starttransfer": "0.223057",
    "time_total": "0.223153",
    "website": "https://www.tandfonline.com"
}
https://www.shopify.com: {
    "http_version": "2",
    "remote_ip": "104.16.254.71",
    "remote_port": "443",
    "status": "ok",
    "time_appconnect": "0.036000",
    "time_connect": "0.006768",
    "time_namelookup": "0.005713",
    "time_pretransfer": "0.036145",
    "time_redirect": "0.000000",
    "time_starttransfer": "0.188193",
    "time_total": "0.200988",
    "website": "https://www.shopify.com"
}
https://www.pixabay.com: {
    "http_version": "2",
    "remote_ip": "104.18.20.183",
    "remote_port": "443",
    "status": "ok",
    "time_appconnect": "0.025297",
    "time_connect": "0.007181",
    "time_namelookup": "0.005967",
    "time_pretransfer": "0.025410",
    "time_redirect": "0.000000",
    "time_starttransfer": "0.425325",
    "time_total": "0.425969",
    "website": "https://www.pixabay.com"
}
https://www.pki.goog: {
    "http_version": "2",
    "remote_ip": "172.217.23.174",
    "remote_port": "443",
    "status": "ok",
    "time_appconnect": "0.043793",
    "time_connect": "0.019928",
    "time_namelookup": "0.018765",
    "time_pretransfer": "0.043908",
    "time_redirect": "0.000000",
    "time_starttransfer": "0.052259",
    "time_total": "0.052378",
    "website": "https://www.pki.goog"
}
https://www.crashlytics.com: {
    "http_version": "2",
    "remote_ip": "216.239.32.29",
    "remote_port": "443",
    "status": "ok",
    "time_appconnect": "0.032205",
    "time_connect": "0.013796",
    "time_namelookup": "0.011159",
    "time_pretransfer": "0.032321",
    "time_redirect": "0.000000",
    "time_starttransfer": "0.041012",
    "time_total": "0.041110",
    "website": "https://www.crashlytics.com"
}
https://www.google.com.mx: {
    "http_version": "2",
    "remote_ip": "172.217.23.99",
    "remote_port": "443",
    "status": "ok",
    "time_appconnect": "0.031224",
    "time_connect": "0.013263",
    "time_namelookup": "0.012103",
    "time_pretransfer": "0.031319",
    "time_redirect": "0.000000",
    "time_starttransfer": "0.071749",
    "time_total": "0.072162",
    "website": "https://www.google.com.mx"
}
https://www.hubspot.com: {
    "http_version": "2",
    "remote_ip": "199.60.103.30",
    "remote_port": "443",
    "status": "ok",
    "time_appconnect": "0.056034",
    "time_connect": "0.021550",
    "time_namelookup": "0.019230",
    "time_pretransfer": "0.056137",
    "time_redirect": "0.000000",
    "time_starttransfer": "0.411590",
    "time_total": "0.414565",
    "website": "https://www.hubspot.com"
}
https://www.google.com.tr: {
    "http_version": "2",
    "remote_ip": "172.217.23.163",
    "remote_port": "443",
    "status": "ok",
    "time_appconnect": "0.029145",
    "time_connect": "0.011904",
    "time_namelookup": "0.010950",
    "time_pretransfer": "0.029235",
    "time_redirect": "0.000000",
    "time_starttransfer": "0.073589",
    "time_total": "0.073790",
    "website": "https://www.google.com.tr"
}
https://www.feedburner.com: {
    "http_version": "2",
    "remote_ip": "172.217.23.174",
    "remote_port": "443",
    "status": "ok",
    "time_appconnect": "0.031366",
    "time_connect": "0.012691",
    "time_namelookup": "0.010436",
    "time_pretransfer": "0.031507",
    "time_redirect": "0.000000",
    "time_starttransfer": "0.179718",
    "time_total": "0.179818",
    "website": "https://www.feedburner.com"
}
https://www.arnebrachhold.de: {
    "http_version": "2",
    "remote_ip": "104.28.28.46",
    "remote_port": "443",
    "status": "ok",
    "time_appconnect": "0.062528",
    "time_connect": "0.031850",
    "time_namelookup": "0.023123",
    "time_pretransfer": "0.062671",
    "time_redirect": "0.000000",
    "time_starttransfer": "0.082783",
    "time_total": "0.082913",
    "website": "https://www.arnebrachhold.de"
}
https://www.google.com.vn: {
    "http_version": "2",
    "remote_ip": "172.217.16.131",
    "remote_port": "443",
    "status": "ok",
    "time_appconnect": "0.043801",
    "time_connect": "0.026370",
    "time_namelookup": "0.023399",
    "time_pretransfer": "0.043899",
    "time_redirect": "0.000000",
    "time_starttransfer": "0.082319",
    "time_total": "0.082806",
    "website": "https://www.google.com.vn"
}
https://www.teamviewer.com: {
    "http_version": "2",
    "remote_ip": "65.9.63.33",
    "remote_port": "443",
    "status": "ok",
    "time_appconnect": "0.043309",
    "time_connect": "0.015392",
    "time_namelookup": "0.013748",
    "time_pretransfer": "0.043425",
    "time_redirect": "0.000000",
    "time_starttransfer": "0.095689",
    "time_total": "0.095788",
    "website": "https://www.teamviewer.com"
}
https://www.worldometers.info: {
    "http_version": "2",
    "remote_ip": "104.26.4.2",
    "remote_port": "443",
    "status": "ok",
    "time_appconnect": "0.036470",
    "time_connect": "0.014168",
    "time_namelookup": "0.012911",
    "time_pretransfer": "0.036603",
    "time_redirect": "0.000000",
    "time_starttransfer": "0.413449",
    "time_total": "0.529719",
    "website": "https://www.worldometers.info"
}
https://www.google.co.th: {
    "http_version": "2",
    "remote_ip": "172.217.21.195",
    "remote_port": "443",
    "status": "ok",
    "time_appconnect": "0.038021",
    "time_connect": "0.018213",
    "time_namelookup": "0.016365",
    "time_pretransfer": "0.038144",
    "time_redirect": "0.000000",
    "time_starttransfer": "0.109059",
    "time_total": "0.109374",
    "website": "https://www.google.co.th"
}
https://www.google.pl: {
    "http_version": "2",
    "remote_ip": "216.58.206.3",
    "remote_port": "443",
    "status": "ok",
    "time_appconnect": "0.032902",
    "time_connect": "0.014726",
    "time_namelookup": "0.010826",
    "time_pretransfer": "0.032995",
    "time_redirect": "0.000000",
    "time_starttransfer": "0.079907",
    "time_total": "0.080078",
    "website": "https://www.google.pl"
}
https://www.business.site: {
    "http_version": "2",
    "remote_ip": "172.217.23.174",
    "remote_port": "443",
    "status": "ok",
    "time_appconnect": "0.031532",
    "time_connect": "0.014244",
    "time_namelookup": "0.012854",
    "time_pretransfer": "0.031626",
    "time_redirect": "0.000000",
    "time_starttransfer": "0.055765",
    "time_total": "0.055848",
    "website": "https://www.business.site"
}
https://www.metropoles.com: {
    "http_version": "2",
    "remote_ip": "104.18.24.118",
    "remote_port": "443",
    "status": "ok",
    "time_appconnect": "0.037323",
    "time_connect": "0.020216",
    "time_namelookup": "0.019264",
    "time_pretransfer": "0.037556",
    "time_redirect": "0.000000",
    "time_starttransfer": "0.060260",
    "time_total": "0.067037",
    "website": "https://www.metropoles.com"
}
https://www.google.com.ar: {
    "http_version": "2",
    "remote_ip": "172.217.22.3",
    "remote_port": "443",
    "status": "ok",
    "time_appconnect": "0.055052",
    "time_connect": "0.037093",
    "time_namelookup": "0.036003",
    "time_pretransfer": "0.055141",
    "time_redirect": "0.000000",
    "time_starttransfer": "0.137065",
    "time_total": "0.137435",
    "website": "https://www.google.com.ar"
}
https://www.google.com.sa: {
    "http_version": "2",
    "remote_ip": "172.217.18.99",
    "remote_port": "443",
    "status": "ok",
    "time_appconnect": "0.036938",
    "time_connect": "0.013582",
    "time_namelookup": "0.012951",
    "time_pretransfer": "0.037072",
    "time_redirect": "0.000000",
    "time_starttransfer": "0.073361",
    "time_total": "0.073736",
    "website": "https://www.google.com.sa"
}
https://www.google.com.au: {
    "http_version": "2",
    "remote_ip": "216.58.205.227",
    "remote_port": "443",
    "status": "ok",
    "time_appconnect": "0.123125",
    "time_connect": "0.103335",
    "time_namelookup": "0.098779",
    "time_pretransfer": "0.123257",
    "time_redirect": "0.000000",
    "time_starttransfer": "0.166242",
    "time_total": "0.167983",
    "website": "https://www.google.com.au"
}
https://www.google.co.id: {
    "http_version": "2",
    "remote_ip": "172.217.18.163",
    "remote_port": "443",
    "status": "ok",
    "time_appconnect": "0.040309",
    "time_connect": "0.016156",
    "time_namelookup": "0.014632",
    "time_pretransfer": "0.040434",
    "time_redirect": "0.000000",
    "time_starttransfer": "0.081244",
    "time_total": "0.081570",
    "website": "https://www.google.co.id"
}
https://www.google.com.eg: {
    "http_version": "2",
    "remote_ip": "172.217.16.131",
    "remote_port": "443",
    "status": "ok",
    "time_appconnect": "0.199622",
    "time_connect": "0.176202",
    "time_namelookup": "0.174979",
    "time_pretransfer": "0.199725",
    "time_redirect": "0.000000",
    "time_starttransfer": "0.241095",
    "time_total": "0.241360",
    "website": "https://www.google.com.eg"
}
https://www.appspot.com: {
    "http_version": "2",
    "remote_ip": "172.217.23.110",
    "remote_port": "443",
    "status": "ok",
    "time_appconnect": "0.035027",
    "time_connect": "0.013165",
    "time_namelookup": "0.010886",
    "time_pretransfer": "0.035114",
    "time_redirect": "0.000000",
    "time_starttransfer": "0.043856",
    "time_total": "0.043940",
    "website": "https://www.appspot.com"
}
https://www.fb.me: {
    "http_version": "2",
    "remote_ip": "157.240.9.35",
    "remote_port": "443",
    "status": "ok",
    "time_appconnect": "0.105273",
    "time_connect": "0.065009",
    "time_namelookup": "0.036492",
    "time_pretransfer": "0.105368",
    "time_redirect": "0.000000",
    "time_starttransfer": "0.253317",
    "time_total": "0.253372",
    "website": "https://www.fb.me"
}
https://www.pcmag.com: {
    "http_version": "2",
    "remote_ip": "104.17.101.99",
    "remote_port": "443",
    "status": "ok",
    "time_appconnect": "0.020998",
    "time_connect": "0.007189",
    "time_namelookup": "0.005912",
    "time_pretransfer": "0.021096",
    "time_redirect": "0.000000",
    "time_starttransfer": "0.045735",
    "time_total": "0.049518",
    "website": "https://www.pcmag.com"
}
https://www.glassdoor.com: {
    "http_version": "2",
    "remote_ip": "104.17.90.51",
    "remote_port": "443",
    "status": "ok",
    "time_appconnect": "0.023735",
    "time_connect": "0.008848",
    "time_namelookup": "0.007494",
    "time_pretransfer": "0.023828",
    "time_redirect": "0.000000",
    "time_starttransfer": "0.159207",
    "time_total": "0.159255",
    "website": "https://www.glassdoor.com"
}
https://www.discordapp.com: {
    "http_version": "2",
    "remote_ip": "162.159.130.233",
    "remote_port": "443",
    "status": "ok",
    "time_appconnect": "0.024238",
    "time_connect": "0.006416",
    "time_namelookup": "0.005536",
    "time_pretransfer": "0.024338",
    "time_redirect": "0.000000",
    "time_starttransfer": "0.039289",
    "time_total": "0.039345",
    "website": "https://www.discordapp.com"
}
https://www.pexels.com: {
    "http_version": "2",
    "remote_ip": "104.17.209.102",
    "remote_port": "443",
    "status": "ok",
    "time_appconnect": "0.020218",
    "time_connect": "0.007339",
    "time_namelookup": "0.006475",
    "time_pretransfer": "0.020356",
    "time_redirect": "0.000000",
    "time_starttransfer": "0.041374",
    "time_total": "0.041509",
    "website": "https://www.pexels.com"
}
https://www.y2mate.com: {
    "http_version": "2",
    "remote_ip": "104.23.132.73",
    "remote_port": "443",
    "status": "ok",
    "time_appconnect": "0.049183",
    "time_connect": "0.024169",
    "time_namelookup": "0.017773",
    "time_pretransfer": "0.049300",
    "time_redirect": "0.000000",
    "time_starttransfer": "0.073001",
    "time_total": "0.073064",
    "website": "https://www.y2mate.com"
}
https://www.g.page: {
    "http_version": "2",
    "remote_ip": "172.217.23.174",
    "remote_port": "443",
    "status": "ok",
    "time_appconnect": "0.049125",
    "time_connect": "0.027563",
    "time_namelookup": "0.026177",
    "time_pretransfer": "0.049261",
    "time_redirect": "0.000000",
    "time_starttransfer": "0.116844",
    "time_total": "0.116906",
    "website": "https://www.g.page"
}
https://www.messenger.com: {
    "http_version": "2",
    "remote_ip": "157.240.9.18",
    "remote_port": "443",
    "status": "ok",
    "time_appconnect": "0.073601",
    "time_connect": "0.035789",
    "time_namelookup": "0.008837",
    "time_pretransfer": "0.073728",
    "time_redirect": "0.000000",
    "time_starttransfer": "0.914065",
    "time_total": "1.024381",
    "website": "https://www.messenger.com"
}
https://www.thepiratebay.org: {
    "http_version": "2",
    "remote_ip": "162.159.137.6",
    "remote_port": "443",
    "status": "ok",
    "time_appconnect": "0.029387",
    "time_connect": "0.011599",
    "time_namelookup": "0.010647",
    "time_pretransfer": "0.029493",
    "time_redirect": "0.000000",
    "time_starttransfer": "0.592874",
    "time_total": "0.592974",
    "website": "https://www.thepiratebay.org"
}
https://www.namu.wiki: {
    "http_version": "2",
    "remote_ip": "104.16.180.45",
    "remote_port": "443",
    "status": "ok",
    "time_appconnect": "0.038095",
    "time_connect": "0.017511",
    "time_namelookup": "0.016234",
    "time_pretransfer": "0.038199",
    "time_redirect": "0.000000",
    "time_starttransfer": "0.047487",
    "time_total": "0.047530",
    "website": "https://www.namu.wiki"
}
https://www.gstatic.com: {
    "http_version": "2",
    "remote_ip": "172.217.23.131",
    "remote_port": "443",
    "status": "ok",
    "time_appconnect": "0.022474",
    "time_connect": "0.004913",
    "time_namelookup": "0.002214",
    "time_pretransfer": "0.022563",
    "time_redirect": "0.000000",
    "time_starttransfer": "0.031205",
    "time_total": "0.031303",
    "website": "https://www.gstatic.com"
}
https://www.jotform.com: {
    "http_version": "2",
    "remote_ip": "104.23.133.11",
    "remote_port": "443",
    "status": "ok",
    "time_appconnect": "0.023028",
    "time_connect": "0.008741",
    "time_namelookup": "0.007939",
    "time_pretransfer": "0.023140",
    "time_redirect": "0.000000",
    "time_starttransfer": "0.221912",
    "time_total": "0.331760",
    "website": "https://www.jotform.com"
}
https://www.blogspot.co.uk: {
    "http_version": "2",
    "remote_ip": "172.217.22.41",
    "remote_port": "443",
    "status": "ok",
    "time_appconnect": "0.031999",
    "time_connect": "0.013887",
    "time_namelookup": "0.011366",
    "time_pretransfer": "0.032112",
    "time_redirect": "0.000000",
    "time_starttransfer": "0.691989",
    "time_total": "0.692112",
    "website": "https://www.blogspot.co.uk"
}
https://www.mgid.com: {
    "http_version": "2",
    "remote_ip": "104.19.135.78",
    "remote_port": "443",
    "status": "ok",
    "time_appconnect": "0.020409",
    "time_connect": "0.006506",
    "time_namelookup": "0.005180",
    "time_pretransfer": "0.020514",
    "time_redirect": "0.000000",
    "time_starttransfer": "1.686990",
    "time_total": "1.983935",
    "website": "https://www.mgid.com"
}
https://www.googleblog.com: {
    "http_version": "2",
    "remote_ip": "172.217.22.65",
    "remote_port": "443",
    "status": "ok",
    "time_appconnect": "0.043026",
    "time_connect": "0.017590",
    "time_namelookup": "0.011355",
    "time_pretransfer": "0.043174",
    "time_redirect": "0.000000",
    "time_starttransfer": "0.709944",
    "time_total": "0.714087",
    "website": "https://www.googleblog.com"
}
https://www.google.co.kr: {
    "http_version": "2",
    "remote_ip": "172.217.23.99",
    "remote_port": "443",
    "status": "ok",
    "time_appconnect": "0.032104",
    "time_connect": "0.013001",
    "time_namelookup": "0.011362",
    "time_pretransfer": "0.032228",
    "time_redirect": "0.000000",
    "time_starttransfer": "0.074188",
    "time_total": "0.074476",
    "website": "https://www.google.co.kr"
}
https://www.google.com.ua: {
    "http_version": "2",
    "remote_ip": "172.217.18.163",
    "remote_port": "443",
    "status": "ok",
    "time_appconnect": "0.047458",
    "time_connect": "0.013449",
    "time_namelookup": "0.011615",
    "time_pretransfer": "0.047645",
    "time_redirect": "0.000000",
    "time_starttransfer": "0.088099",
    "time_total": "0.088549",
    "website": "https://www.google.com.ua"
}
https://www.thelancet.com: {
    "http_version": "2",
    "remote_ip": "104.18.123.114",
    "remote_port": "443",
    "status": "ok",
    "time_appconnect": "0.042673",
    "time_connect": "0.023965",
    "time_namelookup": "0.022567",
    "time_pretransfer": "0.042800",
    "time_redirect": "0.000000",
    "time_starttransfer": "0.256944",
    "time_total": "0.257075",
    "website": "https://www.thelancet.com"
}
https://www.getbootstrap.com: {
    "http_version": "2",
    "remote_ip": "104.22.58.100",
    "remote_port": "443",
    "status": "ok",
    "time_appconnect": "0.024061",
    "time_connect": "0.007266",
    "time_namelookup": "0.006138",
    "time_pretransfer": "0.024204",
    "time_redirect": "0.000000",
    "time_starttransfer": "0.049947",
    "time_total": "0.050049",
    "website": "https://www.getbootstrap.com"
}
https://www.withgoogle.com: {
    "http_version": "2",
    "remote_ip": "172.217.18.113",
    "remote_port": "443",
    "status": "ok",
    "time_appconnect": "0.034424",
    "time_connect": "0.016077",
    "time_namelookup": "0.012750",
    "time_pretransfer": "0.034515",
    "time_redirect": "0.000000",
    "time_starttransfer": "0.226625",
    "time_total": "0.226709",
    "website": "https://www.withgoogle.com"
}
https://www.fbsbx.com: {
    "http_version": "2",
    "remote_ip": "157.240.9.18",
    "remote_port": "443",
    "status": "ok",
    "time_appconnect": "0.071769",
    "time_connect": "0.033955",
    "time_namelookup": "0.006848",
    "time_pretransfer": "0.071870",
    "time_redirect": "0.000000",
    "time_starttransfer": "0.213797",
    "time_total": "0.213871",
    "website": "https://www.fbsbx.com"
}
https://www.scmp.com: {
    "http_version": "2",
    "remote_ip": "104.17.184.66",
    "remote_port": "443",
    "status": "ok",
    "time_appconnect": "0.021171",
    "time_connect": "0.007060",
    "time_namelookup": "0.005778",
    "time_pretransfer": "0.021255",
    "time_redirect": "0.000000",
    "time_starttransfer": "0.240272",
    "time_total": "0.265251",
    "website": "https://www.scmp.com"
}
https://www.google.gr: {
    "http_version": "2",
    "remote_ip": "142.250.74.195",
    "remote_port": "443",
    "status": "ok",
    "time_appconnect": "0.038018",
    "time_connect": "0.015517",
    "time_namelookup": "0.013520",
    "time_pretransfer": "0.038116",
    "time_redirect": "0.000000",
    "time_starttransfer": "0.083896",
    "time_total": "0.084041",
    "website": "https://www.google.gr"
}
https://www.thegatewaypundit.com: {
    "http_version": "2",
    "remote_ip": "104.22.4.85",
    "remote_port": "443",
    "status": "ok",
    "time_appconnect": "0.033183",
    "time_connect": "0.008103",
    "time_namelookup": "0.007189",
    "time_pretransfer": "0.033671",
    "time_redirect": "0.000000",
    "time_starttransfer": "0.046080",
    "time_total": "0.048941",
    "website": "https://www.thegatewaypundit.com"
}
https://www.googleapis.com: {
    "http_version": "2",
    "remote_ip": "216.58.208.42",
    "remote_port": "443",
    "status": "ok",
    "time_appconnect": "0.021355",
    "time_connect": "0.003687",
    "time_namelookup": "0.002430",
    "time_pretransfer": "0.021441",
    "time_redirect": "0.000000",
    "time_starttransfer": "0.069563",
    "time_total": "0.069675",
    "website": "https://www.googleapis.com"
}
https://www.mixcloud.com: {
    "http_version": "2",
    "remote_ip": "104.20.5.36",
    "remote_port": "443",
    "status": "ok",
    "time_appconnect": "0.028737",
    "time_connect": "0.006484",
    "time_namelookup": "0.005150",
    "time_pretransfer": "0.028879",
    "time_redirect": "0.000000",
    "time_starttransfer": "0.134441",
    "time_total": "0.134587",
    "website": "https://www.mixcloud.com"
}
https://www.google.nl: {
    "http_version": "2",
    "remote_ip": "172.217.18.99",
    "remote_port": "443",
    "status": "ok",
    "time_appconnect": "0.039894",
    "time_connect": "0.012657",
    "time_namelookup": "0.011479",
    "time_pretransfer": "0.040031",
    "time_redirect": "0.000000",
    "time_starttransfer": "0.084846",
    "time_total": "0.085407",
    "website": "https://www.google.nl"
}
https://www.google.ro: {
    "http_version": "2",
    "remote_ip": "172.217.22.67",
    "remote_port": "443",
    "status": "ok",
    "time_appconnect": "0.030805",
    "time_connect": "0.012103",
    "time_namelookup": "0.010598",
    "time_pretransfer": "0.030920",
    "time_redirect": "0.000000",
    "time_starttransfer": "0.071904",
    "time_total": "0.072590",
    "website": "https://www.google.ro"
}
https://www.m.me: {
    "http_version": "2",
    "remote_ip": "157.240.9.18",
    "remote_port": "443",
    "status": "ok",
    "time_appconnect": "0.071135",
    "time_connect": "0.032110",
    "time_namelookup": "0.005168",
    "time_pretransfer": "0.071222",
    "time_redirect": "0.000000",
    "time_starttransfer": "0.220882",
    "time_total": "0.220939",
    "website": "https://www.m.me"
}
https://www.businessinsider.de: {
    "http_version": "2",
    "remote_ip": "104.22.66.154",
    "remote_port": "443",
    "status": "ok",
    "time_appconnect": "0.023400",
    "time_connect": "0.007081",
    "time_namelookup": "0.005815",
    "time_pretransfer": "0.023509",
    "time_redirect": "0.000000",
    "time_starttransfer": "0.085353",
    "time_total": "0.088716",
    "website": "https://www.businessinsider.de"
}
https://www.spankbang.com: {
    "http_version": "2",
    "remote_ip": "104.19.136.100",
    "remote_port": "443",
    "status": "ok",
    "time_appconnect": "0.048498",
    "time_connect": "0.019571",
    "time_namelookup": "0.018363",
    "time_pretransfer": "0.048627",
    "time_redirect": "0.000000",
    "time_starttransfer": "0.197522",
    "time_total": "0.197633",
    "website": "https://www.spankbang.com"
}
https://www.etoro.com: {
    "http_version": "2",
    "remote_ip": "104.18.19.67",
    "remote_port": "443",
    "status": "ok",
    "time_appconnect": "0.038784",
    "time_connect": "0.019562",
    "time_namelookup": "0.018746",
    "time_pretransfer": "0.038903",
    "time_redirect": "0.000000",
    "time_starttransfer": "0.127655",
    "time_total": "0.139178",
    "website": "https://www.etoro.com"
}
https://www.google.co.ve: {
    "http_version": "2",
    "remote_ip": "172.217.22.67",
    "remote_port": "443",
    "status": "ok",
    "time_appconnect": "0.034626",
    "time_connect": "0.011743",
    "time_namelookup": "0.011081",
    "time_pretransfer": "0.034763",
    "time_redirect": "0.000000",
    "time_starttransfer": "0.076765",
    "time_total": "0.077098",
    "website": "https://www.google.co.ve"
}
https://www.viva.co.id: {
    "http_version": "2",
    "remote_ip": "104.20.150.112",
    "remote_port": "443",
    "status": "ok",
    "time_appconnect": "0.037735",
    "time_connect": "0.015666",
    "time_namelookup": "0.014466",
    "time_pretransfer": "0.037921",
    "time_redirect": "0.000000",
    "time_starttransfer": "0.076625",
    "time_total": "0.078139",
    "website": "https://www.viva.co.id"
}
https://www.yts.mx: {
    "http_version": "2",
    "remote_ip": "104.26.7.75",
    "remote_port": "443",
    "status": "ok",
    "time_appconnect": "0.040070",
    "time_connect": "0.023646",
    "time_namelookup": "0.022810",
    "time_pretransfer": "0.040187",
    "time_redirect": "0.000000",
    "time_starttransfer": "0.051824",
    "time_total": "0.051869",
    "website": "https://www.yts.mx"
}
https://www.google.com.my: {
    "http_version": "2",
    "remote_ip": "216.58.212.131",
    "remote_port": "443",
    "status": "ok",
    "time_appconnect": "0.030105",
    "time_connect": "0.011988",
    "time_namelookup": "0.010340",
    "time_pretransfer": "0.030233",
    "time_redirect": "0.000000",
    "time_starttransfer": "0.066387",
    "time_total": "0.066727",
    "website": "https://www.google.com.my"
}
https://www.google.be: {
    "http_version": "2",
    "remote_ip": "172.217.23.99",
    "remote_port": "443",
    "status": "ok",
    "time_appconnect": "0.042601",
    "time_connect": "0.024926",
    "time_namelookup": "0.023355",
    "time_pretransfer": "0.042711",
    "time_redirect": "0.000000",
    "time_starttransfer": "0.085001",
    "time_total": "0.085662",
    "website": "https://www.google.be"
}
