{
    "domComplete": 1138.0599999993137,
    "domInteractive": 361.3900000000285,
    "nextHopProtocol": "h2",
    "responseStart": 253.9199999991979,
    "website": "https://www.google.com"
}
{
    "domComplete": 1612.3650000008638,
    "domInteractive": 1094.5800000008603,
    "nextHopProtocol": "h2",
    "responseStart": 437.29000000166707,
    "website": "https://www.facebook.com"
}
{
    "domComplete": 11361.994999999297,
    "domInteractive": 6306.674999999814,
    "nextHopProtocol": "h2",
    "responseStart": 112.82000000028347,
    "website": "https://www.youtube.com"
}
{
    "domComplete": 821.3299999988521,
    "domInteractive": 792.5999999988562,
    "nextHopProtocol": "h2",
    "responseStart": 423.8150000001042,
    "website": "https://www.instagram.com"
}
{
    "domComplete": 1108.5800000000745,
    "domInteractive": 1040.2799999992567,
    "nextHopProtocol": "h2",
    "responseStart": 121.8300000000454,
    "website": "https://www.doubleclick.net"
}
{
    "domComplete": 1012.4099999993632,
    "domInteractive": 1012.284999998883,
    "nextHopProtocol": "h2",
    "responseStart": 10.51499999994121,
    "website": "https://www.googletagmanager.com"
}
{
    "domComplete": 224.20000000056461,
    "domInteractive": 186.54500000047847,
    "nextHopProtocol": "h2",
    "responseStart": 22.789999999076826,
    "website": "https://www.googleusercontent.com"
}
{
    "domComplete": 226.22000000046683,
    "domInteractive": 213.89499999895634,
    "nextHopProtocol": "h2",
    "responseStart": 148.3299999999872,
    "website": "https://www.goo.gl"
}
{
    "domComplete": 1663.735000000088,
    "domInteractive": 1562.2400000011112,
    "nextHopProtocol": "h2",
    "responseStart": 1114.480000000185,
    "website": "https://www.blogspot.com"
}
{
    "domComplete": 778.8149999996676,
    "domInteractive": 748.5299999989365,
    "nextHopProtocol": "h2",
    "responseStart": 32.859999999345746,
    "website": "https://www.google-analytics.com"
}
{
    "domComplete": 1212.985000000117,
    "domInteractive": 911.7049999986193,
    "nextHopProtocol": "h2",
    "responseStart": 419.48499999853084,
    "website": "https://www.fbcdn.net"
}
{
    "domComplete": 341.83999999913794,
    "domInteractive": 307.28499999895575,
    "nextHopProtocol": "h2",
    "responseStart": 176.50999999932537,
    "website": "https://www.myshopify.com"
}
{
    "domComplete": 7001.2449999994715,
    "domInteractive": 4886.160000000018,
    "nextHopProtocol": "h2",
    "responseStart": 1665.9249999993335,
    "website": "https://www.medium.com"
}
{
    "domComplete": 1342.17499999977,
    "domInteractive": 524.5949999989534,
    "nextHopProtocol": "h2",
    "responseStart": 108.07000000022526,
    "website": "https://www.google.com.hk"
}
{
    "domComplete": 177.79500000142434,
    "domInteractive": 177.63000000013562,
    "nextHopProtocol": "h3-Q050",
    "responseStart": 59.385000000474975,
    "website": "https://www.googlevideo.com"
}
{
    "domComplete": 3181.9649999997637,
    "domInteractive": 1270.4799999992247,
    "nextHopProtocol": "h2",
    "responseStart": 255.7250000008935,
    "website": "https://www.cloudflare.com"
}
{
    "domComplete": 137.24499999989348,
    "domInteractive": 74.84000000113156,
    "nextHopProtocol": "h2",
    "responseStart": 13.44500000050175,
    "website": "https://www.googleadservices.com"
}
{
    "domComplete": 1288.2650000010472,
    "domInteractive": 481.40000000057626,
    "nextHopProtocol": "h2",
    "responseStart": 113.56999999952677,
    "website": "https://www.google.co.in"
}
{
    "domComplete": 1893.5500000006869,
    "domInteractive": 1307.8249999998661,
    "nextHopProtocol": "h2",
    "responseStart": 1049.205000001166,
    "website": "https://www.tinyurl.com"
}
{
    "domComplete": 1904.4400000002497,
    "domInteractive": 499.6850000006816,
    "nextHopProtocol": "h2",
    "responseStart": 118.55500000092434,
    "website": "https://www.google.de"
}
{
    "domComplete": 11963.284999999814,
    "domInteractive": 7592.619999999442,
    "nextHopProtocol": "h2",
    "responseStart": 1598.135000000184,
    "website": "https://www.yy.com"
}
{
    "domComplete": 1223.6749999992753,
    "domInteractive": 514.4299999992654,
    "nextHopProtocol": "h2",
    "responseStart": 113.84999999972933,
    "website": "https://www.google.co.jp"
}
{
    "domComplete": 231.35000000002037,
    "domInteractive": 172.78999999871303,
    "nextHopProtocol": "h2",
    "responseStart": 75.50499999888416,
    "website": "https://www.youtube-nocookie.com"
}
{
    "domComplete": 1215.584999999919,
    "domInteractive": 406.6950000014913,
    "nextHopProtocol": "h2",
    "responseStart": 111.17500000000291,
    "website": "https://www.google.com.br"
}
{
    "domComplete": 1257.594999999128,
    "domInteractive": 595.5249999988155,
    "nextHopProtocol": "h2",
    "responseStart": 107.01499999959196,
    "website": "https://www.google.co.uk"
}
{
    "domComplete": 291.1949999997887,
    "domInteractive": 230.66499999913503,
    "nextHopProtocol": "h2",
    "responseStart": 61.23499999921478,
    "website": "https://www.google.cn"
}
{
    "domComplete": 1189.1250000007858,
    "domInteractive": 1085.9250000012253,
    "nextHopProtocol": "h2",
    "responseStart": 286.41500000048836,
    "website": "https://www.blogger.com"
}
{
    "domComplete": 1465.4399999999441,
    "domInteractive": 1024.3150000005699,
    "nextHopProtocol": "h2",
    "responseStart": 530.6799999998475,
    "website": "https://www.fb.com"
}
{
    "domComplete": 991.9399999998859,
    "domInteractive": 388.4749999997439,
    "nextHopProtocol": "h2",
    "responseStart": 115.15499999950407,
    "website": "https://www.google.es"
}
{
    "domComplete": 1214.560000000347,
    "domInteractive": 437.6200000006065,
    "nextHopProtocol": "h2",
    "responseStart": 110.87500000030559,
    "website": "https://www.google.fr"
}
{
    "domComplete": 1349.6400000003632,
    "domInteractive": 451.9250000012107,
    "nextHopProtocol": "h2",
    "responseStart": 140.6700000006822,
    "website": "https://www.google.ru"
}
{
    "domComplete": 1245.4649999999674,
    "domInteractive": 387.16999999996915,
    "nextHopProtocol": "h2",
    "responseStart": 116.57999999988533,
    "website": "https://www.google.it"
}
{
    "domComplete": 1183.0549999995128,
    "domInteractive": 1072.1950000006473,
    "nextHopProtocol": "h2",
    "responseStart": 397.15500000056636,
    "website": "https://www.gmail.com"
}
{
    "domComplete": 972.6550000013958,
    "domInteractive": 660.0300000009156,
    "nextHopProtocol": "h2",
    "responseStart": 27.20500000032189,
    "website": "https://www.android.com"
}
{
    "domComplete": 203.98000000022876,
    "domInteractive": 202.6399999995192,
    "nextHopProtocol": "h2",
    "responseStart": 76.25000000007276,
    "website": "https://www.googletagservices.com"
}
{
    "domComplete": 416.2900000010268,
    "domInteractive": 307.5250000001688,
    "nextHopProtocol": "h2",
    "responseStart": 43.93000000163738,
    "website": "https://www.addtoany.com"
}
{
    "domComplete": 1104.1999999997643,
    "domInteractive": 351.86000000066997,
    "nextHopProtocol": "h2",
    "responseStart": 119.4950000008248,
    "website": "https://www.google.ca"
}
{
    "domComplete": 1636.3250000013068,
    "domInteractive": 552.5250000009692,
    "nextHopProtocol": "h2",
    "responseStart": 100.71000000061758,
    "website": "https://www.google.com.sg"
}
{
    "domComplete": 1001.2500000011642,
    "domInteractive": 409.75000000071304,
    "nextHopProtocol": "h2",
    "responseStart": 129.52500000028522,
    "website": "https://www.google.com.tw"
}
{
    "domComplete": 3260.3799999997136,
    "domInteractive": 2728.3099999986007,
    "nextHopProtocol": "h2",
    "responseStart": 83.88500000000931,
    "website": "https://www.discord.com"
}
{
    "domComplete": 4388.264999999592,
    "domInteractive": 1586.1100000001898,
    "nextHopProtocol": "h2",
    "responseStart": 632.6699999990524,
    "website": "https://www.tandfonline.com"
}
{
    "domComplete": 1117.7999999999884,
    "domInteractive": 950.3399999994144,
    "nextHopProtocol": "h2",
    "responseStart": 208.56499999899825,
    "website": "https://www.shopify.com"
}
{
    "domComplete": 959.114999999656,
    "domInteractive": 709.7950000006676,
    "nextHopProtocol": "h2",
    "responseStart": 494.52500000006694,
    "website": "https://www.pixabay.com"
}
{
    "domComplete": 374.1250000002765,
    "domInteractive": 304.72499999996217,
    "nextHopProtocol": "h2",
    "responseStart": 104.71999999936088,
    "website": "https://www.pki.goog"
}
{
    "domComplete": 4508.050000000367,
    "domInteractive": 852.4800000013784,
    "nextHopProtocol": "h2",
    "responseStart": 290.7500000001164,
    "website": "https://www.crashlytics.com"
}
{
    "domComplete": 1300.2350000006118,
    "domInteractive": 672.4300000005314,
    "nextHopProtocol": "h2",
    "responseStart": 141.92000000002736,
    "website": "https://www.google.com.mx"
}
{
    "domComplete": 1830.645000000004,
    "domInteractive": 1173.334999999497,
    "nextHopProtocol": "h2",
    "responseStart": 382.434999999532,
    "website": "https://www.hubspot.com"
}
{
    "domComplete": 1332.4499999998807,
    "domInteractive": 517.0299999990675,
    "nextHopProtocol": "h2",
    "responseStart": 146.33499999945343,
    "website": "https://www.google.com.tr"
}
{
    "domComplete": 1356.7549999988842,
    "domInteractive": 1321.5700000000652,
    "nextHopProtocol": "h2",
    "responseStart": 773.9449999990029,
    "website": "https://www.feedburner.com"
}
{
    "domComplete": 698.27499999883,
    "domInteractive": 384.6899999989546,
    "nextHopProtocol": "h2",
    "responseStart": 68.03999999829102,
    "website": "https://www.arnebrachhold.de"
}
{
    "domComplete": 1238.6900000001333,
    "domInteractive": 465.72999999989406,
    "nextHopProtocol": "h2",
    "responseStart": 105.48000000017055,
    "website": "https://www.google.com.vn"
}
{
    "domComplete": 1729.3349999999919,
    "domInteractive": 1164.7050000010495,
    "nextHopProtocol": "h2",
    "responseStart": 83.65500000036263,
    "website": "https://www.teamviewer.com"
}
{
    "domComplete": 3295.1849999990372,
    "domInteractive": 1400.5550000001676,
    "nextHopProtocol": "h2",
    "responseStart": 174.75000000013097,
    "website": "https://www.worldometers.info"
}
{
    "domComplete": 1108.700000000681,
    "domInteractive": 600.0999999996566,
    "nextHopProtocol": "h2",
    "responseStart": 149.93500000127824,
    "website": "https://www.google.co.th"
}
{
    "domComplete": 963.0049999996118,
    "domInteractive": 385.7349999998405,
    "nextHopProtocol": "h2",
    "responseStart": 108.52999999951862,
    "website": "https://www.google.pl"
}
{
    "domComplete": 2806.770000001052,
    "domInteractive": 1831.7250000000058,
    "nextHopProtocol": "h2",
    "responseStart": 121.15000000085274,
    "website": "https://www.business.site"
}
{
    "domComplete": 10083.354999998846,
    "domInteractive": 4264.025000000402,
    "nextHopProtocol": "h2",
    "responseStart": 1775.499999999738,
    "website": "https://www.metropoles.com"
}
{
    "domComplete": 1008.1050000007963,
    "domInteractive": 466.70000000085565,
    "nextHopProtocol": "h2",
    "responseStart": 115.48500000026252,
    "website": "https://www.google.com.ar"
}
{
    "domComplete": 2272.9749999998603,
    "domInteractive": 560.975000000326,
    "nextHopProtocol": "h2",
    "responseStart": 128.66000000030908,
    "website": "https://www.google.com.sa"
}
{
    "domComplete": 1297.5249999999505,
    "domInteractive": 559.3700000008539,
    "nextHopProtocol": "h2",
    "responseStart": 230.40000000037253,
    "website": "https://www.google.com.au"
}
{
    "domComplete": 2483.4200000004785,
    "domInteractive": 902.7399999995396,
    "nextHopProtocol": "h2",
    "responseStart": 240.20999999993364,
    "website": "https://www.google.co.id"
}
{
    "domComplete": 2169.449999999415,
    "domInteractive": 1165.6899999998132,
    "nextHopProtocol": "h2",
    "responseStart": 274.57999999933236,
    "website": "https://www.google.com.eg"
}
{
    "domComplete": 722.5849999995262,
    "domInteractive": 718.8599999990402,
    "nextHopProtocol": "h2",
    "responseStart": 428.3500000001368,
    "website": "https://www.appspot.com"
}
{
    "domComplete": 1956.4950000003591,
    "domInteractive": 1458.4500000000844,
    "nextHopProtocol": "h2",
    "responseStart": 715.2050000004238,
    "website": "https://www.fb.me"
}
{
    "domComplete": 8950.070000000778,
    "domInteractive": 1671.4300000003277,
    "nextHopProtocol": "h2",
    "responseStart": 207.41500000076485,
    "website": "https://www.pcmag.com"
}
{
    "domComplete": 14023.84499999971,
    "domInteractive": 1685.8999999985826,
    "nextHopProtocol": "h2",
    "responseStart": 429.91499999880034,
    "website": "https://www.glassdoor.com"
}
{
    "domComplete": 5517.649999999776,
    "domInteractive": 3991.9150000005175,
    "nextHopProtocol": "h2",
    "responseStart": 252.80000000020664,
    "website": "https://www.discordapp.com"
}
{
    "domComplete": 607.0899999995163,
    "domInteractive": 106.9549999992887,
    "nextHopProtocol": "h2",
    "responseStart": 45.13000000042666,
    "website": "https://www.pexels.com"
}
{
    "domComplete": 1964.1649999994115,
    "domInteractive": 745.984999999564,
    "nextHopProtocol": "h2",
    "responseStart": 198.1550000000425,
    "website": "https://www.y2mate.com"
}
{
    "domComplete": 4260.314999999537,
    "domInteractive": 3448.6350000006496,
    "nextHopProtocol": "h2",
    "responseStart": 394.4049999990966,
    "website": "https://www.g.page"
}
{
    "domComplete": 4954.139999999825,
    "domInteractive": 2921.45999999957,
    "nextHopProtocol": "h2",
    "responseStart": 962.8649999995105,
    "website": "https://www.messenger.com"
}
{
    "domComplete": 2966.7549999994662,
    "domInteractive": 2439.0500000008615,
    "nextHopProtocol": "h2",
    "responseStart": 2023.764999999912,
    "website": "https://www.thepiratebay.org"
}
{
    "domComplete": 1898.8049999989016,
    "domInteractive": 998.4850000000733,
    "nextHopProtocol": "h2",
    "responseStart": 733.699999998862,
    "website": "https://www.namu.wiki"
}
{
    "domComplete": 673.7999999986641,
    "domInteractive": 500.54999999883876,
    "nextHopProtocol": "h2",
    "responseStart": 23.789999999280553,
    "website": "https://www.gstatic.com"
}
{
    "domComplete": 6552.2949999995035,
    "domInteractive": 3298.355000000811,
    "nextHopProtocol": "h2",
    "responseStart": 447.34500000049593,
    "website": "https://www.jotform.com"
}
{
    "domComplete": 3512.6950000012584,
    "domInteractive": 3307.990000001155,
    "nextHopProtocol": "h2",
    "responseStart": 1111.3299999997253,
    "website": "https://www.blogspot.co.uk"
}
{
    "domComplete": 14708.070000000589,
    "domInteractive": 5998.2250000011845,
    "nextHopProtocol": "h2",
    "responseStart": 2887.0200000001205,
    "website": "https://www.mgid.com"
}
{
    "domComplete": 1331.7200000001321,
    "domInteractive": 1079.7199999997247,
    "nextHopProtocol": "h2",
    "responseStart": 741.0250000011729,
    "website": "https://www.googleblog.com"
}
{
    "domComplete": 3001.184999999168,
    "domInteractive": 1163.2549999994808,
    "nextHopProtocol": "h2",
    "responseStart": 230.5450000003475,
    "website": "https://www.google.co.kr"
}
{
    "domComplete": 2728.9700000001176,
    "domInteractive": 798.7450000000536,
    "nextHopProtocol": "h2",
    "responseStart": 181.34500000087428,
    "website": "https://www.google.com.ua"
}
{
    "domComplete": 14936.569999999847,
    "domInteractive": 7749.504999999772,
    "nextHopProtocol": "h2",
    "responseStart": 3139.2400000004272,
    "website": "https://www.thelancet.com"
}
{
    "domComplete": 1731.245000000854,
    "domInteractive": 1231.245000000854,
    "nextHopProtocol": "h2",
    "responseStart": 498.17000000075495,
    "website": "https://www.getbootstrap.com"
}
{
    "domComplete": 2474.450000001525,
    "domInteractive": 1043.5450000004494,
    "nextHopProtocol": "h2",
    "responseStart": 420.1950000006036,
    "website": "https://www.withgoogle.com"
}
{
    "domComplete": 280.48999999919033,
    "domInteractive": 278.96999999939,
    "nextHopProtocol": "h2",
    "responseStart": 211.05999999963387,
    "website": "https://www.fbsbx.com"
}
{
    "domComplete": 58150.23499999916,
    "domInteractive": 3496.014999998806,
    "nextHopProtocol": "h2",
    "responseStart": 398.7199999992299,
    "website": "https://www.scmp.com"
}
{
    "domComplete": 1665.4400000006717,
    "domInteractive": 908.5100000011153,
    "nextHopProtocol": "h2",
    "responseStart": 242.79000000024098,
    "website": "https://www.google.gr"
}
{
    "domComplete": 17826.53500000015,
    "domInteractive": 6842.9550000000745,
    "nextHopProtocol": "h2",
    "responseStart": 54.25000000104774,
    "website": "https://www.thegatewaypundit.com"
}
{
    "domComplete": 458.65000000048894,
    "domInteractive": 457.7049999988958,
    "nextHopProtocol": "h2",
    "responseStart": 161.73499999968044,
    "website": "https://www.googleapis.com"
}
{
    "domComplete": 15200.715000000855,
    "domInteractive": 6518.514999999752,
    "nextHopProtocol": "h2",
    "responseStart": 162.7550000011979,
    "website": "https://www.mixcloud.com"
}
{
    "domComplete": 2675.8000000008906,
    "domInteractive": 963.5099999995873,
    "nextHopProtocol": "h2",
    "responseStart": 454.185000000507,
    "website": "https://www.google.nl"
}
{
    "domComplete": 3716.824999999517,
    "domInteractive": 1393.5249999994994,
    "nextHopProtocol": "h2",
    "responseStart": 386.6649999999936,
    "website": "https://www.google.ro"
}
{
    "domComplete": 4626.759999999194,
    "domInteractive": 2853.0999999984488,
    "nextHopProtocol": "h2",
    "responseStart": 1172.3049999982322,
    "website": "https://www.m.me"
}
{
    "domComplete": 5700.2750000010565,
    "domInteractive": 2218.9150000012887,
    "nextHopProtocol": "h2",
    "responseStart": 174.98499999965134,
    "website": "https://www.businessinsider.de"
}
{
    "domComplete": 12654.355000000578,
    "domInteractive": 1956.0750000000553,
    "nextHopProtocol": "h2",
    "responseStart": 644.2800000004354,
    "website": "https://www.spankbang.com"
}
{
    "domComplete": 11243.979999999283,
    "domInteractive": 2977.805000000444,
    "nextHopProtocol": "h2",
    "responseStart": 281.2549999998737,
    "website": "https://www.etoro.com"
}
{
    "domComplete": 2502.57000000056,
    "domInteractive": 1201.0950000003504,
    "nextHopProtocol": "h2",
    "responseStart": 293.85999999976775,
    "website": "https://www.google.co.ve"
}
{
    "domComplete": 2312.869999999748,
    "domInteractive": 1511.3500000006752,
    "nextHopProtocol": "h2",
    "responseStart": 90.00000000014552,
    "website": "https://www.viva.co.id"
}
{
    "domComplete": 2984.0500000009342,
    "domInteractive": 1711.0150000007707,
    "nextHopProtocol": "h2",
    "responseStart": 198.16999999966356,
    "website": "https://www.yts.mx"
}
{
    "domComplete": 1788.140000000567,
    "domInteractive": 550.4600000003848,
    "nextHopProtocol": "h2",
    "responseStart": 182.25499999971362,
    "website": "https://www.google.com.my"
}
{
    "domComplete": 1277.0049999999173,
    "domInteractive": 566.2700000011682,
    "nextHopProtocol": "h2",
    "responseStart": 204.82500000071013,
    "website": "https://www.google.be"
}
{
    "domComplete": 4954.209999999875,
    "domInteractive": 4509.9649999992835,
    "nextHopProtocol": "h2",
    "responseStart": 2204.68499999879,
    "website": "https://www.mdpi.com"
}
{
    "domComplete": 2481.1099999988073,
    "domInteractive": 1776.7100000000937,
    "nextHopProtocol": "h2",
    "responseStart": 495.40499999966414,
    "website": "https://www.colorlib.com"
}
{
    "domComplete": 11443.610000000263,
    "domInteractive": 2983.5650000004534,
    "nextHopProtocol": "h2",
    "responseStart": 549.0350000000035,
    "website": "https://www.dcard.tw"
}
{
    "domComplete": 6288.464999999633,
    "domInteractive": 4242.814999999609,
    "nextHopProtocol": "h2",
    "responseStart": 2513.649999998961,
    "website": "https://www.google.ch"
}
{
    "domComplete": 4214.264999998704,
    "domInteractive": 1085.544999999911,
    "nextHopProtocol": "h2",
    "responseStart": 220.70499999972526,
    "website": "https://www.google.com.ph"
}
{
    "domComplete": 2747.305000000779,
    "domInteractive": 969.2199999990407,
    "nextHopProtocol": "h2",
    "responseStart": 184.57999999918684,
    "website": "https://www.google.co.za"
}
{
    "domComplete": 2289.8199999999633,
    "domInteractive": 793.90500000045,
    "nextHopProtocol": "h2",
    "responseStart": 208.51000000038766,
    "website": "https://www.google.cl"
}
{
    "domComplete": 3488.2050000014715,
    "domInteractive": 1436.2500000006548,
    "nextHopProtocol": "h2",
    "responseStart": 196.98000000062166,
    "website": "https://www.thehindu.com"
}
{
    "domComplete": 19706.9649999994,
    "domInteractive": 1682.2449999999662,
    "nextHopProtocol": "h2",
    "responseStart": 214.80499999961467,
    "website": "https://www.billboard.com"
}
{
    "domComplete": 1519.2600000009406,
    "domInteractive": 792.4350000012055,
    "nextHopProtocol": "h2",
    "responseStart": 455.8950000009645,
    "website": "https://www.greenpeace.org"
}
{
    "domComplete": 3728.6199999998644,
    "domInteractive": 1922.0650000006572,
    "nextHopProtocol": "h2",
    "responseStart": 889.8750000007567,
    "website": "https://www.yolasite.com"
}
{
    "domComplete": 319.9450000010984,
    "domInteractive": 309.53500000032363,
    "nextHopProtocol": "h2",
    "responseStart": 78.34000000002561,
    "website": "https://www.doordash.com"
}
{
    "domComplete": 1090.3799999996409,
    "domInteractive": 780.3899999998976,
    "nextHopProtocol": "h2",
    "responseStart": 334.04999999947904,
    "website": "https://www.google.az"
}
{
    "domComplete": 2235.2200000004814,
    "domInteractive": 1028.3799999997427,
    "nextHopProtocol": "h2",
    "responseStart": 161.65000000000873,
    "website": "https://www.google.at"
}
{
    "domComplete": 1582.9799999992247,
    "domInteractive": 784.9399999995512,
    "nextHopProtocol": "h2",
    "responseStart": 237.0599999994738,
    "website": "https://www.google.com.pk"
}
{
    "domComplete": 5703.895000000557,
    "domInteractive": 2052.064999999857,
    "nextHopProtocol": "h2",
    "responseStart": 750.980000000709,
    "website": "https://www.teachable.com"
}
{
    "domComplete": 708.8600000006409,
    "domInteractive": 280.5550000011863,
    "nextHopProtocol": "h2",
    "responseStart": 210.31500000026426,
    "website": "https://www.g.co"
}
{
    "domComplete": 2473.840000000564,
    "domInteractive": 2263.6449999990873,
    "nextHopProtocol": "h2",
    "responseStart": 1298.689999999624,
    "website": "https://www.blogspot.ca"
}
{
    "domComplete": 1988.1050000003597,
    "domInteractive": 935.9349999995175,
    "nextHopProtocol": "h2",
    "responseStart": 172.73000000022876,
    "website": "https://www.google.dz"
}
{
    "domComplete": 36261.0650000006,
    "domInteractive": 10190.349999998944,
    "nextHopProtocol": "h2",
    "responseStart": 383.64000000001397,
    "website": "https://www.elwatannews.com"
}
{
    "domComplete": 14303.160000001299,
    "domInteractive": 4343.740000000253,
    "nextHopProtocol": "h2",
    "responseStart": 269.8049999999057,
    "website": "https://www.iherb.com"
}
{
    "domComplete": 2487.8399999997782,
    "domInteractive": 1003.1399999988935,
    "nextHopProtocol": "h2",
    "responseStart": 163.2049999989249,
    "website": "https://www.google.com.pe"
}
{
    "domComplete": 7987.230000000636,
    "domInteractive": 2809.499999999389,
    "nextHopProtocol": "h2",
    "responseStart": 53.28000000008615,
    "website": "https://www.clarin.com"
}
{
    "domComplete": 18027.68499999911,
    "domInteractive": 5719.97999999985,
    "nextHopProtocol": "h2",
    "responseStart": 1976.6099999997095,
    "website": "https://www.cell.com"
}
{
    "domComplete": 3282.6249999998254,
    "domInteractive": 3238.7550000003102,
    "nextHopProtocol": "h2",
    "responseStart": 1277.1250000005239,
    "website": "https://www.blogspot.de"
}
{
    "domComplete": 9220.774999999776,
    "domInteractive": 4007.480000000214,
    "nextHopProtocol": "h2",
    "responseStart": 904.435000000376,
    "website": "https://www.cloudinary.com"
}
{
    "domComplete": 2959.7050000011222,
    "domInteractive": 1724.6350000004895,
    "nextHopProtocol": "h2",
    "responseStart": 774.279999999635,
    "website": "https://www.athemes.com"
}
{
    "domComplete": 2171.1149999991903,
    "domInteractive": 1022.1399999991263,
    "nextHopProtocol": "h2",
    "responseStart": 261.9649999996909,
    "website": "https://www.about.google"
}
{
    "domComplete": 2048.800000000483,
    "domInteractive": 693.0050000009942,
    "nextHopProtocol": "h2",
    "responseStart": 181.53499999971245,
    "website": "https://www.google.pt"
}
{
    "domComplete": 6508.264999998573,
    "domInteractive": 2021.5699999989738,
    "nextHopProtocol": "h2",
    "responseStart": 205.30999999937194,
    "website": "https://www.pdfdrive.com"
}
{
    "domComplete": 2311.260000000402,
    "domInteractive": 789.4799999994575,
    "nextHopProtocol": "h2",
    "responseStart": 112.34499999955005,
    "website": "https://www.google.com.co"
}
{
    "domComplete": 5673.554999999396,
    "domInteractive": 2700.4550000001473,
    "nextHopProtocol": "h2",
    "responseStart": 780.4899999991903,
    "website": "https://www.000webhost.com"
}
{
    "domComplete": 6920.129999998608,
    "domInteractive": 3203.5999999989144,
    "nextHopProtocol": "h2",
    "responseStart": 1187.1349999983067,
    "website": "https://www.v2ex.com"
}
{
    "domComplete": 2448.935000000347,
    "domInteractive": 1514.5949999987351,
    "nextHopProtocol": "h2",
    "responseStart": 193.33000000005995,
    "website": "https://www.boutell.co.uk"
}
{
    "domComplete": 3817.1849999998813,
    "domInteractive": 2248.3400000000984,
    "nextHopProtocol": "h2",
    "responseStart": 764.3000000007305,
    "website": "https://www.boingboing.net"
}
{
    "domComplete": 2310.5850000010832,
    "domInteractive": 748.0100000011589,
    "nextHopProtocol": "h2",
    "responseStart": 211.5700000013021,
    "website": "https://www.google.se"
}
{
    "domComplete": 8969.700000001467,
    "domInteractive": 3080.3500000001804,
    "nextHopProtocol": "h2",
    "responseStart": 513.1799999999203,
    "website": "https://www.transferwise.com"
}
{
    "domComplete": 4074.529999999868,
    "domInteractive": 1769.1599999998289,
    "nextHopProtocol": "h2",
    "responseStart": 574.0999999998166,
    "website": "https://www.buffer.com"
}
{
    "domComplete": 810.6299999999464,
    "domInteractive": 284.5999999990454,
    "nextHopProtocol": "h2",
    "responseStart": 83.51000000038766,
    "website": "https://www.codepen.io"
}
{
    "domComplete": 2338.7650000004214,
    "domInteractive": 2267.644999999902,
    "nextHopProtocol": "h2",
    "responseStart": 228.5649999994348,
    "website": "https://www.macrumors.com"
}
{
    "domComplete": 2271.215000000666,
    "domInteractive": 2086.395000000266,
    "nextHopProtocol": "h2",
    "responseStart": 1255.670000000464,
    "website": "https://www.blogspot.com.es"
}
{
    "domComplete": 1926.6950000001088,
    "domInteractive": 754.3300000015734,
    "nextHopProtocol": "h2",
    "responseStart": 253.24000000000524,
    "website": "https://www.google.ae"
}
{
    "domComplete": 1711.4149999997608,
    "domInteractive": 1511.6500000003725,
    "nextHopProtocol": "h2",
    "responseStart": 942.8549999993265,
    "website": "https://www.blogspot.fr"
}
{
    "domComplete": 4000.880000001416,
    "domInteractive": 2253.4599999999045,
    "nextHopProtocol": "h2",
    "responseStart": 498.17000000075495,
    "website": "https://www.arduino.cc"
}
{
    "domComplete": 6212.970000000496,
    "domInteractive": 2020.6899999993766,
    "nextHopProtocol": "h2",
    "responseStart": 188.47500000083528,
    "website": "https://www.hamariweb.com"
}
{
    "domComplete": 8785.514999999577,
    "domInteractive": 3566.2350000002334,
    "nextHopProtocol": "h2",
    "responseStart": 474.2649999989226,
    "website": "https://www.atlasobscura.com"
}
{
    "domComplete": 2213.3649999996123,
    "domInteractive": 978.2649999997375,
    "nextHopProtocol": "h2",
    "responseStart": 455.5149999996502,
    "website": "https://www.google.hu"
}
{
    "domComplete": 8254.114999999729,
    "domInteractive": 1291.575000001103,
    "nextHopProtocol": "h2",
    "responseStart": 294.8800000012852,
    "website": "https://www.nerdwallet.com"
}
{
    "domComplete": 1065.309999999954,
    "domInteractive": 1002.2100000005594,
    "nextHopProtocol": "h2",
    "responseStart": 76.33499999974447,
    "website": "https://www.lifehack.org"
}
{
    "domComplete": 3524.4500000007974,
    "domInteractive": 1719.360000000961,
    "nextHopProtocol": "h2",
    "responseStart": 509.2100000001665,
    "website": "https://www.mass.gov"
}
{
    "domComplete": 1482.8299999990122,
    "domInteractive": 760.8099999997648,
    "nextHopProtocol": "h2",
    "responseStart": 194.099999998798,
    "website": "https://www.google.co.il"
}
{
    "domComplete": 4312.200000000303,
    "domInteractive": 2251.540000001114,
    "nextHopProtocol": "h2",
    "responseStart": 1186.50499999967,
    "website": "https://www.hubspot.net"
}
{
    "domComplete": 4690.065000000686,
    "domInteractive": 1505.4799999998068,
    "nextHopProtocol": "h2",
    "responseStart": 1140.625,
    "website": "https://www.thinkwithgoogle.com"
}
{
    "domComplete": 259.2750000003434,
    "domInteractive": 259.2000000004191,
    "nextHopProtocol": "h2",
    "responseStart": 195.2049999999872,
    "website": "https://www.recaptcha.net"
}
{
    "domComplete": 7756.970000000365,
    "domInteractive": 2002.2699999990436,
    "nextHopProtocol": "h2",
    "responseStart": 639.3950000001496,
    "website": "https://www.wireshark.org"
}
{
    "domComplete": 997.3200000003999,
    "domInteractive": 991.1400000000867,
    "nextHopProtocol": "h2",
    "responseStart": 439.90499999927124,
    "website": "https://www.chromium.org"
}
{
    "domComplete": 1244.4350000005215,
    "domInteractive": 641.9750000004569,
    "nextHopProtocol": "h2",
    "responseStart": 234.89499999959662,
    "website": "https://www.google.cz"
}
{
    "domComplete": 1534.2450000007375,
    "domInteractive": 566.2800000009156,
    "nextHopProtocol": "h2",
    "responseStart": 216.48000000095635,
    "website": "https://www.google.ie"
}
{
    "domComplete": 1270.379999999932,
    "domInteractive": 862.3650000008638,
    "nextHopProtocol": "h2",
    "responseStart": 515.7400000007328,
    "website": "https://www.retailmenot.com"
}
{
    "domComplete": 2062.930000000051,
    "domInteractive": 1750.1700000011624,
    "nextHopProtocol": "h2",
    "responseStart": 224.6450000002369,
    "website": "https://www.sciencealert.com"
}
{
    "domComplete": 6995.6400000010035,
    "domInteractive": 2505.395000000135,
    "nextHopProtocol": "h2",
    "responseStart": 676.354999999603,
    "website": "https://www.propublica.org"
}
{
    "domComplete": 14305.365000000165,
    "domInteractive": 4219.450000000506,
    "nextHopProtocol": "h2",
    "responseStart": 520.104999999603,
    "website": "https://www.sabq.org"
}
{
    "domComplete": 12189.555000000837,
    "domInteractive": 2991.3649999998597,
    "nextHopProtocol": "h2",
    "responseStart": 276.7949999997654,
    "website": "https://www.rd.com"
}
{
    "domComplete": 3662.500000000364,
    "domInteractive": 2438.914999998815,
    "nextHopProtocol": "h2",
    "responseStart": 849.4399999999587,
    "website": "https://www.tawk.to"
}
{
    "domComplete": 3824.2799999989074,
    "domInteractive": 1044.6300000003248,
    "nextHopProtocol": "h2",
    "responseStart": 306.92999999882886,
    "website": "https://www.flightradar24.com"
}
{
    "domComplete": 3096.0850000010396,
    "domInteractive": 2833.9950000008685,
    "nextHopProtocol": "h2",
    "responseStart": 944.0950000007433,
    "website": "https://www.jkforum.net"
}
{
    "domComplete": 1410.809999999401,
    "domInteractive": 1380.6449999992765,
    "nextHopProtocol": "h2",
    "responseStart": 1141.0699999996723,
    "website": "https://www.blogspot.com.au"
}
{
    "domComplete": 451.1849999998958,
    "domInteractive": 419.9499999995169,
    "nextHopProtocol": "h2",
    "responseStart": 261.86000000052445,
    "website": "https://www.neobux.com"
}
{
    "domComplete": 1354.7799999996641,
    "domInteractive": 727.0749999988766,
    "nextHopProtocol": "h2",
    "responseStart": 362.56999999932304,
    "website": "https://www.lentainform.com"
}
{
    "domComplete": 1166.0099999990052,
    "domInteractive": 875.7800000003044,
    "nextHopProtocol": "h2",
    "responseStart": 83.11499999945227,
    "website": "https://www.rte.ie"
}
{
    "domComplete": 564.9649999995745,
    "domInteractive": 260.4749999991327,
    "nextHopProtocol": "h2",
    "responseStart": 130.77999999950407,
    "website": "https://www.google.dk"
}
{
    "domComplete": 3719.3200000001525,
    "domInteractive": 2462.859999999637,
    "nextHopProtocol": "h2",
    "responseStart": 1098.729999999705,
    "website": "https://www.ahajournals.org"
}
{
    "domComplete": 1036.7699999987963,
    "domInteractive": 706.239999999525,
    "nextHopProtocol": "h2",
    "responseStart": 329.5399999988149,
    "website": "https://www.ojooo.com"
}
{
    "domComplete": 745.6299999994371,
    "domInteractive": 684.9349999993137,
    "nextHopProtocol": "h2",
    "responseStart": 204.32000000073458,
    "website": "https://www.centrosenervida.com"
}
{
    "domComplete": 6864.9550000009185,
    "domInteractive": 1744.2699999992328,
    "nextHopProtocol": "h2",
    "responseStart": 1016.235000000961,
    "website": "https://www.andhrajyothy.com"
}
{
    "domComplete": 679.8550000003161,
    "domInteractive": 290.5900000005204,
    "nextHopProtocol": "h2",
    "responseStart": 122.96000000060303,
    "website": "https://www.google.bg"
}
{
    "domComplete": 251.9849999989674,
    "domInteractive": 89.39999999893189,
    "nextHopProtocol": "h2",
    "responseStart": 58.46500000006927,
    "website": "https://www.creativemarket.com"
}
{
    "domComplete": 193.80499999897438,
    "domInteractive": 181.5599999990809,
    "nextHopProtocol": "h2",
    "responseStart": 89.2199999998411,
    "website": "https://www.socialblade.com"
}
{
    "domComplete": 455.4150000003574,
    "domInteractive": 363.2849999994505,
    "nextHopProtocol": "h2",
    "responseStart": 79.99500000005355,
    "website": "https://www.yoast.com"
}
{
    "domComplete": 560.6250000000728,
    "domInteractive": 267.744999999195,
    "nextHopProtocol": "h2",
    "responseStart": 126.30999999964843,
    "website": "https://www.google.sk"
}
{
    "domComplete": 2754.205000001093,
    "domInteractive": 696.5450000006967,
    "nextHopProtocol": "h2",
    "responseStart": 417.62500000004366,
    "website": "https://www.chinatimes.com"
}
{
    "domComplete": 234.51999999997497,
    "domInteractive": 98.02500000114378,
    "nextHopProtocol": "h2",
    "responseStart": 53.85500000011234,
    "website": "https://www.toppr.com"
}
{
    "domComplete": 2283.9700000004086,
    "domInteractive": 981.9600000009814,
    "nextHopProtocol": "h2",
    "responseStart": 63.38500000128988,
    "website": "https://www.useinsider.com"
}
{
    "domComplete": 1423.929999999018,
    "domInteractive": 1363.6900000001333,
    "nextHopProtocol": "h2",
    "responseStart": 1148.6349999995582,
    "website": "https://www.blogspot.it"
}
{
    "domComplete": 156.18999999969674,
    "domInteractive": 156.05000000141445,
    "nextHopProtocol": "h2",
    "responseStart": 107.86499999994703,
    "website": "https://www.page.link"
}
{
    "domComplete": 512.7549999997427,
    "domInteractive": 214.46999999898253,
    "nextHopProtocol": "h2",
    "responseStart": 103.18999999981315,
    "website": "https://www.google.fi"
}
{
    "domComplete": 1156.0950000002777,
    "domInteractive": 302.57499999970605,
    "nextHopProtocol": "h2",
    "responseStart": 76.35500000105822,
    "website": "https://www.templatemonster.com"
}
{
    "domComplete": 2770.8999999995285,
    "domInteractive": 792.0949999988807,
    "nextHopProtocol": "h2",
    "responseStart": 103.95000000062282,
    "website": "https://www.news24.com"
}
{
    "domComplete": 2489.994999999908,
    "domInteractive": 676.4649999986432,
    "nextHopProtocol": "h2",
    "responseStart": 547.0149999982823,
    "website": "https://www.udacity.com"
}
{
    "domComplete": 1103.83499999989,
    "domInteractive": 726.6449999988254,
    "nextHopProtocol": "h2",
    "responseStart": 164.6549999986746,
    "website": "https://www.e-recht24.de"
}
{
    "domComplete": 249.8649999997724,
    "domInteractive": 160.23499999937485,
    "nextHopProtocol": "h2",
    "responseStart": 63.94499999987602,
    "website": "https://www.encyclopedia.com"
}
{
    "domComplete": 3189.795000000231,
    "domInteractive": 828.4050000002026,
    "nextHopProtocol": "h2",
    "responseStart": 190.15000000035798,
    "website": "https://www.crhoy.com"
}
{
    "domComplete": 5339.035000000877,
    "domInteractive": 2342.800000000352,
    "nextHopProtocol": "h2",
    "responseStart": 1371.6150000000198,
    "website": "https://www.sehatq.com"
}
{
    "domComplete": 935.3950000004261,
    "domInteractive": 493.59999999978754,
    "nextHopProtocol": "h2",
    "responseStart": 152.43000000009488,
    "website": "https://www.google.co.nz"
}
{
    "domComplete": 1833.1399999988207,
    "domInteractive": 694.6849999985716,
    "nextHopProtocol": "h2",
    "responseStart": 214.1299999984767,
    "website": "https://www.lotterypost.com"
}
{
    "domComplete": 679.534999999305,
    "domInteractive": 343.10499999992317,
    "nextHopProtocol": "h2",
    "responseStart": 120.1149999997142,
    "website": "https://www.google.hr"
}
{
    "domComplete": 549.829999999929,
    "domInteractive": 233.91500000070664,
    "nextHopProtocol": "h2",
    "responseStart": 113.58000000109314,
    "website": "https://www.google.rs"
}
{
    "domComplete": 349.1749999993772,
    "domInteractive": 181.23999999988882,
    "nextHopProtocol": "h2",
    "responseStart": 101.06500000074448,
    "website": "https://www.google.lk"
}
{
    "domComplete": 7500.840000000608,
    "domInteractive": 706.5099999999802,
    "nextHopProtocol": "h2",
    "responseStart": 58.7599999998929,
    "website": "https://www.geekwire.com"
}
{
    "domComplete": 3628.15000000046,
    "domInteractive": 764.5200000006298,
    "nextHopProtocol": "h2",
    "responseStart": 111.28500000086206,
    "website": "https://www.dikaiologitika.gr"
}
