https://www.gamefront.com: {
    "http_version": "2",
    "remote_ip": "104.25.20.97",
    "remote_port": "443",
    "status": "ok",
    "time_appconnect": "0.064997",
    "time_connect": "0.020855",
    "time_namelookup": "0.005953",
    "time_pretransfer": "0.065130",
    "time_redirect": "0.000000",
    "time_starttransfer": "3.046363",
    "time_total": "3.068597",
    "website": "https://www.gamefront.com"
}
https://www.google.li: {
    "http_version": "2",
    "remote_ip": "216.58.212.131",
    "remote_port": "443",
    "status": "ok",
    "time_appconnect": "0.040482",
    "time_connect": "0.019491",
    "time_namelookup": "0.017144",
    "time_pretransfer": "0.040570",
    "time_redirect": "0.000000",
    "time_starttransfer": "0.082352",
    "time_total": "0.082747",
    "website": "https://www.google.li"
}
https://www.sefon.pro: {
    "http_version": "2",
    "remote_ip": "104.27.160.27",
    "remote_port": "443",
    "status": "ok",
    "time_appconnect": "0.048498",
    "time_connect": "0.016257",
    "time_namelookup": "0.005406",
    "time_pretransfer": "0.048631",
    "time_redirect": "0.000000",
    "time_starttransfer": "0.068175",
    "time_total": "0.068281",
    "website": "https://www.sefon.pro"
}
https://www.internetlivestats.com: {
    "http_version": "2",
    "remote_ip": "170.249.202.148",
    "remote_port": "443",
    "status": "ok",
    "time_appconnect": "0.342343",
    "time_connect": "0.219264",
    "time_namelookup": "0.112350",
    "time_pretransfer": "0.342449",
    "time_redirect": "0.000000",
    "time_starttransfer": "0.467229",
    "time_total": "0.572089",
    "website": "https://www.internetlivestats.com"
}
https://www.google.ad: {
    "http_version": "2",
    "remote_ip": "216.58.207.67",
    "remote_port": "443",
    "status": "ok",
    "time_appconnect": "0.076617",
    "time_connect": "0.057837",
    "time_namelookup": "0.056517",
    "time_pretransfer": "0.076735",
    "time_redirect": "0.000000",
    "time_starttransfer": "0.116738",
    "time_total": "0.117029",
    "website": "https://www.google.ad"
}
https://www.tecnoblog.net: {
    "http_version": "2",
    "remote_ip": "172.67.70.69",
    "remote_port": "443",
    "status": "ok",
    "time_appconnect": "0.046262",
    "time_connect": "0.022804",
    "time_namelookup": "0.013979",
    "time_pretransfer": "0.046424",
    "time_redirect": "0.000000",
    "time_starttransfer": "0.228395",
    "time_total": "0.228452",
    "website": "https://www.tecnoblog.net"
}
https://www.familydoctor.org: {
    "http_version": "2",
    "remote_ip": "104.26.5.45",
    "remote_port": "443",
    "status": "ok",
    "time_appconnect": "0.032301",
    "time_connect": "0.011038",
    "time_namelookup": "0.009964",
    "time_pretransfer": "0.032580",
    "time_redirect": "0.000000",
    "time_starttransfer": "0.868039",
    "time_total": "0.868121",
    "website": "https://www.familydoctor.org"
}
https://www.oceanwp.org: {
    "http_version": "2",
    "remote_ip": "172.67.184.56",
    "remote_port": "443",
    "status": "ok",
    "time_appconnect": "0.037396",
    "time_connect": "0.015674",
    "time_namelookup": "0.005743",
    "time_pretransfer": "0.037535",
    "time_redirect": "0.000000",
    "time_starttransfer": "0.344306",
    "time_total": "0.344359",
    "website": "https://www.oceanwp.org"
}
https://www.google.co.mz: {
    "http_version": "2",
    "remote_ip": "172.217.22.99",
    "remote_port": "443",
    "status": "ok",
    "time_appconnect": "0.043297",
    "time_connect": "0.015178",
    "time_namelookup": "0.013350",
    "time_pretransfer": "0.043402",
    "time_redirect": "0.000000",
    "time_starttransfer": "0.090221",
    "time_total": "0.090641",
    "website": "https://www.google.co.mz"
}
https://www.staples.ca: {
    "http_version": "2",
    "remote_ip": "23.227.38.74",
    "remote_port": "443",
    "status": "ok",
    "time_appconnect": "0.047231",
    "time_connect": "0.030884",
    "time_namelookup": "0.029775",
    "time_pretransfer": "0.047338",
    "time_redirect": "0.000000",
    "time_starttransfer": "0.307910",
    "time_total": "0.330672",
    "website": "https://www.staples.ca"
}
https://www.google.co.bw: {
    "http_version": "2",
    "remote_ip": "172.217.23.131",
    "remote_port": "443",
    "status": "ok",
    "time_appconnect": "0.033696",
    "time_connect": "0.013880",
    "time_namelookup": "0.010965",
    "time_pretransfer": "0.033824",
    "time_redirect": "0.000000",
    "time_starttransfer": "0.076508",
    "time_total": "0.076791",
    "website": "https://www.google.co.bw"
}
https://www.google.com.cy: {
    "http_version": "2",
    "remote_ip": "172.217.23.163",
    "remote_port": "443",
    "status": "ok",
    "time_appconnect": "0.034035",
    "time_connect": "0.015134",
    "time_namelookup": "0.013661",
    "time_pretransfer": "0.034131",
    "time_redirect": "0.000000",
    "time_starttransfer": "0.077775",
    "time_total": "0.078913",
    "website": "https://www.google.com.cy"
}
https://www.publicintegrity.org: {
    "http_version": "2",
    "remote_ip": "104.20.254.153",
    "remote_port": "443",
    "status": "ok",
    "time_appconnect": "0.025402",
    "time_connect": "0.008650",
    "time_namelookup": "0.007617",
    "time_pretransfer": "0.025529",
    "time_redirect": "0.000000",
    "time_starttransfer": "0.046117",
    "time_total": "0.046175",
    "website": "https://www.publicintegrity.org"
}
https://www.tamildhool.net: {
    "http_version": "2",
    "remote_ip": "172.67.73.187",
    "remote_port": "443",
    "status": "ok",
    "time_appconnect": "0.040248",
    "time_connect": "0.017767",
    "time_namelookup": "0.009219",
    "time_pretransfer": "0.040362",
    "time_redirect": "0.000000",
    "time_starttransfer": "0.077138",
    "time_total": "0.144124",
    "website": "https://www.tamildhool.net"
}
https://www.google.co.ug: {
    "http_version": "2",
    "remote_ip": "172.217.18.163",
    "remote_port": "443",
    "status": "ok",
    "time_appconnect": "0.065476",
    "time_connect": "0.042510",
    "time_namelookup": "0.037507",
    "time_pretransfer": "0.065703",
    "time_redirect": "0.000000",
    "time_starttransfer": "0.111185",
    "time_total": "0.111775",
    "website": "https://www.google.co.ug"
}
https://www.google.com.gh: {
    "http_version": "2",
    "remote_ip": "216.58.205.227",
    "remote_port": "443",
    "status": "ok",
    "time_appconnect": "0.035457",
    "time_connect": "0.012723",
    "time_namelookup": "0.011119",
    "time_pretransfer": "0.035561",
    "time_redirect": "0.000000",
    "time_starttransfer": "0.074904",
    "time_total": "0.075152",
    "website": "https://www.google.com.gh"
}
https://www.applvn.com: {
    "http_version": "2",
    "remote_ip": "141.193.213.20",
    "remote_port": "443",
    "status": "ok",
    "time_appconnect": "0.028306",
    "time_connect": "0.012775",
    "time_namelookup": "0.010665",
    "time_pretransfer": "0.028422",
    "time_redirect": "0.000000",
    "time_starttransfer": "0.215635",
    "time_total": "0.215720",
    "website": "https://www.applvn.com"
}
https://www.iisd.org: {
    "http_version": "2",
    "remote_ip": "104.22.20.107",
    "remote_port": "443",
    "status": "ok",
    "time_appconnect": "0.034532",
    "time_connect": "0.008694",
    "time_namelookup": "0.007849",
    "time_pretransfer": "0.034684",
    "time_redirect": "0.000000",
    "time_starttransfer": "0.519121",
    "time_total": "0.666441",
    "website": "https://www.iisd.org"
}
https://www.specialized.com: {
    "http_version": "2",
    "remote_ip": "104.17.51.5",
    "remote_port": "443",
    "status": "ok",
    "time_appconnect": "0.026245",
    "time_connect": "0.009132",
    "time_namelookup": "0.007913",
    "time_pretransfer": "0.026373",
    "time_redirect": "0.000000",
    "time_starttransfer": "0.162916",
    "time_total": "0.162981",
    "website": "https://www.specialized.com"
}
https://www.ttshow.tw: {
    "http_version": "2",
    "remote_ip": "172.67.70.78",
    "remote_port": "443",
    "status": "ok",
    "time_appconnect": "0.043175",
    "time_connect": "0.014916",
    "time_namelookup": "0.006271",
    "time_pretransfer": "0.043289",
    "time_redirect": "0.000000",
    "time_starttransfer": "0.866688",
    "time_total": "1.378843",
    "website": "https://www.ttshow.tw"
}
https://www.google.la: {
    "http_version": "2",
    "remote_ip": "216.58.207.67",
    "remote_port": "443",
    "status": "ok",
    "time_appconnect": "0.031043",
    "time_connect": "0.012276",
    "time_namelookup": "0.011385",
    "time_pretransfer": "0.031167",
    "time_redirect": "0.000000",
    "time_starttransfer": "0.079210",
    "time_total": "0.079617",
    "website": "https://www.google.la"
}
https://www.google.mg: {
    "http_version": "2",
    "remote_ip": "172.217.18.3",
    "remote_port": "443",
    "status": "ok",
    "time_appconnect": "0.043331",
    "time_connect": "0.025318",
    "time_namelookup": "0.023634",
    "time_pretransfer": "0.043468",
    "time_redirect": "0.000000",
    "time_starttransfer": "0.082695",
    "time_total": "0.082955",
    "website": "https://www.google.mg"
}
https://www.blogspot.ro: {
    "http_version": "2",
    "remote_ip": "172.217.22.41",
    "remote_port": "443",
    "status": "ok",
    "time_appconnect": "0.036047",
    "time_connect": "0.011153",
    "time_namelookup": "0.010581",
    "time_pretransfer": "0.036236",
    "time_redirect": "0.000000",
    "time_starttransfer": "0.606882",
    "time_total": "0.607014",
    "website": "https://www.blogspot.ro"
}
https://www.bostonmagazine.com: {
    "http_version": "2",
    "remote_ip": "104.18.2.164",
    "remote_port": "443",
    "status": "ok",
    "time_appconnect": "0.278004",
    "time_connect": "0.264223",
    "time_namelookup": "0.263470",
    "time_pretransfer": "0.278103",
    "time_redirect": "0.000000",
    "time_starttransfer": "1.144140",
    "time_total": "1.148168",
    "website": "https://www.bostonmagazine.com"
}
https://www.google.sn: {
    "http_version": "2",
    "remote_ip": "172.217.16.131",
    "remote_port": "443",
    "status": "ok",
    "time_appconnect": "0.032742",
    "time_connect": "0.013904",
    "time_namelookup": "0.012198",
    "time_pretransfer": "0.032856",
    "time_redirect": "0.000000",
    "time_starttransfer": "0.072928",
    "time_total": "0.073226",
    "website": "https://www.google.sn"
}
https://www.google.bs: {
    "http_version": "2",
    "remote_ip": "172.217.16.195",
    "remote_port": "443",
    "status": "ok",
    "time_appconnect": "0.029951",
    "time_connect": "0.012003",
    "time_namelookup": "0.010530",
    "time_pretransfer": "0.030040",
    "time_redirect": "0.000000",
    "time_starttransfer": "0.070098",
    "time_total": "0.070605",
    "website": "https://www.google.bs"
}
https://www.google.co.uz: {
    "http_version": "2",
    "remote_ip": "216.58.210.3",
    "remote_port": "443",
    "status": "ok",
    "time_appconnect": "0.036020",
    "time_connect": "0.017843",
    "time_namelookup": "0.016237",
    "time_pretransfer": "0.036125",
    "time_redirect": "0.000000",
    "time_starttransfer": "0.078609",
    "time_total": "0.079041",
    "website": "https://www.google.co.uz"
}
